2025-04-09 21:21:57,294 - INFO - Using Fast-NN Transformer model
2025-04-09 21:21:57,296 - INFO - Using device: cpu
2025-04-09 21:21:57,938 - INFO - Using device: cpu
2025-04-09 21:21:57,938 - INFO - 
Epoch 1/5
2025-04-09 21:21:57,938 - INFO - Current learning rate: 0.000100
2025-04-09 21:22:12,896 - INFO - Train Loss: 0.1442
2025-04-09 21:22:12,896 - INFO - Train Reg Loss: 105.4230
2025-04-09 21:22:12,896 - INFO - Test Loss: 0.0878
2025-04-09 21:22:12,896 - INFO - Test Reg Loss: 2041.4863
2025-04-09 21:22:12,910 - INFO - Saved new best model!
2025-04-09 21:22:12,910 - INFO - 
Epoch 2/5
2025-04-09 21:22:12,910 - INFO - Current learning rate: 0.000100
2025-04-09 21:22:28,113 - INFO - Train Loss: 0.0243
2025-04-09 21:22:28,113 - INFO - Train Reg Loss: 98.7433
2025-04-09 21:22:28,113 - INFO - Test Loss: 0.0445
2025-04-09 21:22:28,113 - INFO - Test Reg Loss: 1903.4438
2025-04-09 21:22:28,124 - INFO - Saved new best model!
2025-04-09 21:22:28,124 - INFO - 
Epoch 3/5
2025-04-09 21:22:28,124 - INFO - Current learning rate: 0.000100
2025-04-09 21:22:42,969 - INFO - Train Loss: 0.0178
2025-04-09 21:22:42,969 - INFO - Train Reg Loss: 91.8611
2025-04-09 21:22:42,969 - INFO - Test Loss: 0.0340
2025-04-09 21:22:42,969 - INFO - Test Reg Loss: 1767.0883
2025-04-09 21:22:42,980 - INFO - Saved new best model!
2025-04-09 21:22:42,980 - INFO - 
Epoch 4/5
2025-04-09 21:22:42,980 - INFO - Current learning rate: 0.000100
2025-04-09 21:22:57,994 - INFO - Train Loss: 0.0175
2025-04-09 21:22:57,994 - INFO - Train Reg Loss: 85.2105
2025-04-09 21:22:57,994 - INFO - Test Loss: 0.0362
2025-04-09 21:22:57,994 - INFO - Test Reg Loss: 1637.3566
2025-04-09 21:22:57,994 - INFO - 
Epoch 5/5
2025-04-09 21:22:57,994 - INFO - Current learning rate: 0.000100
2025-04-09 21:23:13,313 - INFO - Train Loss: 0.0138
2025-04-09 21:23:13,313 - INFO - Train Reg Loss: 79.1415
2025-04-09 21:23:13,313 - INFO - Test Loss: 0.0323
2025-04-09 21:23:13,313 - INFO - Test Reg Loss: 1520.0618
2025-04-09 21:23:13,323 - INFO - Saved new best model!
2025-04-09 21:23:13,338 - INFO - 
Evaluating model on test set...
