2025-04-08 20:14:53,656 - INFO - Using standard Transformer model
2025-04-08 20:14:53,656 - INFO - Using device: cpu
2025-04-08 20:14:54,079 - INFO - Using device: cpu
2025-04-08 20:14:54,079 - INFO - 
Epoch 1/10
2025-04-08 20:14:54,079 - INFO - Current learning rate: 0.000100
2025-04-08 20:14:54,882 - INFO - Train Loss: 0.7590
2025-04-08 20:14:54,883 - INFO - Test Loss: 0.2523
2025-04-08 20:14:54,894 - INFO - Saved new best model!
2025-04-08 20:14:54,894 - INFO - 
Epoch 2/10
2025-04-08 20:14:54,894 - INFO - Current learning rate: 0.000100
2025-04-08 20:14:55,656 - INFO - Train Loss: 0.1149
2025-04-08 20:14:55,656 - INFO - Test Loss: 0.1762
2025-04-08 20:14:55,664 - INFO - Saved new best model!
2025-04-08 20:14:55,665 - INFO - 
Epoch 3/10
2025-04-08 20:14:55,665 - INFO - Current learning rate: 0.000100
2025-04-08 20:14:56,425 - INFO - Train Loss: 0.0368
2025-04-08 20:14:56,425 - INFO - Test Loss: 0.0766
2025-04-08 20:14:56,433 - INFO - Saved new best model!
2025-04-08 20:14:56,433 - INFO - 
Epoch 4/10
2025-04-08 20:14:56,433 - INFO - Current learning rate: 0.000100
2025-04-08 20:14:57,200 - INFO - Train Loss: 0.0331
2025-04-08 20:14:57,200 - INFO - Test Loss: 0.0975
2025-04-08 20:14:57,200 - INFO - 
Epoch 5/10
2025-04-08 20:14:57,200 - INFO - Current learning rate: 0.000100
2025-04-08 20:14:58,228 - INFO - Train Loss: 0.0225
2025-04-08 20:14:58,228 - INFO - Test Loss: 0.0969
2025-04-08 20:14:58,228 - INFO - 
Epoch 6/10
2025-04-08 20:14:58,228 - INFO - Current learning rate: 0.000100
2025-04-08 20:14:59,635 - INFO - Train Loss: 0.0239
2025-04-08 20:14:59,635 - INFO - Test Loss: 0.0859
2025-04-08 20:14:59,635 - INFO - 
Epoch 7/10
2025-04-08 20:14:59,636 - INFO - Current learning rate: 0.000099
2025-04-08 20:15:00,615 - INFO - Train Loss: 0.0224
2025-04-08 20:15:00,615 - INFO - Test Loss: 0.1001
2025-04-08 20:15:00,615 - INFO - 
Epoch 8/10
2025-04-08 20:15:00,615 - INFO - Current learning rate: 0.000099
2025-04-08 20:15:01,388 - INFO - Train Loss: 0.0185
2025-04-08 20:15:01,388 - INFO - Test Loss: 0.0891
2025-04-08 20:15:01,388 - INFO - 
Epoch 9/10
2025-04-08 20:15:01,388 - INFO - Current learning rate: 0.000099
2025-04-08 20:15:02,161 - INFO - Train Loss: 0.0160
2025-04-08 20:15:02,162 - INFO - Test Loss: 0.1105
2025-04-08 20:15:02,162 - INFO - 
Epoch 10/10
2025-04-08 20:15:02,162 - INFO - Current learning rate: 0.000099
2025-04-08 20:15:02,930 - INFO - Train Loss: 0.0202
2025-04-08 20:15:02,930 - INFO - Test Loss: 0.0890
2025-04-08 20:15:02,939 - INFO - 
Evaluating model on test set...
2025-04-08 20:15:08,925 - INFO - Final Metrics - MAE: 2.3130, RMSE: 2.7701, R²: 0.7794
