2025-04-08 20:24:38,779 - INFO - Using Fast-NN Transformer model
2025-04-08 20:24:38,779 - INFO - Using device: cpu
2025-04-08 20:24:39,368 - INFO - Using device: cpu
2025-04-08 20:24:39,368 - INFO - 
Epoch 1/10
2025-04-08 20:24:39,368 - INFO - Current learning rate: 0.000100
2025-04-08 20:24:40,928 - INFO - Train Loss: 0.5125
2025-04-08 20:24:40,928 - INFO - Train Reg Loss: 1.8174
2025-04-08 20:24:40,928 - INFO - Test Loss: 0.1557
2025-04-08 20:24:40,928 - INFO - Test Reg Loss: 1.8157
2025-04-08 20:24:40,963 - INFO - Saved new best model!
2025-04-08 20:24:40,963 - INFO - 
Epoch 2/10
2025-04-08 20:24:40,963 - INFO - Current learning rate: 0.000100
2025-04-08 20:24:42,511 - INFO - Train Loss: 0.0899
2025-04-08 20:24:42,511 - INFO - Train Reg Loss: 1.9502
2025-04-08 20:24:42,511 - INFO - Test Loss: 0.2672
2025-04-08 20:24:42,511 - INFO - Test Reg Loss: 1.9484
2025-04-08 20:24:42,511 - INFO - 
Epoch 3/10
2025-04-08 20:24:42,511 - INFO - Current learning rate: 0.000100
2025-04-08 20:24:44,123 - INFO - Train Loss: 0.0512
2025-04-08 20:24:44,123 - INFO - Train Reg Loss: 2.0620
2025-04-08 20:24:44,123 - INFO - Test Loss: 0.1227
2025-04-08 20:24:44,123 - INFO - Test Reg Loss: 2.0602
2025-04-08 20:24:44,139 - INFO - Saved new best model!
2025-04-08 20:24:44,139 - INFO - 
Epoch 4/10
2025-04-08 20:24:44,139 - INFO - Current learning rate: 0.000100
2025-04-08 20:24:45,685 - INFO - Train Loss: 0.0316
2025-04-08 20:24:45,685 - INFO - Train Reg Loss: 2.1642
2025-04-08 20:24:45,685 - INFO - Test Loss: 0.0885
2025-04-08 20:24:45,685 - INFO - Test Reg Loss: 2.1624
2025-04-08 20:24:45,702 - INFO - Saved new best model!
2025-04-08 20:24:45,702 - INFO - 
Epoch 5/10
2025-04-08 20:24:45,702 - INFO - Current learning rate: 0.000100
2025-04-08 20:24:47,258 - INFO - Train Loss: 0.0232
2025-04-08 20:24:47,258 - INFO - Train Reg Loss: 2.2743
2025-04-08 20:24:47,258 - INFO - Test Loss: 0.0838
2025-04-08 20:24:47,258 - INFO - Test Reg Loss: 2.2721
2025-04-08 20:24:47,273 - INFO - Saved new best model!
2025-04-08 20:24:47,273 - INFO - 
Epoch 6/10
2025-04-08 20:24:47,273 - INFO - Current learning rate: 0.000100
2025-04-08 20:24:48,826 - INFO - Train Loss: 0.0245
2025-04-08 20:24:48,826 - INFO - Train Reg Loss: 2.3945
2025-04-08 20:24:48,826 - INFO - Test Loss: 0.0903
2025-04-08 20:24:48,826 - INFO - Test Reg Loss: 2.3921
2025-04-08 20:24:48,826 - INFO - 
Epoch 7/10
2025-04-08 20:24:48,826 - INFO - Current learning rate: 0.000099
2025-04-08 20:24:50,383 - INFO - Train Loss: 0.0215
2025-04-08 20:24:50,383 - INFO - Train Reg Loss: 2.5371
2025-04-08 20:24:50,383 - INFO - Test Loss: 0.0870
2025-04-08 20:24:50,383 - INFO - Test Reg Loss: 2.5342
2025-04-08 20:24:50,383 - INFO - 
Epoch 8/10
2025-04-08 20:24:50,383 - INFO - Current learning rate: 0.000099
2025-04-08 20:24:51,929 - INFO - Train Loss: 0.0213
2025-04-08 20:24:51,929 - INFO - Train Reg Loss: 2.7035
2025-04-08 20:24:51,929 - INFO - Test Loss: 0.0898
2025-04-08 20:24:51,929 - INFO - Test Reg Loss: 2.7000
2025-04-08 20:24:51,929 - INFO - 
Epoch 9/10
2025-04-08 20:24:51,929 - INFO - Current learning rate: 0.000099
2025-04-08 20:24:53,475 - INFO - Train Loss: 0.0209
2025-04-08 20:24:53,475 - INFO - Train Reg Loss: 2.8150
2025-04-08 20:24:53,475 - INFO - Test Loss: 0.0920
2025-04-08 20:24:53,475 - INFO - Test Reg Loss: 2.8118
2025-04-08 20:24:53,475 - INFO - 
Epoch 10/10
2025-04-08 20:24:53,475 - INFO - Current learning rate: 0.000099
2025-04-08 20:24:55,048 - INFO - Train Loss: 0.0189
2025-04-08 20:24:55,048 - INFO - Train Reg Loss: 2.9244
2025-04-08 20:24:55,048 - INFO - Test Loss: 0.0885
2025-04-08 20:24:55,048 - INFO - Test Reg Loss: 2.9184
2025-04-08 20:24:55,086 - INFO - 
Evaluating model on test set...
