2025-04-08 20:15:17,102 - INFO - Using Fast-NN Transformer model
2025-04-08 20:15:17,103 - INFO - Using device: cpu
2025-04-08 20:15:17,677 - INFO - Using device: cpu
2025-04-08 20:15:17,677 - INFO - 
Epoch 1/10
2025-04-08 20:15:17,677 - INFO - Current learning rate: 0.000100
2025-04-08 20:15:18,877 - INFO - Train Loss: 0.5663
2025-04-08 20:15:18,877 - INFO - Train Reg Loss: 1.5545
2025-04-08 20:15:18,877 - INFO - Test Loss: 0.0732
2025-04-08 20:15:18,877 - INFO - Test Reg Loss: 1.5532
2025-04-08 20:15:18,902 - INFO - Saved new best model!
2025-04-08 20:15:18,903 - INFO - 
Epoch 2/10
2025-04-08 20:15:18,903 - INFO - Current learning rate: 0.000100
2025-04-08 20:15:19,865 - INFO - Train Loss: 0.0812
2025-04-08 20:15:19,865 - INFO - Train Reg Loss: 1.6755
2025-04-08 20:15:19,865 - INFO - Test Loss: 0.1777
2025-04-08 20:15:19,865 - INFO - Test Reg Loss: 1.6736
2025-04-08 20:15:19,866 - INFO - 
Epoch 3/10
2025-04-08 20:15:19,866 - INFO - Current learning rate: 0.000100
2025-04-08 20:15:20,771 - INFO - Train Loss: 0.0450
2025-04-08 20:15:20,771 - INFO - Train Reg Loss: 1.8100
2025-04-08 20:15:20,771 - INFO - Test Loss: 0.1141
2025-04-08 20:15:20,771 - INFO - Test Reg Loss: 1.8079
2025-04-08 20:15:20,771 - INFO - 
Epoch 4/10
2025-04-08 20:15:20,771 - INFO - Current learning rate: 0.000100
2025-04-08 20:15:21,634 - INFO - Train Loss: 0.0289
2025-04-08 20:15:21,634 - INFO - Train Reg Loss: 1.9419
2025-04-08 20:15:21,634 - INFO - Test Loss: 0.0955
2025-04-08 20:15:21,635 - INFO - Test Reg Loss: 1.9397
2025-04-08 20:15:21,635 - INFO - 
Epoch 5/10
2025-04-08 20:15:21,635 - INFO - Current learning rate: 0.000100
2025-04-08 20:15:22,497 - INFO - Train Loss: 0.0224
2025-04-08 20:15:22,497 - INFO - Train Reg Loss: 2.0872
2025-04-08 20:15:22,497 - INFO - Test Loss: 0.0880
2025-04-08 20:15:22,497 - INFO - Test Reg Loss: 2.0848
2025-04-08 20:15:22,497 - INFO - 
Epoch 6/10
2025-04-08 20:15:22,497 - INFO - Current learning rate: 0.000100
2025-04-08 20:15:23,326 - INFO - Train Loss: 0.0188
2025-04-08 20:15:23,326 - INFO - Train Reg Loss: 2.2359
2025-04-08 20:15:23,326 - INFO - Test Loss: 0.0852
2025-04-08 20:15:23,326 - INFO - Test Reg Loss: 2.2328
2025-04-08 20:15:23,326 - INFO - 
Epoch 7/10
2025-04-08 20:15:23,326 - INFO - Current learning rate: 0.000099
2025-04-08 20:15:24,109 - INFO - Train Loss: 0.0182
2025-04-08 20:15:24,109 - INFO - Train Reg Loss: 2.4383
2025-04-08 20:15:24,109 - INFO - Test Loss: 0.0877
2025-04-08 20:15:24,109 - INFO - Test Reg Loss: 2.4350
2025-04-08 20:15:24,109 - INFO - 
Epoch 8/10
2025-04-08 20:15:24,110 - INFO - Current learning rate: 0.000099
2025-04-08 20:15:24,876 - INFO - Train Loss: 0.0158
2025-04-08 20:15:24,876 - INFO - Train Reg Loss: 2.5964
2025-04-08 20:15:24,876 - INFO - Test Loss: 0.0904
2025-04-08 20:15:24,876 - INFO - Test Reg Loss: 2.5929
2025-04-08 20:15:24,876 - INFO - 
Epoch 9/10
2025-04-08 20:15:24,876 - INFO - Current learning rate: 0.000099
2025-04-08 20:15:25,644 - INFO - Train Loss: 0.0162
2025-04-08 20:15:25,644 - INFO - Train Reg Loss: 2.7391
2025-04-08 20:15:25,644 - INFO - Test Loss: 0.0882
2025-04-08 20:15:25,644 - INFO - Test Reg Loss: 2.7353
2025-04-08 20:15:25,644 - INFO - 
Epoch 10/10
2025-04-08 20:15:25,644 - INFO - Current learning rate: 0.000099
2025-04-08 20:15:26,422 - INFO - Train Loss: 0.0155
2025-04-08 20:15:26,422 - INFO - Train Reg Loss: 2.8654
2025-04-08 20:15:26,422 - INFO - Test Loss: 0.0877
2025-04-08 20:15:26,422 - INFO - Test Reg Loss: 2.8595
2025-04-08 20:15:26,430 - INFO - 
Evaluating model on test set...
2025-04-08 20:15:53,114 - INFO - Final Metrics - MAE: 2.3774, RMSE: 2.7925, R²: 0.7758
