2025-04-08 18:50:29,038 - INFO - Using Fast-NN Transformer model
2025-04-08 18:50:29,038 - INFO - Using device: cpu
2025-04-08 18:50:29,615 - INFO - Using device: cpu
2025-04-08 18:50:29,615 - INFO - 
Epoch 1/10
2025-04-08 18:50:29,615 - INFO - Current learning rate: 0.000100
2025-04-08 18:50:30,440 - INFO - Train Loss: 0.5639
2025-04-08 18:50:30,440 - INFO - Train Reg Loss: 2.2631
2025-04-08 18:50:30,440 - INFO - Test Loss: 0.2292
2025-04-08 18:50:30,440 - INFO - Test Reg Loss: 2.2616
2025-04-08 18:50:30,455 - INFO - Saved new best model!
2025-04-08 18:50:30,455 - INFO - 
Epoch 2/10
2025-04-08 18:50:30,455 - INFO - Current learning rate: 0.000100
2025-04-08 18:50:31,237 - INFO - Train Loss: 0.0992
2025-04-08 18:50:31,237 - INFO - Train Reg Loss: 2.4105
2025-04-08 18:50:31,237 - INFO - Test Loss: 0.0864
2025-04-08 18:50:31,237 - INFO - Test Reg Loss: 2.4091
2025-04-08 18:50:31,252 - INFO - Saved new best model!
2025-04-08 18:50:31,252 - INFO - 
Epoch 3/10
2025-04-08 18:50:31,252 - INFO - Current learning rate: 0.000100
2025-04-08 18:50:32,037 - INFO - Train Loss: 0.0344
2025-04-08 18:50:32,037 - INFO - Train Reg Loss: 2.5337
2025-04-08 18:50:32,037 - INFO - Test Loss: 0.1384
2025-04-08 18:50:32,037 - INFO - Test Reg Loss: 2.5323
2025-04-08 18:50:32,037 - INFO - 
Epoch 4/10
2025-04-08 18:50:32,037 - INFO - Current learning rate: 0.000100
2025-04-08 18:50:32,825 - INFO - Train Loss: 0.0246
2025-04-08 18:50:32,825 - INFO - Train Reg Loss: 2.6630
2025-04-08 18:50:32,825 - INFO - Test Loss: 0.0964
2025-04-08 18:50:32,825 - INFO - Test Reg Loss: 2.6615
2025-04-08 18:50:32,825 - INFO - 
Epoch 5/10
2025-04-08 18:50:32,825 - INFO - Current learning rate: 0.000100
2025-04-08 18:50:33,612 - INFO - Train Loss: 0.0246
2025-04-08 18:50:33,613 - INFO - Train Reg Loss: 2.8084
2025-04-08 18:50:33,613 - INFO - Test Loss: 0.0881
2025-04-08 18:50:33,613 - INFO - Test Reg Loss: 2.8068
2025-04-08 18:50:33,613 - INFO - 
Epoch 6/10
2025-04-08 18:50:33,613 - INFO - Current learning rate: 0.000100
2025-04-08 18:50:34,391 - INFO - Train Loss: 0.0185
2025-04-08 18:50:34,391 - INFO - Train Reg Loss: 2.9653
2025-04-08 18:50:34,391 - INFO - Test Loss: 0.0882
2025-04-08 18:50:34,391 - INFO - Test Reg Loss: 2.9637
2025-04-08 18:50:34,391 - INFO - 
Epoch 7/10
2025-04-08 18:50:34,391 - INFO - Current learning rate: 0.000099
2025-04-08 18:50:35,181 - INFO - Train Loss: 0.0197
2025-04-08 18:50:35,181 - INFO - Train Reg Loss: 3.0557
2025-04-08 18:50:35,181 - INFO - Test Loss: 0.0845
2025-04-08 18:50:35,181 - INFO - Test Reg Loss: 3.0546
2025-04-08 18:50:35,208 - INFO - Saved new best model!
2025-04-08 18:50:35,208 - INFO - 
Epoch 8/10
2025-04-08 18:50:35,208 - INFO - Current learning rate: 0.000099
2025-04-08 18:50:35,993 - INFO - Train Loss: 0.0181
2025-04-08 18:50:35,993 - INFO - Train Reg Loss: 3.1458
2025-04-08 18:50:35,993 - INFO - Test Loss: 0.0807
2025-04-08 18:50:35,993 - INFO - Test Reg Loss: 3.1449
2025-04-08 18:50:36,011 - INFO - Saved new best model!
2025-04-08 18:50:36,011 - INFO - 
Epoch 9/10
2025-04-08 18:50:36,011 - INFO - Current learning rate: 0.000099
2025-04-08 18:50:36,802 - INFO - Train Loss: 0.0160
2025-04-08 18:50:36,802 - INFO - Train Reg Loss: 3.1889
2025-04-08 18:50:36,802 - INFO - Test Loss: 0.0827
2025-04-08 18:50:36,802 - INFO - Test Reg Loss: 3.1883
2025-04-08 18:50:36,802 - INFO - 
Epoch 10/10
2025-04-08 18:50:36,802 - INFO - Current learning rate: 0.000099
2025-04-08 18:50:37,590 - INFO - Train Loss: 0.0170
2025-04-08 18:50:37,590 - INFO - Train Reg Loss: 3.2000
2025-04-08 18:50:37,590 - INFO - Test Loss: 0.0925
2025-04-08 18:50:37,590 - INFO - Test Reg Loss: 3.2000
2025-04-08 18:50:37,609 - INFO - 
Evaluating model on test set...
2025-04-08 18:51:02,645 - INFO - Final Metrics - MAE: 2.4912, RMSE: 2.9109, R²: 0.7564
