2025-04-09 20:28:37,730 - INFO - Using Fast-NN Transformer model
2025-04-09 20:28:37,731 - INFO - Using device: cpu
2025-04-09 20:28:38,337 - INFO - Using device: cpu
2025-04-09 20:28:38,337 - INFO - 
Epoch 1/1000
2025-04-09 20:28:38,337 - INFO - Current learning rate: 0.000100
2025-04-09 20:28:53,881 - INFO - Train Loss: 0.2160
2025-04-09 20:28:53,881 - INFO - Train Reg Loss: 105.8251
2025-04-09 20:28:53,882 - INFO - Test Loss: 0.0669
2025-04-09 20:28:53,882 - INFO - Test Reg Loss: 2059.6137
2025-04-09 20:28:53,904 - INFO - Saved new best model!
2025-04-09 20:28:53,904 - INFO - 
Epoch 2/1000
2025-04-09 20:28:53,904 - INFO - Current learning rate: 0.000100
2025-04-09 20:29:34,605 - INFO - Train Loss: 0.0287
2025-04-09 20:29:34,605 - INFO - Train Reg Loss: 100.0783
2025-04-09 20:29:34,605 - INFO - Test Loss: 0.0378
2025-04-09 20:29:34,606 - INFO - Test Reg Loss: 1939.0715
2025-04-09 20:29:34,647 - INFO - Saved new best model!
2025-04-09 20:29:34,647 - INFO - 
Epoch 3/1000
2025-04-09 20:29:34,647 - INFO - Current learning rate: 0.000100
2025-04-09 20:30:21,268 - INFO - Train Loss: 0.0205
2025-04-09 20:30:21,268 - INFO - Train Reg Loss: 93.9813
2025-04-09 20:30:21,268 - INFO - Test Loss: 0.0229
2025-04-09 20:30:21,268 - INFO - Test Reg Loss: 1816.7242
2025-04-09 20:30:21,314 - INFO - Saved new best model!
2025-04-09 20:30:21,314 - INFO - 
Epoch 4/1000
2025-04-09 20:30:21,314 - INFO - Current learning rate: 0.000100
2025-04-09 20:30:55,182 - INFO - Train Loss: 0.0184
2025-04-09 20:30:55,183 - INFO - Train Reg Loss: 87.9130
2025-04-09 20:30:55,183 - INFO - Test Loss: 0.0217
2025-04-09 20:30:55,183 - INFO - Test Reg Loss: 1696.9125
2025-04-09 20:30:55,215 - INFO - Saved new best model!
2025-04-09 20:30:55,215 - INFO - 
Epoch 5/1000
2025-04-09 20:30:55,215 - INFO - Current learning rate: 0.000100
2025-04-09 20:31:28,258 - INFO - Train Loss: 0.0158
2025-04-09 20:31:28,258 - INFO - Train Reg Loss: 82.0344
2025-04-09 20:31:28,258 - INFO - Test Loss: 0.0217
2025-04-09 20:31:28,258 - INFO - Test Reg Loss: 1582.0178
2025-04-09 20:31:28,298 - INFO - Saved new best model!
2025-04-09 20:31:28,299 - INFO - 
Epoch 6/1000
2025-04-09 20:31:28,299 - INFO - Current learning rate: 0.000100
2025-04-09 20:32:07,740 - INFO - Train Loss: 0.0160
2025-04-09 20:32:07,740 - INFO - Train Reg Loss: 76.4411
2025-04-09 20:32:07,740 - INFO - Test Loss: 0.0267
2025-04-09 20:32:07,740 - INFO - Test Reg Loss: 1473.6000
2025-04-09 20:32:07,740 - INFO - 
Epoch 7/1000
2025-04-09 20:32:07,740 - INFO - Current learning rate: 0.000099
2025-04-09 20:32:43,889 - INFO - Train Loss: 0.0137
2025-04-09 20:32:43,889 - INFO - Train Reg Loss: 71.1969
2025-04-09 20:32:43,890 - INFO - Test Loss: 0.0189
2025-04-09 20:32:43,890 - INFO - Test Reg Loss: 1372.4884
2025-04-09 20:32:43,920 - INFO - Saved new best model!
2025-04-09 20:32:43,920 - INFO - 
Epoch 8/1000
2025-04-09 20:32:43,920 - INFO - Current learning rate: 0.000099
2025-04-09 20:33:17,648 - INFO - Train Loss: 0.0139
2025-04-09 20:33:17,649 - INFO - Train Reg Loss: 66.3103
2025-04-09 20:33:17,649 - INFO - Test Loss: 0.0181
2025-04-09 20:33:17,649 - INFO - Test Reg Loss: 1278.1906
2025-04-09 20:33:17,675 - INFO - Saved new best model!
2025-04-09 20:33:17,675 - INFO - 
Epoch 9/1000
2025-04-09 20:33:17,675 - INFO - Current learning rate: 0.000099
2025-04-09 20:33:44,832 - INFO - Train Loss: 0.0109
2025-04-09 20:33:44,833 - INFO - Train Reg Loss: 61.7458
2025-04-09 20:33:44,833 - INFO - Test Loss: 0.0204
2025-04-09 20:33:44,833 - INFO - Test Reg Loss: 1189.9828
2025-04-09 20:33:44,833 - INFO - 
Epoch 10/1000
2025-04-09 20:33:44,833 - INFO - Current learning rate: 0.000099
2025-04-09 20:34:10,288 - INFO - Train Loss: 0.0107
2025-04-09 20:34:10,288 - INFO - Train Reg Loss: 57.4716
2025-04-09 20:34:10,288 - INFO - Test Loss: 0.0218
2025-04-09 20:34:10,288 - INFO - Test Reg Loss: 1107.3154
2025-04-09 20:34:10,288 - INFO - 
Epoch 11/1000
2025-04-09 20:34:10,289 - INFO - Current learning rate: 0.000099
2025-04-09 20:34:35,258 - INFO - Train Loss: 0.0093
2025-04-09 20:34:35,258 - INFO - Train Reg Loss: 53.4635
2025-04-09 20:34:35,258 - INFO - Test Loss: 0.0219
2025-04-09 20:34:35,258 - INFO - Test Reg Loss: 1029.7250
2025-04-09 20:34:35,258 - INFO - 
Epoch 12/1000
2025-04-09 20:34:35,258 - INFO - Current learning rate: 0.000099
2025-04-09 20:35:01,988 - INFO - Train Loss: 0.0100
2025-04-09 20:35:01,988 - INFO - Train Reg Loss: 49.6999
2025-04-09 20:35:01,988 - INFO - Test Loss: 0.0175
2025-04-09 20:35:01,988 - INFO - Test Reg Loss: 956.8719
2025-04-09 20:35:02,028 - INFO - Saved new best model!
2025-04-09 20:35:02,028 - INFO - 
Epoch 13/1000
2025-04-09 20:35:02,029 - INFO - Current learning rate: 0.000099
2025-04-09 20:35:28,725 - INFO - Train Loss: 0.0081
2025-04-09 20:35:28,726 - INFO - Train Reg Loss: 46.1667
2025-04-09 20:35:28,726 - INFO - Test Loss: 0.0165
2025-04-09 20:35:28,726 - INFO - Test Reg Loss: 888.5109
2025-04-09 20:35:28,745 - INFO - Saved new best model!
2025-04-09 20:35:28,745 - INFO - 
Epoch 14/1000
2025-04-09 20:35:28,745 - INFO - Current learning rate: 0.000099
2025-04-09 20:36:03,504 - INFO - Train Loss: 0.0074
2025-04-09 20:36:03,505 - INFO - Train Reg Loss: 42.8539
2025-04-09 20:36:03,505 - INFO - Test Loss: 0.0181
2025-04-09 20:36:03,505 - INFO - Test Reg Loss: 824.4455
2025-04-09 20:36:03,505 - INFO - 
Epoch 15/1000
2025-04-09 20:36:03,505 - INFO - Current learning rate: 0.000099
2025-04-09 20:36:35,071 - INFO - Train Loss: 0.0071
2025-04-09 20:36:35,072 - INFO - Train Reg Loss: 39.7525
2025-04-09 20:36:35,072 - INFO - Test Loss: 0.0184
2025-04-09 20:36:35,072 - INFO - Test Reg Loss: 764.5595
2025-04-09 20:36:35,072 - INFO - 
Epoch 16/1000
2025-04-09 20:36:35,072 - INFO - Current learning rate: 0.000099
2025-04-09 20:37:08,482 - INFO - Train Loss: 0.0062
2025-04-09 20:37:08,482 - INFO - Train Reg Loss: 36.8563
2025-04-09 20:37:08,482 - INFO - Test Loss: 0.0195
2025-04-09 20:37:08,482 - INFO - Test Reg Loss: 708.7352
2025-04-09 20:37:08,482 - INFO - 
Epoch 17/1000
2025-04-09 20:37:08,482 - INFO - Current learning rate: 0.000098
2025-04-09 20:37:39,891 - INFO - Train Loss: 0.0060
2025-04-09 20:37:39,891 - INFO - Train Reg Loss: 34.1620
2025-04-09 20:37:39,891 - INFO - Test Loss: 0.0169
2025-04-09 20:37:39,891 - INFO - Test Reg Loss: 656.8635
2025-04-09 20:37:39,891 - INFO - 
Epoch 18/1000
2025-04-09 20:37:39,891 - INFO - Current learning rate: 0.000098
2025-04-09 20:38:02,166 - INFO - Train Loss: 0.0056
2025-04-09 20:38:02,166 - INFO - Train Reg Loss: 31.6642
2025-04-09 20:38:02,166 - INFO - Test Loss: 0.0194
2025-04-09 20:38:02,166 - INFO - Test Reg Loss: 608.9533
2025-04-09 20:38:02,167 - INFO - 
Epoch 19/1000
2025-04-09 20:38:02,167 - INFO - Current learning rate: 0.000098
2025-04-09 20:38:24,101 - INFO - Train Loss: 0.0054
2025-04-09 20:38:24,101 - INFO - Train Reg Loss: 29.3630
2025-04-09 20:38:24,101 - INFO - Test Loss: 0.0159
2025-04-09 20:38:24,101 - INFO - Test Reg Loss: 564.9147
2025-04-09 20:38:24,141 - INFO - Saved new best model!
2025-04-09 20:38:24,141 - INFO - 
Epoch 20/1000
2025-04-09 20:38:24,141 - INFO - Current learning rate: 0.000098
2025-04-09 20:38:47,567 - INFO - Train Loss: 0.0049
2025-04-09 20:38:47,567 - INFO - Train Reg Loss: 27.2549
2025-04-09 20:38:47,567 - INFO - Test Loss: 0.0156
2025-04-09 20:38:47,567 - INFO - Test Reg Loss: 524.7417
2025-04-09 20:38:47,584 - INFO - Saved new best model!
2025-04-09 20:38:47,584 - INFO - 
Epoch 21/1000
2025-04-09 20:38:47,584 - INFO - Current learning rate: 0.000098
2025-04-09 20:39:08,812 - INFO - Train Loss: 0.0050
2025-04-09 20:39:08,812 - INFO - Train Reg Loss: 25.3392
2025-04-09 20:39:08,812 - INFO - Test Loss: 0.0167
2025-04-09 20:39:08,812 - INFO - Test Reg Loss: 488.3900
2025-04-09 20:39:08,812 - INFO - 
Epoch 22/1000
2025-04-09 20:39:08,812 - INFO - Current learning rate: 0.000098
2025-04-09 20:39:29,349 - INFO - Train Loss: 0.0046
2025-04-09 20:39:29,350 - INFO - Train Reg Loss: 23.6149
2025-04-09 20:39:29,350 - INFO - Test Loss: 0.0162
2025-04-09 20:39:29,350 - INFO - Test Reg Loss: 455.8834
2025-04-09 20:39:29,350 - INFO - 
Epoch 23/1000
2025-04-09 20:39:29,350 - INFO - Current learning rate: 0.000098
2025-04-09 20:39:49,629 - INFO - Train Loss: 0.0045
2025-04-09 20:39:49,629 - INFO - Train Reg Loss: 22.0826
2025-04-09 20:39:49,629 - INFO - Test Loss: 0.0154
2025-04-09 20:39:49,630 - INFO - Test Reg Loss: 427.2028
2025-04-09 20:39:49,651 - INFO - Saved new best model!
2025-04-09 20:39:49,651 - INFO - 
Epoch 24/1000
2025-04-09 20:39:49,651 - INFO - Current learning rate: 0.000098
2025-04-09 20:40:09,954 - INFO - Train Loss: 0.0045
2025-04-09 20:40:09,954 - INFO - Train Reg Loss: 20.7406
2025-04-09 20:40:09,954 - INFO - Test Loss: 0.0152
2025-04-09 20:40:09,954 - INFO - Test Reg Loss: 402.3189
2025-04-09 20:40:09,969 - INFO - Saved new best model!
2025-04-09 20:40:09,969 - INFO - 
Epoch 25/1000
2025-04-09 20:40:09,969 - INFO - Current learning rate: 0.000098
2025-04-09 20:40:30,102 - INFO - Train Loss: 0.0042
2025-04-09 20:40:30,102 - INFO - Train Reg Loss: 19.5889
2025-04-09 20:40:30,102 - INFO - Test Loss: 0.0156
2025-04-09 20:40:30,102 - INFO - Test Reg Loss: 381.2490
2025-04-09 20:40:30,102 - INFO - 
Epoch 26/1000
2025-04-09 20:40:30,102 - INFO - Current learning rate: 0.000098
2025-04-09 20:40:50,093 - INFO - Train Loss: 0.0041
2025-04-09 20:40:50,093 - INFO - Train Reg Loss: 18.6274
2025-04-09 20:40:50,093 - INFO - Test Loss: 0.0145
2025-04-09 20:40:50,093 - INFO - Test Reg Loss: 363.9699
2025-04-09 20:40:50,110 - INFO - Saved new best model!
2025-04-09 20:40:50,110 - INFO - 
Epoch 27/1000
2025-04-09 20:40:50,110 - INFO - Current learning rate: 0.000097
2025-04-09 20:41:09,982 - INFO - Train Loss: 0.0041
2025-04-09 20:41:09,982 - INFO - Train Reg Loss: 17.8524
2025-04-09 20:41:09,982 - INFO - Test Loss: 0.0145
2025-04-09 20:41:09,982 - INFO - Test Reg Loss: 350.1873
2025-04-09 20:41:10,012 - INFO - Saved new best model!
2025-04-09 20:41:10,012 - INFO - 
Epoch 28/1000
2025-04-09 20:41:10,012 - INFO - Current learning rate: 0.000097
2025-04-09 20:41:29,701 - INFO - Train Loss: 0.0041
2025-04-09 20:41:29,701 - INFO - Train Reg Loss: 17.2227
2025-04-09 20:41:29,701 - INFO - Test Loss: 0.0147
2025-04-09 20:41:29,701 - INFO - Test Reg Loss: 338.6945
2025-04-09 20:41:29,701 - INFO - 
Epoch 29/1000
2025-04-09 20:41:29,701 - INFO - Current learning rate: 0.000097
2025-04-09 20:41:49,387 - INFO - Train Loss: 0.0040
2025-04-09 20:41:49,387 - INFO - Train Reg Loss: 16.6899
2025-04-09 20:41:49,387 - INFO - Test Loss: 0.0146
2025-04-09 20:41:49,387 - INFO - Test Reg Loss: 328.8552
2025-04-09 20:41:49,387 - INFO - 
Epoch 30/1000
2025-04-09 20:41:49,387 - INFO - Current learning rate: 0.000097
2025-04-09 20:42:09,118 - INFO - Train Loss: 0.0040
2025-04-09 20:42:09,118 - INFO - Train Reg Loss: 16.2324
2025-04-09 20:42:09,118 - INFO - Test Loss: 0.0148
2025-04-09 20:42:09,118 - INFO - Test Reg Loss: 320.4014
2025-04-09 20:42:09,118 - INFO - 
Epoch 31/1000
2025-04-09 20:42:09,118 - INFO - Current learning rate: 0.000097
2025-04-09 20:42:28,693 - INFO - Train Loss: 0.0040
2025-04-09 20:42:28,693 - INFO - Train Reg Loss: 15.8392
2025-04-09 20:42:28,693 - INFO - Test Loss: 0.0142
2025-04-09 20:42:28,693 - INFO - Test Reg Loss: 313.1339
2025-04-09 20:42:28,729 - INFO - Saved new best model!
2025-04-09 20:42:28,729 - INFO - 
Epoch 32/1000
2025-04-09 20:42:28,729 - INFO - Current learning rate: 0.000097
2025-04-09 20:42:48,761 - INFO - Train Loss: 0.0040
2025-04-09 20:42:48,761 - INFO - Train Reg Loss: 15.5018
2025-04-09 20:42:48,761 - INFO - Test Loss: 0.0144
2025-04-09 20:42:48,761 - INFO - Test Reg Loss: 306.9174
2025-04-09 20:42:48,761 - INFO - 
Epoch 33/1000
2025-04-09 20:42:48,761 - INFO - Current learning rate: 0.000097
2025-04-09 20:43:08,728 - INFO - Train Loss: 0.0039
2025-04-09 20:43:08,728 - INFO - Train Reg Loss: 15.2145
2025-04-09 20:43:08,728 - INFO - Test Loss: 0.0141
2025-04-09 20:43:08,728 - INFO - Test Reg Loss: 301.6332
2025-04-09 20:43:08,763 - INFO - Saved new best model!
2025-04-09 20:43:08,763 - INFO - 
Epoch 34/1000
2025-04-09 20:43:08,763 - INFO - Current learning rate: 0.000097
2025-04-09 20:43:28,497 - INFO - Train Loss: 0.0040
2025-04-09 20:43:28,497 - INFO - Train Reg Loss: 14.9671
2025-04-09 20:43:28,497 - INFO - Test Loss: 0.0148
2025-04-09 20:43:28,497 - INFO - Test Reg Loss: 297.0085
2025-04-09 20:43:28,497 - INFO - 
Epoch 35/1000
2025-04-09 20:43:28,497 - INFO - Current learning rate: 0.000097
2025-04-09 20:43:49,290 - INFO - Train Loss: 0.0039
2025-04-09 20:43:49,290 - INFO - Train Reg Loss: 14.7482
2025-04-09 20:43:49,290 - INFO - Test Loss: 0.0141
2025-04-09 20:43:49,290 - INFO - Test Reg Loss: 292.8726
2025-04-09 20:43:49,290 - INFO - 
Epoch 36/1000
2025-04-09 20:43:49,290 - INFO - Current learning rate: 0.000097
2025-04-09 20:44:09,512 - INFO - Train Loss: 0.0039
2025-04-09 20:44:09,512 - INFO - Train Reg Loss: 14.5518
2025-04-09 20:44:09,512 - INFO - Test Loss: 0.0145
2025-04-09 20:44:09,512 - INFO - Test Reg Loss: 289.1594
2025-04-09 20:44:09,512 - INFO - 
Epoch 37/1000
2025-04-09 20:44:09,512 - INFO - Current learning rate: 0.000096
2025-04-09 20:44:29,259 - INFO - Train Loss: 0.0039
2025-04-09 20:44:29,259 - INFO - Train Reg Loss: 14.3753
2025-04-09 20:44:29,259 - INFO - Test Loss: 0.0140
2025-04-09 20:44:29,259 - INFO - Test Reg Loss: 285.8038
2025-04-09 20:44:29,275 - INFO - Saved new best model!
2025-04-09 20:44:29,275 - INFO - 
Epoch 38/1000
2025-04-09 20:44:29,275 - INFO - Current learning rate: 0.000096
2025-04-09 20:44:48,751 - INFO - Train Loss: 0.0039
2025-04-09 20:44:48,751 - INFO - Train Reg Loss: 14.2151
2025-04-09 20:44:48,751 - INFO - Test Loss: 0.0139
2025-04-09 20:44:48,751 - INFO - Test Reg Loss: 282.7562
2025-04-09 20:44:48,768 - INFO - Saved new best model!
2025-04-09 20:44:48,768 - INFO - 
Epoch 39/1000
2025-04-09 20:44:48,768 - INFO - Current learning rate: 0.000096
2025-04-09 20:45:08,951 - INFO - Train Loss: 0.0040
2025-04-09 20:45:08,951 - INFO - Train Reg Loss: 14.0693
2025-04-09 20:45:08,951 - INFO - Test Loss: 0.0141
2025-04-09 20:45:08,952 - INFO - Test Reg Loss: 279.9712
2025-04-09 20:45:08,952 - INFO - 
Epoch 40/1000
2025-04-09 20:45:08,952 - INFO - Current learning rate: 0.000096
2025-04-09 20:45:28,992 - INFO - Train Loss: 0.0040
2025-04-09 20:45:28,992 - INFO - Train Reg Loss: 13.9355
2025-04-09 20:45:28,992 - INFO - Test Loss: 0.0141
2025-04-09 20:45:28,992 - INFO - Test Reg Loss: 277.4128
2025-04-09 20:45:28,992 - INFO - 
Epoch 41/1000
2025-04-09 20:45:28,993 - INFO - Current learning rate: 0.000096
2025-04-09 20:45:48,686 - INFO - Train Loss: 0.0040
2025-04-09 20:45:48,686 - INFO - Train Reg Loss: 13.8122
2025-04-09 20:45:48,686 - INFO - Test Loss: 0.0138
2025-04-09 20:45:48,686 - INFO - Test Reg Loss: 275.0429
2025-04-09 20:45:48,706 - INFO - Saved new best model!
2025-04-09 20:45:48,706 - INFO - 
Epoch 42/1000
2025-04-09 20:45:48,706 - INFO - Current learning rate: 0.000096
2025-04-09 20:46:08,148 - INFO - Train Loss: 0.0039
2025-04-09 20:46:08,148 - INFO - Train Reg Loss: 13.6981
2025-04-09 20:46:08,148 - INFO - Test Loss: 0.0137
2025-04-09 20:46:08,148 - INFO - Test Reg Loss: 272.8365
2025-04-09 20:46:08,180 - INFO - Saved new best model!
2025-04-09 20:46:08,180 - INFO - 
Epoch 43/1000
2025-04-09 20:46:08,180 - INFO - Current learning rate: 0.000096
2025-04-09 20:46:27,837 - INFO - Train Loss: 0.0040
2025-04-09 20:46:27,837 - INFO - Train Reg Loss: 13.5914
2025-04-09 20:46:27,837 - INFO - Test Loss: 0.0139
2025-04-09 20:46:27,837 - INFO - Test Reg Loss: 270.7840
2025-04-09 20:46:27,838 - INFO - 
Epoch 44/1000
2025-04-09 20:46:27,838 - INFO - Current learning rate: 0.000096
2025-04-09 20:46:47,905 - INFO - Train Loss: 0.0039
2025-04-09 20:46:47,905 - INFO - Train Reg Loss: 13.4917
2025-04-09 20:46:47,905 - INFO - Test Loss: 0.0137
2025-04-09 20:46:47,905 - INFO - Test Reg Loss: 268.8470
2025-04-09 20:46:47,930 - INFO - Saved new best model!
2025-04-09 20:46:47,930 - INFO - 
Epoch 45/1000
2025-04-09 20:46:47,930 - INFO - Current learning rate: 0.000096
2025-04-09 20:47:07,060 - INFO - Train Loss: 0.0040
2025-04-09 20:47:07,061 - INFO - Train Reg Loss: 13.3979
2025-04-09 20:47:07,061 - INFO - Test Loss: 0.0137
2025-04-09 20:47:07,061 - INFO - Test Reg Loss: 267.0311
2025-04-09 20:47:07,061 - INFO - 
Epoch 46/1000
2025-04-09 20:47:07,061 - INFO - Current learning rate: 0.000096
2025-04-09 20:47:25,906 - INFO - Train Loss: 0.0039
2025-04-09 20:47:25,906 - INFO - Train Reg Loss: 13.3091
2025-04-09 20:47:25,906 - INFO - Test Loss: 0.0137
2025-04-09 20:47:25,906 - INFO - Test Reg Loss: 265.2990
2025-04-09 20:47:25,929 - INFO - Saved new best model!
2025-04-09 20:47:25,929 - INFO - 
Epoch 47/1000
2025-04-09 20:47:25,929 - INFO - Current learning rate: 0.000096
2025-04-09 20:47:44,604 - INFO - Train Loss: 0.0040
2025-04-09 20:47:44,604 - INFO - Train Reg Loss: 13.2248
2025-04-09 20:47:44,604 - INFO - Test Loss: 0.0137
2025-04-09 20:47:44,604 - INFO - Test Reg Loss: 263.6592
2025-04-09 20:47:44,604 - INFO - 
Epoch 48/1000
2025-04-09 20:47:44,604 - INFO - Current learning rate: 0.000095
2025-04-09 20:48:03,970 - INFO - Train Loss: 0.0039
2025-04-09 20:48:03,970 - INFO - Train Reg Loss: 13.1447
2025-04-09 20:48:03,970 - INFO - Test Loss: 0.0139
2025-04-09 20:48:03,971 - INFO - Test Reg Loss: 262.0956
2025-04-09 20:48:03,971 - INFO - 
Epoch 49/1000
2025-04-09 20:48:03,971 - INFO - Current learning rate: 0.000095
2025-04-09 20:48:22,481 - INFO - Train Loss: 0.0039
2025-04-09 20:48:22,481 - INFO - Train Reg Loss: 13.0675
2025-04-09 20:48:22,482 - INFO - Test Loss: 0.0145
2025-04-09 20:48:22,482 - INFO - Test Reg Loss: 260.5825
2025-04-09 20:48:22,482 - INFO - 
Epoch 50/1000
2025-04-09 20:48:22,482 - INFO - Current learning rate: 0.000095
2025-04-09 20:48:41,615 - INFO - Train Loss: 0.0039
2025-04-09 20:48:41,616 - INFO - Train Reg Loss: 12.9936
2025-04-09 20:48:41,616 - INFO - Test Loss: 0.0137
2025-04-09 20:48:41,616 - INFO - Test Reg Loss: 259.1240
2025-04-09 20:48:41,651 - INFO - Saved new best model!
2025-04-09 20:48:41,651 - INFO - 
Epoch 51/1000
2025-04-09 20:48:41,651 - INFO - Current learning rate: 0.000095
2025-04-09 20:49:02,000 - INFO - Train Loss: 0.0040
2025-04-09 20:49:02,001 - INFO - Train Reg Loss: 12.9222
2025-04-09 20:49:02,001 - INFO - Test Loss: 0.0139
2025-04-09 20:49:02,001 - INFO - Test Reg Loss: 257.7256
2025-04-09 20:49:02,001 - INFO - 
Epoch 52/1000
2025-04-09 20:49:02,001 - INFO - Current learning rate: 0.000095
2025-04-09 20:49:22,058 - INFO - Train Loss: 0.0041
2025-04-09 20:49:22,058 - INFO - Train Reg Loss: 12.8530
2025-04-09 20:49:22,058 - INFO - Test Loss: 0.0139
2025-04-09 20:49:22,058 - INFO - Test Reg Loss: 256.3633
2025-04-09 20:49:22,059 - INFO - 
Epoch 53/1000
2025-04-09 20:49:22,059 - INFO - Current learning rate: 0.000095
2025-04-09 20:49:40,303 - INFO - Train Loss: 0.0040
2025-04-09 20:49:40,304 - INFO - Train Reg Loss: 12.7860
2025-04-09 20:49:40,304 - INFO - Test Loss: 0.0137
2025-04-09 20:49:40,304 - INFO - Test Reg Loss: 255.0438
2025-04-09 20:49:40,304 - INFO - 
Epoch 54/1000
2025-04-09 20:49:40,304 - INFO - Current learning rate: 0.000095
2025-04-09 20:49:58,382 - INFO - Train Loss: 0.0040
2025-04-09 20:49:58,382 - INFO - Train Reg Loss: 12.7209
2025-04-09 20:49:58,382 - INFO - Test Loss: 0.0135
2025-04-09 20:49:58,383 - INFO - Test Reg Loss: 253.7521
2025-04-09 20:49:58,412 - INFO - Saved new best model!
2025-04-09 20:49:58,412 - INFO - 
Epoch 55/1000
2025-04-09 20:49:58,412 - INFO - Current learning rate: 0.000095
2025-04-09 20:50:24,717 - INFO - Train Loss: 0.0039
2025-04-09 20:50:24,717 - INFO - Train Reg Loss: 12.6569
2025-04-09 20:50:24,717 - INFO - Test Loss: 0.0144
2025-04-09 20:50:24,717 - INFO - Test Reg Loss: 252.4989
2025-04-09 20:50:24,717 - INFO - 
Epoch 56/1000
2025-04-09 20:50:24,717 - INFO - Current learning rate: 0.000095
2025-04-09 20:50:43,615 - INFO - Train Loss: 0.0039
2025-04-09 20:50:43,616 - INFO - Train Reg Loss: 12.5949
2025-04-09 20:50:43,616 - INFO - Test Loss: 0.0137
2025-04-09 20:50:43,616 - INFO - Test Reg Loss: 251.2660
2025-04-09 20:50:43,616 - INFO - 
Epoch 57/1000
2025-04-09 20:50:43,616 - INFO - Current learning rate: 0.000095
2025-04-09 20:51:01,610 - INFO - Train Loss: 0.0039
2025-04-09 20:51:01,610 - INFO - Train Reg Loss: 12.5335
2025-04-09 20:51:01,610 - INFO - Test Loss: 0.0137
2025-04-09 20:51:01,610 - INFO - Test Reg Loss: 250.0440
2025-04-09 20:51:01,610 - INFO - 
Epoch 58/1000
2025-04-09 20:51:01,610 - INFO - Current learning rate: 0.000094
2025-04-09 20:51:19,356 - INFO - Train Loss: 0.0041
2025-04-09 20:51:19,357 - INFO - Train Reg Loss: 12.4733
2025-04-09 20:51:19,357 - INFO - Test Loss: 0.0152
2025-04-09 20:51:19,357 - INFO - Test Reg Loss: 248.8616
2025-04-09 20:51:19,357 - INFO - 
Epoch 59/1000
2025-04-09 20:51:19,357 - INFO - Current learning rate: 0.000094
2025-04-09 20:51:37,059 - INFO - Train Loss: 0.0040
2025-04-09 20:51:37,059 - INFO - Train Reg Loss: 12.4143
2025-04-09 20:51:37,059 - INFO - Test Loss: 0.0139
2025-04-09 20:51:37,059 - INFO - Test Reg Loss: 247.6797
2025-04-09 20:51:37,059 - INFO - 
Epoch 60/1000
2025-04-09 20:51:37,059 - INFO - Current learning rate: 0.000094
2025-04-09 20:51:55,571 - INFO - Train Loss: 0.0040
2025-04-09 20:51:55,572 - INFO - Train Reg Loss: 12.3557
2025-04-09 20:51:55,572 - INFO - Test Loss: 0.0136
2025-04-09 20:51:55,572 - INFO - Test Reg Loss: 246.5203
2025-04-09 20:51:55,572 - INFO - 
Epoch 61/1000
2025-04-09 20:51:55,572 - INFO - Current learning rate: 0.000094
2025-04-09 20:52:13,529 - INFO - Train Loss: 0.0040
2025-04-09 20:52:13,530 - INFO - Train Reg Loss: 12.2983
2025-04-09 20:52:13,530 - INFO - Test Loss: 0.0135
2025-04-09 20:52:13,530 - INFO - Test Reg Loss: 245.3769
2025-04-09 20:52:13,530 - INFO - 
Epoch 62/1000
2025-04-09 20:52:13,530 - INFO - Current learning rate: 0.000094
2025-04-09 20:52:31,293 - INFO - Train Loss: 0.0040
2025-04-09 20:52:31,294 - INFO - Train Reg Loss: 12.2415
2025-04-09 20:52:31,294 - INFO - Test Loss: 0.0139
2025-04-09 20:52:31,294 - INFO - Test Reg Loss: 244.2457
2025-04-09 20:52:31,294 - INFO - 
Epoch 63/1000
2025-04-09 20:52:31,294 - INFO - Current learning rate: 0.000094
2025-04-09 20:52:49,041 - INFO - Train Loss: 0.0039
2025-04-09 20:52:49,042 - INFO - Train Reg Loss: 12.1852
2025-04-09 20:52:49,042 - INFO - Test Loss: 0.0137
2025-04-09 20:52:49,042 - INFO - Test Reg Loss: 243.1263
2025-04-09 20:52:49,042 - INFO - 
Epoch 64/1000
2025-04-09 20:52:49,042 - INFO - Current learning rate: 0.000094
2025-04-09 20:53:06,865 - INFO - Train Loss: 0.0041
2025-04-09 20:53:06,866 - INFO - Train Reg Loss: 12.1297
2025-04-09 20:53:06,866 - INFO - Test Loss: 0.0139
2025-04-09 20:53:06,866 - INFO - Test Reg Loss: 242.0298
2025-04-09 20:53:06,866 - INFO - 
Epoch 65/1000
2025-04-09 20:53:06,866 - INFO - Current learning rate: 0.000094
2025-04-09 20:53:24,717 - INFO - Train Loss: 0.0040
2025-04-09 20:53:24,717 - INFO - Train Reg Loss: 12.0744
2025-04-09 20:53:24,717 - INFO - Test Loss: 0.0149
2025-04-09 20:53:24,717 - INFO - Test Reg Loss: 240.9265
2025-04-09 20:53:24,717 - INFO - 
Epoch 66/1000
2025-04-09 20:53:24,717 - INFO - Current learning rate: 0.000094
2025-04-09 20:53:42,480 - INFO - Train Loss: 0.0039
2025-04-09 20:53:42,481 - INFO - Train Reg Loss: 12.0198
2025-04-09 20:53:42,481 - INFO - Test Loss: 0.0142
2025-04-09 20:53:42,481 - INFO - Test Reg Loss: 239.8394
2025-04-09 20:53:42,481 - INFO - 
Epoch 67/1000
2025-04-09 20:53:42,481 - INFO - Current learning rate: 0.000094
2025-04-09 20:54:00,299 - INFO - Train Loss: 0.0040
2025-04-09 20:54:00,300 - INFO - Train Reg Loss: 11.9657
2025-04-09 20:54:00,300 - INFO - Test Loss: 0.0137
2025-04-09 20:54:00,300 - INFO - Test Reg Loss: 238.7538
2025-04-09 20:54:00,300 - INFO - 
Epoch 68/1000
2025-04-09 20:54:00,300 - INFO - Current learning rate: 0.000094
2025-04-09 20:54:18,111 - INFO - Train Loss: 0.0041
2025-04-09 20:54:18,112 - INFO - Train Reg Loss: 11.9117
2025-04-09 20:54:18,112 - INFO - Test Loss: 0.0137
2025-04-09 20:54:18,112 - INFO - Test Reg Loss: 237.6786
2025-04-09 20:54:18,112 - INFO - 
Epoch 69/1000
2025-04-09 20:54:18,112 - INFO - Current learning rate: 0.000093
2025-04-09 20:54:35,899 - INFO - Train Loss: 0.0041
2025-04-09 20:54:35,899 - INFO - Train Reg Loss: 11.8581
2025-04-09 20:54:35,899 - INFO - Test Loss: 0.0137
2025-04-09 20:54:35,899 - INFO - Test Reg Loss: 236.6145
2025-04-09 20:54:35,899 - INFO - 
Epoch 70/1000
2025-04-09 20:54:35,899 - INFO - Current learning rate: 0.000093
2025-04-09 20:54:53,752 - INFO - Train Loss: 0.0041
2025-04-09 20:54:53,752 - INFO - Train Reg Loss: 11.8051
2025-04-09 20:54:53,752 - INFO - Test Loss: 0.0143
2025-04-09 20:54:53,753 - INFO - Test Reg Loss: 235.5614
2025-04-09 20:54:53,753 - INFO - 
Epoch 71/1000
2025-04-09 20:54:53,753 - INFO - Current learning rate: 0.000093
2025-04-09 20:55:11,939 - INFO - Train Loss: 0.0040
2025-04-09 20:55:11,939 - INFO - Train Reg Loss: 11.7520
2025-04-09 20:55:11,939 - INFO - Test Loss: 0.0141
2025-04-09 20:55:11,940 - INFO - Test Reg Loss: 234.4995
2025-04-09 20:55:11,940 - INFO - 
Epoch 72/1000
2025-04-09 20:55:11,940 - INFO - Current learning rate: 0.000093
2025-04-09 20:55:30,843 - INFO - Train Loss: 0.0041
2025-04-09 20:55:30,843 - INFO - Train Reg Loss: 11.6995
2025-04-09 20:55:30,843 - INFO - Test Loss: 0.0145
2025-04-09 20:55:30,843 - INFO - Test Reg Loss: 233.4642
2025-04-09 20:55:30,843 - INFO - 
Epoch 73/1000
2025-04-09 20:55:30,843 - INFO - Current learning rate: 0.000093
2025-04-09 20:55:49,958 - INFO - Train Loss: 0.0042
2025-04-09 20:55:49,959 - INFO - Train Reg Loss: 11.6475
2025-04-09 20:55:49,959 - INFO - Test Loss: 0.0144
2025-04-09 20:55:49,959 - INFO - Test Reg Loss: 232.4078
2025-04-09 20:55:49,959 - INFO - 
Epoch 74/1000
2025-04-09 20:55:49,959 - INFO - Current learning rate: 0.000093
2025-04-09 20:56:09,182 - INFO - Train Loss: 0.0045
2025-04-09 20:56:09,182 - INFO - Train Reg Loss: 11.5950
2025-04-09 20:56:09,182 - INFO - Test Loss: 0.0143
2025-04-09 20:56:09,182 - INFO - Test Reg Loss: 231.3681
2025-04-09 20:56:09,182 - INFO - 
Epoch 75/1000
2025-04-09 20:56:09,182 - INFO - Current learning rate: 0.000093
2025-04-09 20:56:28,676 - INFO - Train Loss: 0.0040
2025-04-09 20:56:28,678 - INFO - Train Reg Loss: 11.5435
2025-04-09 20:56:28,709 - INFO - Test Loss: 0.0137
2025-04-09 20:56:28,732 - INFO - Test Reg Loss: 230.3326
2025-04-09 20:56:28,732 - INFO - 
Epoch 76/1000
2025-04-09 20:56:28,732 - INFO - Current learning rate: 0.000093
2025-04-09 20:56:47,547 - INFO - Train Loss: 0.0040
2025-04-09 20:56:47,548 - INFO - Train Reg Loss: 11.4919
2025-04-09 20:56:47,548 - INFO - Test Loss: 0.0143
2025-04-09 20:56:47,548 - INFO - Test Reg Loss: 229.3163
2025-04-09 20:56:47,548 - INFO - 
Epoch 77/1000
2025-04-09 20:56:47,548 - INFO - Current learning rate: 0.000093
2025-04-09 20:57:05,694 - INFO - Train Loss: 0.0040
2025-04-09 20:57:05,695 - INFO - Train Reg Loss: 11.4406
2025-04-09 20:57:05,695 - INFO - Test Loss: 0.0156
2025-04-09 20:57:05,695 - INFO - Test Reg Loss: 228.2931
2025-04-09 20:57:05,695 - INFO - 
Epoch 78/1000
2025-04-09 20:57:05,696 - INFO - Current learning rate: 0.000093
2025-04-09 20:57:23,373 - INFO - Train Loss: 0.0040
2025-04-09 20:57:23,373 - INFO - Train Reg Loss: 11.3899
2025-04-09 20:57:23,373 - INFO - Test Loss: 0.0140
2025-04-09 20:57:23,373 - INFO - Test Reg Loss: 227.2719
2025-04-09 20:57:23,373 - INFO - 
Epoch 79/1000
2025-04-09 20:57:23,373 - INFO - Current learning rate: 0.000092
2025-04-09 20:57:41,010 - INFO - Train Loss: 0.0041
2025-04-09 20:57:41,010 - INFO - Train Reg Loss: 11.3390
2025-04-09 20:57:41,011 - INFO - Test Loss: 0.0140
2025-04-09 20:57:41,011 - INFO - Test Reg Loss: 226.2593
2025-04-09 20:57:41,011 - INFO - 
Epoch 80/1000
2025-04-09 20:57:41,011 - INFO - Current learning rate: 0.000092
2025-04-09 20:57:58,777 - INFO - Train Loss: 0.0041
2025-04-09 20:57:58,777 - INFO - Train Reg Loss: 11.2886
2025-04-09 20:57:58,777 - INFO - Test Loss: 0.0139
2025-04-09 20:57:58,777 - INFO - Test Reg Loss: 225.2531
2025-04-09 20:57:58,777 - INFO - 
Epoch 81/1000
2025-04-09 20:57:58,777 - INFO - Current learning rate: 0.000092
2025-04-09 20:58:16,544 - INFO - Train Loss: 0.0041
2025-04-09 20:58:16,545 - INFO - Train Reg Loss: 11.2382
2025-04-09 20:58:16,545 - INFO - Test Loss: 0.0145
2025-04-09 20:58:16,545 - INFO - Test Reg Loss: 224.2497
2025-04-09 20:58:16,545 - INFO - 
Epoch 82/1000
2025-04-09 20:58:16,545 - INFO - Current learning rate: 0.000092
2025-04-09 20:58:34,380 - INFO - Train Loss: 0.0041
2025-04-09 20:58:34,381 - INFO - Train Reg Loss: 11.1881
2025-04-09 20:58:34,381 - INFO - Test Loss: 0.0137
2025-04-09 20:58:34,381 - INFO - Test Reg Loss: 223.2445
2025-04-09 20:58:34,381 - INFO - 
Epoch 83/1000
2025-04-09 20:58:34,381 - INFO - Current learning rate: 0.000092
2025-04-09 20:58:52,141 - INFO - Train Loss: 0.0041
2025-04-09 20:58:52,141 - INFO - Train Reg Loss: 11.1381
2025-04-09 20:58:52,141 - INFO - Test Loss: 0.0140
2025-04-09 20:58:52,141 - INFO - Test Reg Loss: 222.2501
2025-04-09 20:58:52,141 - INFO - 
Epoch 84/1000
2025-04-09 20:58:52,141 - INFO - Current learning rate: 0.000092
2025-04-09 20:59:09,895 - INFO - Train Loss: 0.0040
2025-04-09 20:59:09,895 - INFO - Train Reg Loss: 11.0884
2025-04-09 20:59:09,895 - INFO - Test Loss: 0.0137
2025-04-09 20:59:09,896 - INFO - Test Reg Loss: 221.2541
2025-04-09 20:59:09,896 - INFO - 
Epoch 85/1000
2025-04-09 20:59:09,896 - INFO - Current learning rate: 0.000092
2025-04-09 20:59:27,698 - INFO - Train Loss: 0.0041
2025-04-09 20:59:27,699 - INFO - Train Reg Loss: 11.0389
2025-04-09 20:59:27,699 - INFO - Test Loss: 0.0144
2025-04-09 20:59:27,699 - INFO - Test Reg Loss: 220.2748
2025-04-09 20:59:27,699 - INFO - 
Epoch 86/1000
2025-04-09 20:59:27,699 - INFO - Current learning rate: 0.000092
2025-04-09 20:59:45,542 - INFO - Train Loss: 0.0040
2025-04-09 20:59:45,542 - INFO - Train Reg Loss: 10.9902
2025-04-09 20:59:45,542 - INFO - Test Loss: 0.0137
2025-04-09 20:59:45,542 - INFO - Test Reg Loss: 219.2977
2025-04-09 20:59:45,542 - INFO - 
Epoch 87/1000
2025-04-09 20:59:45,542 - INFO - Current learning rate: 0.000092
2025-04-09 21:00:03,436 - INFO - Train Loss: 0.0044
2025-04-09 21:00:03,437 - INFO - Train Reg Loss: 10.9414
2025-04-09 21:00:03,437 - INFO - Test Loss: 0.0140
2025-04-09 21:00:03,437 - INFO - Test Reg Loss: 218.3251
2025-04-09 21:00:03,437 - INFO - 
Epoch 88/1000
2025-04-09 21:00:03,437 - INFO - Current learning rate: 0.000092
2025-04-09 21:00:21,305 - INFO - Train Loss: 0.0041
2025-04-09 21:00:21,306 - INFO - Train Reg Loss: 10.8926
2025-04-09 21:00:21,306 - INFO - Test Loss: 0.0136
2025-04-09 21:00:21,306 - INFO - Test Reg Loss: 217.3454
2025-04-09 21:00:21,306 - INFO - 
Epoch 89/1000
2025-04-09 21:00:21,306 - INFO - Current learning rate: 0.000092
2025-04-09 21:00:39,177 - INFO - Train Loss: 0.0042
2025-04-09 21:00:39,178 - INFO - Train Reg Loss: 10.8438
2025-04-09 21:00:39,178 - INFO - Test Loss: 0.0152
2025-04-09 21:00:39,178 - INFO - Test Reg Loss: 216.3870
2025-04-09 21:00:39,178 - INFO - 
Epoch 90/1000
2025-04-09 21:00:39,178 - INFO - Current learning rate: 0.000091
2025-04-09 21:00:57,076 - INFO - Train Loss: 0.0041
2025-04-09 21:00:57,077 - INFO - Train Reg Loss: 10.7958
2025-04-09 21:00:57,077 - INFO - Test Loss: 0.0141
2025-04-09 21:00:57,077 - INFO - Test Reg Loss: 215.4183
2025-04-09 21:00:57,077 - INFO - 
Epoch 91/1000
2025-04-09 21:00:57,077 - INFO - Current learning rate: 0.000091
2025-04-09 21:01:15,054 - INFO - Train Loss: 0.0040
2025-04-09 21:01:15,055 - INFO - Train Reg Loss: 10.7476
2025-04-09 21:01:15,055 - INFO - Test Loss: 0.0139
2025-04-09 21:01:15,055 - INFO - Test Reg Loss: 214.4570
2025-04-09 21:01:15,055 - INFO - 
Epoch 92/1000
2025-04-09 21:01:15,055 - INFO - Current learning rate: 0.000091
2025-04-09 21:01:33,157 - INFO - Train Loss: 0.0042
2025-04-09 21:01:33,158 - INFO - Train Reg Loss: 10.6998
2025-04-09 21:01:33,158 - INFO - Test Loss: 0.0147
2025-04-09 21:01:33,158 - INFO - Test Reg Loss: 213.5201
2025-04-09 21:01:33,158 - INFO - 
Epoch 93/1000
2025-04-09 21:01:33,158 - INFO - Current learning rate: 0.000091
2025-04-09 21:01:51,377 - INFO - Train Loss: 0.0041
2025-04-09 21:01:51,377 - INFO - Train Reg Loss: 10.6525
2025-04-09 21:01:51,377 - INFO - Test Loss: 0.0153
2025-04-09 21:01:51,377 - INFO - Test Reg Loss: 212.5618
2025-04-09 21:01:51,377 - INFO - 
Epoch 94/1000
2025-04-09 21:01:51,377 - INFO - Current learning rate: 0.000091
2025-04-09 21:02:09,824 - INFO - Train Loss: 0.0041
2025-04-09 21:02:09,825 - INFO - Train Reg Loss: 10.6050
2025-04-09 21:02:09,825 - INFO - Test Loss: 0.0137
2025-04-09 21:02:09,825 - INFO - Test Reg Loss: 211.6087
2025-04-09 21:02:09,825 - INFO - 
Epoch 95/1000
2025-04-09 21:02:09,825 - INFO - Current learning rate: 0.000091
2025-04-09 21:02:28,156 - INFO - Train Loss: 0.0041
2025-04-09 21:02:28,157 - INFO - Train Reg Loss: 10.5576
2025-04-09 21:02:28,157 - INFO - Test Loss: 0.0157
2025-04-09 21:02:28,157 - INFO - Test Reg Loss: 210.6783
2025-04-09 21:02:28,157 - INFO - 
Epoch 96/1000
2025-04-09 21:02:28,157 - INFO - Current learning rate: 0.000091
