2025-04-09 18:25:01,236 - INFO - Using Fast-NN Transformer model
2025-04-09 18:25:01,237 - INFO - Using device: cpu
2025-04-09 18:25:01,853 - INFO - Using device: cpu
2025-04-09 18:25:01,853 - INFO - 
Epoch 1/10
2025-04-09 18:25:01,853 - INFO - Current learning rate: 0.000100
2025-04-09 18:25:12,727 - INFO - Train Loss: 0.4560
2025-04-09 18:25:12,728 - INFO - Train Reg Loss: 1.0384
2025-04-09 18:25:12,728 - INFO - Test Loss: 0.0980
2025-04-09 18:25:12,728 - INFO - Test Reg Loss: 1.0359
2025-04-09 18:25:12,741 - INFO - Saved new best model!
2025-04-09 18:25:12,742 - INFO - 
Epoch 2/10
2025-04-09 18:25:12,742 - INFO - Current learning rate: 0.000100
2025-04-09 18:25:23,818 - INFO - Train Loss: 0.0421
2025-04-09 18:25:23,818 - INFO - Train Reg Loss: 1.1462
2025-04-09 18:25:23,819 - INFO - Test Loss: 0.0890
2025-04-09 18:25:23,819 - INFO - Test Reg Loss: 1.1423
2025-04-09 18:25:23,827 - INFO - Saved new best model!
2025-04-09 18:25:23,827 - INFO - 
Epoch 3/10
2025-04-09 18:25:23,827 - INFO - Current learning rate: 0.000100
2025-04-09 18:25:36,625 - INFO - Train Loss: 0.0207
2025-04-09 18:25:36,626 - INFO - Train Reg Loss: 1.2785
2025-04-09 18:25:36,626 - INFO - Test Loss: 0.0269
2025-04-09 18:25:36,626 - INFO - Test Reg Loss: 1.2733
2025-04-09 18:25:36,633 - INFO - Saved new best model!
2025-04-09 18:25:36,633 - INFO - 
Epoch 4/10
2025-04-09 18:25:36,633 - INFO - Current learning rate: 0.000100
2025-04-09 18:25:48,543 - INFO - Train Loss: 0.0181
2025-04-09 18:25:48,544 - INFO - Train Reg Loss: 1.4464
2025-04-09 18:25:48,544 - INFO - Test Loss: 0.0343
2025-04-09 18:25:48,544 - INFO - Test Reg Loss: 1.4398
2025-04-09 18:25:48,544 - INFO - 
Epoch 5/10
2025-04-09 18:25:48,544 - INFO - Current learning rate: 0.000100
2025-04-09 18:26:00,059 - INFO - Train Loss: 0.0162
2025-04-09 18:26:00,060 - INFO - Train Reg Loss: 1.6675
2025-04-09 18:26:00,060 - INFO - Test Loss: 0.0381
2025-04-09 18:26:00,060 - INFO - Test Reg Loss: 1.6589
2025-04-09 18:26:00,060 - INFO - 
Epoch 6/10
2025-04-09 18:26:00,060 - INFO - Current learning rate: 0.000100
2025-04-09 18:26:12,457 - INFO - Train Loss: 0.0152
2025-04-09 18:26:12,457 - INFO - Train Reg Loss: 1.9729
2025-04-09 18:26:12,457 - INFO - Test Loss: 0.0350
2025-04-09 18:26:12,457 - INFO - Test Reg Loss: 1.9614
2025-04-09 18:26:12,457 - INFO - 
Epoch 7/10
2025-04-09 18:26:12,457 - INFO - Current learning rate: 0.000099
2025-04-09 18:26:25,335 - INFO - Train Loss: 0.0135
2025-04-09 18:26:25,336 - INFO - Train Reg Loss: 2.4237
2025-04-09 18:26:25,336 - INFO - Test Loss: 0.0351
2025-04-09 18:26:25,336 - INFO - Test Reg Loss: 2.4076
2025-04-09 18:26:25,336 - INFO - 
Epoch 8/10
2025-04-09 18:26:25,336 - INFO - Current learning rate: 0.000099
2025-04-09 18:26:38,032 - INFO - Train Loss: 0.0128
2025-04-09 18:26:38,032 - INFO - Train Reg Loss: 3.1590
2025-04-09 18:26:38,032 - INFO - Test Loss: 0.0275
2025-04-09 18:26:38,032 - INFO - Test Reg Loss: 3.1347
2025-04-09 18:26:38,032 - INFO - 
Epoch 9/10
2025-04-09 18:26:38,032 - INFO - Current learning rate: 0.000099
2025-04-09 18:26:49,829 - INFO - Train Loss: 0.0119
2025-04-09 18:26:49,830 - INFO - Train Reg Loss: 4.5804
2025-04-09 18:26:49,830 - INFO - Test Loss: 0.0215
2025-04-09 18:26:49,830 - INFO - Test Reg Loss: 4.5381
2025-04-09 18:26:49,847 - INFO - Saved new best model!
2025-04-09 18:26:49,848 - INFO - 
Epoch 10/10
2025-04-09 18:26:49,848 - INFO - Current learning rate: 0.000099
2025-04-09 18:27:01,320 - INFO - Train Loss: 0.0138
2025-04-09 18:27:01,321 - INFO - Train Reg Loss: 8.5274
2025-04-09 18:27:01,321 - INFO - Test Loss: 0.0324
2025-04-09 18:27:01,321 - INFO - Test Reg Loss: 8.4254
