2025-04-08 20:19:26,210 - INFO - Using Fast-NN Transformer model
2025-04-08 20:19:26,211 - INFO - Using device: cpu
2025-04-08 20:19:26,827 - INFO - Using device: cpu
2025-04-08 20:19:26,827 - INFO - 
Epoch 1/100
2025-04-08 20:19:26,827 - INFO - Current learning rate: 0.000100
2025-04-08 20:19:28,775 - INFO - Train Loss: 0.4030
2025-04-08 20:19:28,775 - INFO - Train Reg Loss: 1.5710
2025-04-08 20:19:28,775 - INFO - Test Loss: 0.4372
2025-04-08 20:19:28,775 - INFO - Test Reg Loss: 1.5692
2025-04-08 20:19:28,825 - INFO - Saved new best model!
2025-04-08 20:19:28,825 - INFO - 
Epoch 2/100
2025-04-08 20:19:28,825 - INFO - Current learning rate: 0.000100
2025-04-08 20:19:30,681 - INFO - Train Loss: 0.0884
2025-04-08 20:19:30,681 - INFO - Train Reg Loss: 1.5820
2025-04-08 20:19:30,681 - INFO - Test Loss: 0.3941
2025-04-08 20:19:30,681 - INFO - Test Reg Loss: 1.5801
2025-04-08 20:19:30,719 - INFO - Saved new best model!
2025-04-08 20:19:30,719 - INFO - 
Epoch 3/100
2025-04-08 20:19:30,719 - INFO - Current learning rate: 0.000100
2025-04-08 20:19:32,581 - INFO - Train Loss: 0.0507
2025-04-08 20:19:32,581 - INFO - Train Reg Loss: 1.5931
2025-04-08 20:19:32,581 - INFO - Test Loss: 0.1518
2025-04-08 20:19:32,581 - INFO - Test Reg Loss: 1.5911
2025-04-08 20:19:32,613 - INFO - Saved new best model!
2025-04-08 20:19:32,613 - INFO - 
Epoch 4/100
2025-04-08 20:19:32,613 - INFO - Current learning rate: 0.000100
2025-04-08 20:19:34,463 - INFO - Train Loss: 0.0297
2025-04-08 20:19:34,463 - INFO - Train Reg Loss: 1.6044
2025-04-08 20:19:34,463 - INFO - Test Loss: 0.0833
2025-04-08 20:19:34,463 - INFO - Test Reg Loss: 1.6024
2025-04-08 20:19:34,512 - INFO - Saved new best model!
2025-04-08 20:19:34,512 - INFO - 
Epoch 5/100
2025-04-08 20:19:34,512 - INFO - Current learning rate: 0.000100
2025-04-08 20:19:36,365 - INFO - Train Loss: 0.0202
2025-04-08 20:19:36,365 - INFO - Train Reg Loss: 1.6152
2025-04-08 20:19:36,365 - INFO - Test Loss: 0.0919
2025-04-08 20:19:36,365 - INFO - Test Reg Loss: 1.6133
2025-04-08 20:19:36,365 - INFO - 
Epoch 6/100
2025-04-08 20:19:36,365 - INFO - Current learning rate: 0.000100
2025-04-08 20:19:38,230 - INFO - Train Loss: 0.0207
2025-04-08 20:19:38,230 - INFO - Train Reg Loss: 1.6260
2025-04-08 20:19:38,230 - INFO - Test Loss: 0.0994
2025-04-08 20:19:38,231 - INFO - Test Reg Loss: 1.6240
2025-04-08 20:19:38,231 - INFO - 
Epoch 7/100
2025-04-08 20:19:38,231 - INFO - Current learning rate: 0.000099
2025-04-08 20:19:40,103 - INFO - Train Loss: 0.0208
2025-04-08 20:19:40,103 - INFO - Train Reg Loss: 1.6370
2025-04-08 20:19:40,103 - INFO - Test Loss: 0.0931
2025-04-08 20:19:40,103 - INFO - Test Reg Loss: 1.6350
2025-04-08 20:19:40,103 - INFO - 
Epoch 8/100
2025-04-08 20:19:40,103 - INFO - Current learning rate: 0.000099
2025-04-08 20:19:41,943 - INFO - Train Loss: 0.0183
2025-04-08 20:19:41,943 - INFO - Train Reg Loss: 1.6482
2025-04-08 20:19:41,943 - INFO - Test Loss: 0.1018
2025-04-08 20:19:41,943 - INFO - Test Reg Loss: 1.6462
2025-04-08 20:19:41,943 - INFO - 
Epoch 9/100
2025-04-08 20:19:41,943 - INFO - Current learning rate: 0.000099
2025-04-08 20:19:43,807 - INFO - Train Loss: 0.0183
2025-04-08 20:19:43,808 - INFO - Train Reg Loss: 1.6596
2025-04-08 20:19:43,808 - INFO - Test Loss: 0.1053
2025-04-08 20:19:43,808 - INFO - Test Reg Loss: 1.6576
2025-04-08 20:19:43,808 - INFO - 
Epoch 10/100
2025-04-08 20:19:43,808 - INFO - Current learning rate: 0.000099
2025-04-08 20:19:45,670 - INFO - Train Loss: 0.0169
2025-04-08 20:19:45,670 - INFO - Train Reg Loss: 1.6712
2025-04-08 20:19:45,670 - INFO - Test Loss: 0.1001
2025-04-08 20:19:45,670 - INFO - Test Reg Loss: 1.6692
2025-04-08 20:19:45,670 - INFO - 
Epoch 11/100
2025-04-08 20:19:45,670 - INFO - Current learning rate: 0.000099
2025-04-08 20:19:47,559 - INFO - Train Loss: 0.0157
2025-04-08 20:19:47,559 - INFO - Train Reg Loss: 1.6831
2025-04-08 20:19:47,559 - INFO - Test Loss: 0.0812
2025-04-08 20:19:47,559 - INFO - Test Reg Loss: 1.6810
2025-04-08 20:19:47,611 - INFO - Saved new best model!
2025-04-08 20:19:47,611 - INFO - 
Epoch 12/100
2025-04-08 20:19:47,611 - INFO - Current learning rate: 0.000099
2025-04-08 20:19:49,480 - INFO - Train Loss: 0.0170
2025-04-08 20:19:49,480 - INFO - Train Reg Loss: 1.6951
2025-04-08 20:19:49,480 - INFO - Test Loss: 0.0890
2025-04-08 20:19:49,480 - INFO - Test Reg Loss: 1.6930
2025-04-08 20:19:49,480 - INFO - 
Epoch 13/100
2025-04-08 20:19:49,480 - INFO - Current learning rate: 0.000099
2025-04-08 20:19:51,311 - INFO - Train Loss: 0.0150
2025-04-08 20:19:51,311 - INFO - Train Reg Loss: 1.7074
2025-04-08 20:19:51,311 - INFO - Test Loss: 0.1069
2025-04-08 20:19:51,311 - INFO - Test Reg Loss: 1.7052
2025-04-08 20:19:51,312 - INFO - 
Epoch 14/100
2025-04-08 20:19:51,312 - INFO - Current learning rate: 0.000099
2025-04-08 20:19:53,164 - INFO - Train Loss: 0.0183
2025-04-08 20:19:53,164 - INFO - Train Reg Loss: 1.7199
2025-04-08 20:19:53,164 - INFO - Test Loss: 0.0936
2025-04-08 20:19:53,164 - INFO - Test Reg Loss: 1.7177
2025-04-08 20:19:53,164 - INFO - 
Epoch 15/100
2025-04-08 20:19:53,164 - INFO - Current learning rate: 0.000099
2025-04-08 20:19:55,012 - INFO - Train Loss: 0.0191
2025-04-08 20:19:55,012 - INFO - Train Reg Loss: 1.7327
2025-04-08 20:19:55,012 - INFO - Test Loss: 0.0803
2025-04-08 20:19:55,012 - INFO - Test Reg Loss: 1.7305
2025-04-08 20:19:55,046 - INFO - Saved new best model!
2025-04-08 20:19:55,047 - INFO - 
Epoch 16/100
2025-04-08 20:19:55,047 - INFO - Current learning rate: 0.000099
2025-04-08 20:19:56,919 - INFO - Train Loss: 0.0171
2025-04-08 20:19:56,919 - INFO - Train Reg Loss: 1.7458
2025-04-08 20:19:56,919 - INFO - Test Loss: 0.0878
2025-04-08 20:19:56,919 - INFO - Test Reg Loss: 1.7436
2025-04-08 20:19:56,919 - INFO - 
Epoch 17/100
2025-04-08 20:19:56,919 - INFO - Current learning rate: 0.000098
2025-04-08 20:19:58,745 - INFO - Train Loss: 0.0163
2025-04-08 20:19:58,746 - INFO - Train Reg Loss: 1.7590
2025-04-08 20:19:58,746 - INFO - Test Loss: 0.0847
2025-04-08 20:19:58,746 - INFO - Test Reg Loss: 1.7568
2025-04-08 20:19:58,746 - INFO - 
Epoch 18/100
2025-04-08 20:19:58,746 - INFO - Current learning rate: 0.000098
2025-04-08 20:20:00,542 - INFO - Train Loss: 0.0153
2025-04-08 20:20:00,542 - INFO - Train Reg Loss: 1.7717
2025-04-08 20:20:00,542 - INFO - Test Loss: 0.0992
2025-04-08 20:20:00,542 - INFO - Test Reg Loss: 1.7695
2025-04-08 20:20:00,542 - INFO - 
Epoch 19/100
2025-04-08 20:20:00,542 - INFO - Current learning rate: 0.000098
2025-04-08 20:20:02,340 - INFO - Train Loss: 0.0135
2025-04-08 20:20:02,340 - INFO - Train Reg Loss: 1.7847
2025-04-08 20:20:02,340 - INFO - Test Loss: 0.1025
2025-04-08 20:20:02,340 - INFO - Test Reg Loss: 1.7825
2025-04-08 20:20:02,340 - INFO - 
Epoch 20/100
2025-04-08 20:20:02,340 - INFO - Current learning rate: 0.000098
2025-04-08 20:20:04,151 - INFO - Train Loss: 0.0153
2025-04-08 20:20:04,151 - INFO - Train Reg Loss: 1.7980
2025-04-08 20:20:04,151 - INFO - Test Loss: 0.0853
2025-04-08 20:20:04,151 - INFO - Test Reg Loss: 1.7957
2025-04-08 20:20:04,151 - INFO - 
Epoch 21/100
2025-04-08 20:20:04,151 - INFO - Current learning rate: 0.000098
2025-04-08 20:20:05,970 - INFO - Train Loss: 0.0129
2025-04-08 20:20:05,970 - INFO - Train Reg Loss: 1.8111
2025-04-08 20:20:05,970 - INFO - Test Loss: 0.1014
2025-04-08 20:20:05,970 - INFO - Test Reg Loss: 1.8089
2025-04-08 20:20:05,970 - INFO - 
Epoch 22/100
2025-04-08 20:20:05,970 - INFO - Current learning rate: 0.000098
2025-04-08 20:20:07,792 - INFO - Train Loss: 0.0157
2025-04-08 20:20:07,792 - INFO - Train Reg Loss: 1.8236
2025-04-08 20:20:07,792 - INFO - Test Loss: 0.0872
2025-04-08 20:20:07,792 - INFO - Test Reg Loss: 1.8215
2025-04-08 20:20:07,792 - INFO - 
Epoch 23/100
2025-04-08 20:20:07,792 - INFO - Current learning rate: 0.000098
2025-04-08 20:20:09,589 - INFO - Train Loss: 0.0155
2025-04-08 20:20:09,589 - INFO - Train Reg Loss: 1.8346
2025-04-08 20:20:09,589 - INFO - Test Loss: 0.0942
2025-04-08 20:20:09,589 - INFO - Test Reg Loss: 1.8325
2025-04-08 20:20:09,589 - INFO - 
Epoch 24/100
2025-04-08 20:20:09,589 - INFO - Current learning rate: 0.000098
2025-04-08 20:20:11,390 - INFO - Train Loss: 0.0142
2025-04-08 20:20:11,390 - INFO - Train Reg Loss: 1.8450
2025-04-08 20:20:11,391 - INFO - Test Loss: 0.1019
2025-04-08 20:20:11,391 - INFO - Test Reg Loss: 1.8429
2025-04-08 20:20:11,391 - INFO - 
Epoch 25/100
2025-04-08 20:20:11,391 - INFO - Current learning rate: 0.000098
2025-04-08 20:20:13,205 - INFO - Train Loss: 0.0166
2025-04-08 20:20:13,205 - INFO - Train Reg Loss: 1.8556
2025-04-08 20:20:13,205 - INFO - Test Loss: 0.0901
2025-04-08 20:20:13,205 - INFO - Test Reg Loss: 1.8535
2025-04-08 20:20:13,205 - INFO - 
Epoch 26/100
2025-04-08 20:20:13,205 - INFO - Current learning rate: 0.000098
2025-04-08 20:20:15,003 - INFO - Train Loss: 0.0150
2025-04-08 20:20:15,003 - INFO - Train Reg Loss: 1.8664
2025-04-08 20:20:15,003 - INFO - Test Loss: 0.0869
2025-04-08 20:20:15,003 - INFO - Test Reg Loss: 1.8643
2025-04-08 20:20:15,003 - INFO - 
Epoch 27/100
2025-04-08 20:20:15,003 - INFO - Current learning rate: 0.000097
2025-04-08 20:20:16,817 - INFO - Train Loss: 0.0134
2025-04-08 20:20:16,817 - INFO - Train Reg Loss: 1.8775
2025-04-08 20:20:16,818 - INFO - Test Loss: 0.0864
2025-04-08 20:20:16,818 - INFO - Test Reg Loss: 1.8753
2025-04-08 20:20:16,818 - INFO - 
Epoch 28/100
2025-04-08 20:20:16,818 - INFO - Current learning rate: 0.000097
2025-04-08 20:20:18,622 - INFO - Train Loss: 0.0129
2025-04-08 20:20:18,622 - INFO - Train Reg Loss: 1.8888
2025-04-08 20:20:18,622 - INFO - Test Loss: 0.0951
2025-04-08 20:20:18,622 - INFO - Test Reg Loss: 1.8866
2025-04-08 20:20:18,622 - INFO - 
Epoch 29/100
2025-04-08 20:20:18,622 - INFO - Current learning rate: 0.000097
2025-04-08 20:20:20,420 - INFO - Train Loss: 0.0131
2025-04-08 20:20:20,420 - INFO - Train Reg Loss: 1.9004
2025-04-08 20:20:20,420 - INFO - Test Loss: 0.0837
2025-04-08 20:20:20,420 - INFO - Test Reg Loss: 1.8982
2025-04-08 20:20:20,420 - INFO - 
Epoch 30/100
2025-04-08 20:20:20,420 - INFO - Current learning rate: 0.000097
2025-04-08 20:20:22,222 - INFO - Train Loss: 0.0127
2025-04-08 20:20:22,222 - INFO - Train Reg Loss: 1.9113
2025-04-08 20:20:22,222 - INFO - Test Loss: 0.0920
2025-04-08 20:20:22,222 - INFO - Test Reg Loss: 1.9091
2025-04-08 20:20:22,222 - INFO - 
Epoch 31/100
2025-04-08 20:20:22,222 - INFO - Current learning rate: 0.000097
2025-04-08 20:20:24,093 - INFO - Train Loss: 0.0138
2025-04-08 20:20:24,093 - INFO - Train Reg Loss: 1.9223
2025-04-08 20:20:24,093 - INFO - Test Loss: 0.0836
2025-04-08 20:20:24,093 - INFO - Test Reg Loss: 1.9201
2025-04-08 20:20:24,093 - INFO - 
Epoch 32/100
2025-04-08 20:20:24,093 - INFO - Current learning rate: 0.000097
2025-04-08 20:20:25,928 - INFO - Train Loss: 0.0157
2025-04-08 20:20:25,928 - INFO - Train Reg Loss: 1.9336
2025-04-08 20:20:25,928 - INFO - Test Loss: 0.1008
2025-04-08 20:20:25,928 - INFO - Test Reg Loss: 1.9313
2025-04-08 20:20:25,928 - INFO - 
Epoch 33/100
2025-04-08 20:20:25,928 - INFO - Current learning rate: 0.000097
2025-04-08 20:20:27,736 - INFO - Train Loss: 0.0171
2025-04-08 20:20:27,737 - INFO - Train Reg Loss: 1.9445
2025-04-08 20:20:27,737 - INFO - Test Loss: 0.0824
2025-04-08 20:20:27,737 - INFO - Test Reg Loss: 1.9423
2025-04-08 20:20:27,737 - INFO - 
Epoch 34/100
2025-04-08 20:20:27,737 - INFO - Current learning rate: 0.000097
2025-04-08 20:20:29,534 - INFO - Train Loss: 0.0164
2025-04-08 20:20:29,534 - INFO - Train Reg Loss: 1.9544
2025-04-08 20:20:29,534 - INFO - Test Loss: 0.0850
2025-04-08 20:20:29,534 - INFO - Test Reg Loss: 1.9523
2025-04-08 20:20:29,534 - INFO - 
Epoch 35/100
2025-04-08 20:20:29,534 - INFO - Current learning rate: 0.000097
2025-04-08 20:20:31,338 - INFO - Train Loss: 0.0161
2025-04-08 20:20:31,338 - INFO - Train Reg Loss: 1.9643
2025-04-08 20:20:31,338 - INFO - Test Loss: 0.0878
2025-04-08 20:20:31,338 - INFO - Test Reg Loss: 1.9621
2025-04-08 20:20:31,338 - INFO - 
Epoch 36/100
2025-04-08 20:20:31,338 - INFO - Current learning rate: 0.000097
2025-04-08 20:20:33,142 - INFO - Train Loss: 0.0142
2025-04-08 20:20:33,142 - INFO - Train Reg Loss: 1.9744
2025-04-08 20:20:33,142 - INFO - Test Loss: 0.0822
2025-04-08 20:20:33,142 - INFO - Test Reg Loss: 1.9721
2025-04-08 20:20:33,142 - INFO - 
Epoch 37/100
2025-04-08 20:20:33,142 - INFO - Current learning rate: 0.000096
2025-04-08 20:20:34,952 - INFO - Train Loss: 0.0132
2025-04-08 20:20:34,952 - INFO - Train Reg Loss: 1.9840
2025-04-08 20:20:34,952 - INFO - Test Loss: 0.1085
2025-04-08 20:20:34,953 - INFO - Test Reg Loss: 1.9819
2025-04-08 20:20:34,953 - INFO - 
Epoch 38/100
2025-04-08 20:20:34,953 - INFO - Current learning rate: 0.000096
2025-04-08 20:20:36,752 - INFO - Train Loss: 0.0140
2025-04-08 20:20:36,752 - INFO - Train Reg Loss: 1.9935
2025-04-08 20:20:36,752 - INFO - Test Loss: 0.0806
2025-04-08 20:20:36,752 - INFO - Test Reg Loss: 1.9913
2025-04-08 20:20:36,752 - INFO - 
Epoch 39/100
2025-04-08 20:20:36,752 - INFO - Current learning rate: 0.000096
2025-04-08 20:20:38,562 - INFO - Train Loss: 0.0155
2025-04-08 20:20:38,562 - INFO - Train Reg Loss: 2.0031
2025-04-08 20:20:38,562 - INFO - Test Loss: 0.1133
2025-04-08 20:20:38,562 - INFO - Test Reg Loss: 2.0009
2025-04-08 20:20:38,562 - INFO - 
Epoch 40/100
2025-04-08 20:20:38,562 - INFO - Current learning rate: 0.000096
2025-04-08 20:20:40,371 - INFO - Train Loss: 0.0201
2025-04-08 20:20:40,372 - INFO - Train Reg Loss: 2.0122
2025-04-08 20:20:40,372 - INFO - Test Loss: 0.0920
2025-04-08 20:20:40,372 - INFO - Test Reg Loss: 2.0100
2025-04-08 20:20:40,372 - INFO - 
Epoch 41/100
2025-04-08 20:20:40,372 - INFO - Current learning rate: 0.000096
2025-04-08 20:20:42,174 - INFO - Train Loss: 0.0181
2025-04-08 20:20:42,174 - INFO - Train Reg Loss: 2.0211
2025-04-08 20:20:42,174 - INFO - Test Loss: 0.0803
2025-04-08 20:20:42,174 - INFO - Test Reg Loss: 2.0189
2025-04-08 20:20:42,204 - INFO - Saved new best model!
2025-04-08 20:20:42,204 - INFO - 
Epoch 42/100
2025-04-08 20:20:42,204 - INFO - Current learning rate: 0.000096
2025-04-08 20:20:44,027 - INFO - Train Loss: 0.0155
2025-04-08 20:20:44,027 - INFO - Train Reg Loss: 2.0304
2025-04-08 20:20:44,027 - INFO - Test Loss: 0.0956
2025-04-08 20:20:44,027 - INFO - Test Reg Loss: 2.0283
2025-04-08 20:20:44,027 - INFO - 
Epoch 43/100
2025-04-08 20:20:44,027 - INFO - Current learning rate: 0.000096
2025-04-08 20:20:45,840 - INFO - Train Loss: 0.0128
2025-04-08 20:20:45,840 - INFO - Train Reg Loss: 2.0399
2025-04-08 20:20:45,840 - INFO - Test Loss: 0.0790
2025-04-08 20:20:45,840 - INFO - Test Reg Loss: 2.0378
2025-04-08 20:20:45,882 - INFO - Saved new best model!
2025-04-08 20:20:45,882 - INFO - 
Epoch 44/100
2025-04-08 20:20:45,882 - INFO - Current learning rate: 0.000096
2025-04-08 20:20:47,701 - INFO - Train Loss: 0.0127
2025-04-08 20:20:47,701 - INFO - Train Reg Loss: 2.0485
2025-04-08 20:20:47,701 - INFO - Test Loss: 0.0972
2025-04-08 20:20:47,701 - INFO - Test Reg Loss: 2.0463
2025-04-08 20:20:47,701 - INFO - 
Epoch 45/100
2025-04-08 20:20:47,701 - INFO - Current learning rate: 0.000096
2025-04-08 20:20:49,510 - INFO - Train Loss: 0.0136
2025-04-08 20:20:49,510 - INFO - Train Reg Loss: 2.0573
2025-04-08 20:20:49,510 - INFO - Test Loss: 0.0886
2025-04-08 20:20:49,510 - INFO - Test Reg Loss: 2.0552
2025-04-08 20:20:49,510 - INFO - 
Epoch 46/100
2025-04-08 20:20:49,510 - INFO - Current learning rate: 0.000096
2025-04-08 20:20:51,320 - INFO - Train Loss: 0.0130
2025-04-08 20:20:51,320 - INFO - Train Reg Loss: 2.0665
2025-04-08 20:20:51,320 - INFO - Test Loss: 0.0768
2025-04-08 20:20:51,320 - INFO - Test Reg Loss: 2.0642
2025-04-08 20:20:51,362 - INFO - Saved new best model!
2025-04-08 20:20:51,362 - INFO - 
Epoch 47/100
2025-04-08 20:20:51,362 - INFO - Current learning rate: 0.000096
2025-04-08 20:20:53,184 - INFO - Train Loss: 0.0154
2025-04-08 20:20:53,184 - INFO - Train Reg Loss: 2.0758
2025-04-08 20:20:53,184 - INFO - Test Loss: 0.0934
2025-04-08 20:20:53,184 - INFO - Test Reg Loss: 2.0736
2025-04-08 20:20:53,184 - INFO - 
Epoch 48/100
2025-04-08 20:20:53,184 - INFO - Current learning rate: 0.000095
2025-04-08 20:20:55,001 - INFO - Train Loss: 0.0167
2025-04-08 20:20:55,001 - INFO - Train Reg Loss: 2.0855
2025-04-08 20:20:55,001 - INFO - Test Loss: 0.0851
2025-04-08 20:20:55,001 - INFO - Test Reg Loss: 2.0832
2025-04-08 20:20:55,001 - INFO - 
Epoch 49/100
2025-04-08 20:20:55,001 - INFO - Current learning rate: 0.000095
2025-04-08 20:20:56,820 - INFO - Train Loss: 0.0145
2025-04-08 20:20:56,820 - INFO - Train Reg Loss: 2.0954
2025-04-08 20:20:56,821 - INFO - Test Loss: 0.0808
2025-04-08 20:20:56,821 - INFO - Test Reg Loss: 2.0931
2025-04-08 20:20:56,821 - INFO - 
Epoch 50/100
2025-04-08 20:20:56,821 - INFO - Current learning rate: 0.000095
2025-04-08 20:20:58,670 - INFO - Train Loss: 0.0137
2025-04-08 20:20:58,670 - INFO - Train Reg Loss: 2.1057
2025-04-08 20:20:58,670 - INFO - Test Loss: 0.0888
2025-04-08 20:20:58,670 - INFO - Test Reg Loss: 2.1032
2025-04-08 20:20:58,670 - INFO - 
Epoch 51/100
2025-04-08 20:20:58,670 - INFO - Current learning rate: 0.000095
2025-04-08 20:21:00,518 - INFO - Train Loss: 0.0140
2025-04-08 20:21:00,518 - INFO - Train Reg Loss: 2.1162
2025-04-08 20:21:00,518 - INFO - Test Loss: 0.0834
2025-04-08 20:21:00,518 - INFO - Test Reg Loss: 2.1137
2025-04-08 20:21:00,518 - INFO - 
Epoch 52/100
2025-04-08 20:21:00,518 - INFO - Current learning rate: 0.000095
2025-04-08 20:21:02,333 - INFO - Train Loss: 0.0126
2025-04-08 20:21:02,333 - INFO - Train Reg Loss: 2.1256
2025-04-08 20:21:02,333 - INFO - Test Loss: 0.1001
2025-04-08 20:21:02,333 - INFO - Test Reg Loss: 2.1233
2025-04-08 20:21:02,333 - INFO - 
Epoch 53/100
2025-04-08 20:21:02,333 - INFO - Current learning rate: 0.000095
2025-04-08 20:21:04,163 - INFO - Train Loss: 0.0141
2025-04-08 20:21:04,163 - INFO - Train Reg Loss: 2.1338
2025-04-08 20:21:04,164 - INFO - Test Loss: 0.0910
2025-04-08 20:21:04,164 - INFO - Test Reg Loss: 2.1315
2025-04-08 20:21:04,164 - INFO - 
Epoch 54/100
2025-04-08 20:21:04,164 - INFO - Current learning rate: 0.000095
2025-04-08 20:21:05,991 - INFO - Train Loss: 0.0129
2025-04-08 20:21:05,991 - INFO - Train Reg Loss: 2.1424
2025-04-08 20:21:05,992 - INFO - Test Loss: 0.0914
2025-04-08 20:21:05,992 - INFO - Test Reg Loss: 2.1400
2025-04-08 20:21:05,992 - INFO - 
Epoch 55/100
2025-04-08 20:21:05,992 - INFO - Current learning rate: 0.000095
2025-04-08 20:21:07,816 - INFO - Train Loss: 0.0103
2025-04-08 20:21:07,816 - INFO - Train Reg Loss: 2.1513
2025-04-08 20:21:07,816 - INFO - Test Loss: 0.0837
2025-04-08 20:21:07,817 - INFO - Test Reg Loss: 2.1491
2025-04-08 20:21:07,817 - INFO - 
Epoch 56/100
2025-04-08 20:21:07,817 - INFO - Current learning rate: 0.000095
2025-04-08 20:21:09,633 - INFO - Train Loss: 0.0102
2025-04-08 20:21:09,633 - INFO - Train Reg Loss: 2.1607
2025-04-08 20:21:09,633 - INFO - Test Loss: 0.1038
2025-04-08 20:21:09,633 - INFO - Test Reg Loss: 2.1584
2025-04-08 20:21:09,633 - INFO - 
Epoch 57/100
2025-04-08 20:21:09,633 - INFO - Current learning rate: 0.000095
2025-04-08 20:21:11,457 - INFO - Train Loss: 0.0125
2025-04-08 20:21:11,457 - INFO - Train Reg Loss: 2.1704
2025-04-08 20:21:11,457 - INFO - Test Loss: 0.0880
2025-04-08 20:21:11,458 - INFO - Test Reg Loss: 2.1681
2025-04-08 20:21:11,458 - INFO - 
Epoch 58/100
2025-04-08 20:21:11,458 - INFO - Current learning rate: 0.000094
2025-04-08 20:21:13,292 - INFO - Train Loss: 0.0132
2025-04-08 20:21:13,292 - INFO - Train Reg Loss: 2.1793
2025-04-08 20:21:13,292 - INFO - Test Loss: 0.0997
2025-04-08 20:21:13,292 - INFO - Test Reg Loss: 2.1772
2025-04-08 20:21:13,292 - INFO - 
Epoch 59/100
2025-04-08 20:21:13,292 - INFO - Current learning rate: 0.000094
2025-04-08 20:21:15,105 - INFO - Train Loss: 0.0154
2025-04-08 20:21:15,105 - INFO - Train Reg Loss: 2.1864
2025-04-08 20:21:15,105 - INFO - Test Loss: 0.0782
2025-04-08 20:21:15,105 - INFO - Test Reg Loss: 2.1844
2025-04-08 20:21:15,105 - INFO - 
Epoch 60/100
2025-04-08 20:21:15,105 - INFO - Current learning rate: 0.000094
2025-04-08 20:21:16,923 - INFO - Train Loss: 0.0131
2025-04-08 20:21:16,923 - INFO - Train Reg Loss: 2.1922
2025-04-08 20:21:16,923 - INFO - Test Loss: 0.0959
2025-04-08 20:21:16,923 - INFO - Test Reg Loss: 2.1902
2025-04-08 20:21:16,923 - INFO - 
Epoch 61/100
2025-04-08 20:21:16,923 - INFO - Current learning rate: 0.000094
2025-04-08 20:21:18,768 - INFO - Train Loss: 0.0112
2025-04-08 20:21:18,768 - INFO - Train Reg Loss: 2.1982
2025-04-08 20:21:18,768 - INFO - Test Loss: 0.0820
2025-04-08 20:21:18,768 - INFO - Test Reg Loss: 2.1961
2025-04-08 20:21:18,768 - INFO - 
Epoch 62/100
2025-04-08 20:21:18,768 - INFO - Current learning rate: 0.000094
2025-04-08 20:21:20,651 - INFO - Train Loss: 0.0138
2025-04-08 20:21:20,651 - INFO - Train Reg Loss: 2.2044
2025-04-08 20:21:20,651 - INFO - Test Loss: 0.0752
2025-04-08 20:21:20,651 - INFO - Test Reg Loss: 2.2022
2025-04-08 20:21:20,687 - INFO - Saved new best model!
2025-04-08 20:21:20,687 - INFO - 
Epoch 63/100
2025-04-08 20:21:20,687 - INFO - Current learning rate: 0.000094
2025-04-08 20:21:22,591 - INFO - Train Loss: 0.0139
2025-04-08 20:21:22,591 - INFO - Train Reg Loss: 2.2108
2025-04-08 20:21:22,591 - INFO - Test Loss: 0.0907
2025-04-08 20:21:22,591 - INFO - Test Reg Loss: 2.2086
2025-04-08 20:21:22,591 - INFO - 
Epoch 64/100
2025-04-08 20:21:22,591 - INFO - Current learning rate: 0.000094
2025-04-08 20:21:24,505 - INFO - Train Loss: 0.0115
2025-04-08 20:21:24,506 - INFO - Train Reg Loss: 2.2166
2025-04-08 20:21:24,506 - INFO - Test Loss: 0.0809
2025-04-08 20:21:24,506 - INFO - Test Reg Loss: 2.2145
2025-04-08 20:21:24,506 - INFO - 
Epoch 65/100
2025-04-08 20:21:24,506 - INFO - Current learning rate: 0.000094
2025-04-08 20:21:26,401 - INFO - Train Loss: 0.0114
2025-04-08 20:21:26,401 - INFO - Train Reg Loss: 2.2211
2025-04-08 20:21:26,401 - INFO - Test Loss: 0.0810
2025-04-08 20:21:26,401 - INFO - Test Reg Loss: 2.2192
2025-04-08 20:21:26,401 - INFO - 
Epoch 66/100
2025-04-08 20:21:26,401 - INFO - Current learning rate: 0.000094
2025-04-08 20:21:28,310 - INFO - Train Loss: 0.0113
2025-04-08 20:21:28,310 - INFO - Train Reg Loss: 2.2245
2025-04-08 20:21:28,310 - INFO - Test Loss: 0.0850
2025-04-08 20:21:28,310 - INFO - Test Reg Loss: 2.2225
2025-04-08 20:21:28,310 - INFO - 
Epoch 67/100
2025-04-08 20:21:28,310 - INFO - Current learning rate: 0.000094
2025-04-08 20:21:30,362 - INFO - Train Loss: 0.0129
2025-04-08 20:21:30,363 - INFO - Train Reg Loss: 2.2281
2025-04-08 20:21:30,363 - INFO - Test Loss: 0.0792
2025-04-08 20:21:30,363 - INFO - Test Reg Loss: 2.2260
2025-04-08 20:21:30,363 - INFO - 
Epoch 68/100
2025-04-08 20:21:30,363 - INFO - Current learning rate: 0.000094
2025-04-08 20:21:32,358 - INFO - Train Loss: 0.0132
2025-04-08 20:21:32,358 - INFO - Train Reg Loss: 2.2318
2025-04-08 20:21:32,358 - INFO - Test Loss: 0.0881
2025-04-08 20:21:32,358 - INFO - Test Reg Loss: 2.2296
2025-04-08 20:21:32,358 - INFO - 
Epoch 69/100
2025-04-08 20:21:32,358 - INFO - Current learning rate: 0.000093
2025-04-08 20:21:34,287 - INFO - Train Loss: 0.0111
2025-04-08 20:21:34,287 - INFO - Train Reg Loss: 2.2356
2025-04-08 20:21:34,287 - INFO - Test Loss: 0.0969
2025-04-08 20:21:34,287 - INFO - Test Reg Loss: 2.2334
2025-04-08 20:21:34,287 - INFO - 
Epoch 70/100
2025-04-08 20:21:34,287 - INFO - Current learning rate: 0.000093
2025-04-08 20:21:36,242 - INFO - Train Loss: 0.0121
2025-04-08 20:21:36,242 - INFO - Train Reg Loss: 2.2396
2025-04-08 20:21:36,242 - INFO - Test Loss: 0.0898
2025-04-08 20:21:36,242 - INFO - Test Reg Loss: 2.2373
2025-04-08 20:21:36,242 - INFO - 
Epoch 71/100
2025-04-08 20:21:36,243 - INFO - Current learning rate: 0.000093
2025-04-08 20:21:38,186 - INFO - Train Loss: 0.0137
2025-04-08 20:21:38,186 - INFO - Train Reg Loss: 2.2437
2025-04-08 20:21:38,186 - INFO - Test Loss: 0.0818
2025-04-08 20:21:38,186 - INFO - Test Reg Loss: 2.2413
2025-04-08 20:21:38,186 - INFO - 
Epoch 72/100
2025-04-08 20:21:38,186 - INFO - Current learning rate: 0.000093
2025-04-08 20:21:40,126 - INFO - Train Loss: 0.0116
2025-04-08 20:21:40,126 - INFO - Train Reg Loss: 2.2480
2025-04-08 20:21:40,126 - INFO - Test Loss: 0.0776
2025-04-08 20:21:40,126 - INFO - Test Reg Loss: 2.2456
2025-04-08 20:21:40,126 - INFO - 
Epoch 73/100
2025-04-08 20:21:40,126 - INFO - Current learning rate: 0.000093
2025-04-08 20:21:42,109 - INFO - Train Loss: 0.0122
2025-04-08 20:21:42,109 - INFO - Train Reg Loss: 2.2525
2025-04-08 20:21:42,109 - INFO - Test Loss: 0.0837
2025-04-08 20:21:42,109 - INFO - Test Reg Loss: 2.2500
2025-04-08 20:21:42,109 - INFO - 
Epoch 74/100
2025-04-08 20:21:42,109 - INFO - Current learning rate: 0.000093
2025-04-08 20:21:44,066 - INFO - Train Loss: 0.0125
2025-04-08 20:21:44,066 - INFO - Train Reg Loss: 2.2572
2025-04-08 20:21:44,066 - INFO - Test Loss: 0.0927
2025-04-08 20:21:44,066 - INFO - Test Reg Loss: 2.2546
2025-04-08 20:21:44,066 - INFO - 
Epoch 75/100
2025-04-08 20:21:44,066 - INFO - Current learning rate: 0.000093
2025-04-08 20:21:46,002 - INFO - Train Loss: 0.0112
2025-04-08 20:21:46,002 - INFO - Train Reg Loss: 2.2621
2025-04-08 20:21:46,002 - INFO - Test Loss: 0.0881
2025-04-08 20:21:46,002 - INFO - Test Reg Loss: 2.2594
2025-04-08 20:21:46,002 - INFO - 
Epoch 76/100
2025-04-08 20:21:46,002 - INFO - Current learning rate: 0.000093
2025-04-08 20:21:47,940 - INFO - Train Loss: 0.0123
2025-04-08 20:21:47,940 - INFO - Train Reg Loss: 2.2673
2025-04-08 20:21:47,940 - INFO - Test Loss: 0.0842
2025-04-08 20:21:47,940 - INFO - Test Reg Loss: 2.2644
2025-04-08 20:21:47,940 - INFO - 
Epoch 77/100
2025-04-08 20:21:47,940 - INFO - Current learning rate: 0.000093
2025-04-08 20:21:49,858 - INFO - Train Loss: 0.0114
2025-04-08 20:21:49,858 - INFO - Train Reg Loss: 2.2727
2025-04-08 20:21:49,858 - INFO - Test Loss: 0.0829
2025-04-08 20:21:49,858 - INFO - Test Reg Loss: 2.2697
2025-04-08 20:21:49,858 - INFO - 
Epoch 78/100
2025-04-08 20:21:49,858 - INFO - Current learning rate: 0.000093
2025-04-08 20:21:51,772 - INFO - Train Loss: 0.0113
2025-04-08 20:21:51,772 - INFO - Train Reg Loss: 2.2783
2025-04-08 20:21:51,772 - INFO - Test Loss: 0.0879
2025-04-08 20:21:51,772 - INFO - Test Reg Loss: 2.2752
2025-04-08 20:21:51,772 - INFO - 
Epoch 79/100
2025-04-08 20:21:51,772 - INFO - Current learning rate: 0.000092
2025-04-08 20:21:53,720 - INFO - Train Loss: 0.0115
2025-04-08 20:21:53,720 - INFO - Train Reg Loss: 2.2843
2025-04-08 20:21:53,720 - INFO - Test Loss: 0.0800
2025-04-08 20:21:53,720 - INFO - Test Reg Loss: 2.2811
2025-04-08 20:21:53,720 - INFO - 
Epoch 80/100
2025-04-08 20:21:53,720 - INFO - Current learning rate: 0.000092
2025-04-08 20:21:55,635 - INFO - Train Loss: 0.0122
2025-04-08 20:21:55,636 - INFO - Train Reg Loss: 2.2905
2025-04-08 20:21:55,636 - INFO - Test Loss: 0.0796
2025-04-08 20:21:55,636 - INFO - Test Reg Loss: 2.2872
2025-04-08 20:21:55,636 - INFO - 
Epoch 81/100
2025-04-08 20:21:55,636 - INFO - Current learning rate: 0.000092
2025-04-08 20:21:57,557 - INFO - Train Loss: 0.0122
2025-04-08 20:21:57,557 - INFO - Train Reg Loss: 2.2971
2025-04-08 20:21:57,557 - INFO - Test Loss: 0.0946
2025-04-08 20:21:57,557 - INFO - Test Reg Loss: 2.2936
2025-04-08 20:21:57,557 - INFO - 
Epoch 82/100
2025-04-08 20:21:57,557 - INFO - Current learning rate: 0.000092
2025-04-08 20:21:59,483 - INFO - Train Loss: 0.0119
2025-04-08 20:21:59,483 - INFO - Train Reg Loss: 2.3041
2025-04-08 20:21:59,483 - INFO - Test Loss: 0.0847
2025-04-08 20:21:59,483 - INFO - Test Reg Loss: 2.3004
2025-04-08 20:21:59,483 - INFO - 
Epoch 83/100
2025-04-08 20:21:59,483 - INFO - Current learning rate: 0.000092
2025-04-08 20:22:01,400 - INFO - Train Loss: 0.0112
2025-04-08 20:22:01,400 - INFO - Train Reg Loss: 2.3115
2025-04-08 20:22:01,400 - INFO - Test Loss: 0.0877
2025-04-08 20:22:01,400 - INFO - Test Reg Loss: 2.3076
2025-04-08 20:22:01,400 - INFO - 
Epoch 84/100
2025-04-08 20:22:01,400 - INFO - Current learning rate: 0.000092
2025-04-08 20:22:03,319 - INFO - Train Loss: 0.0124
2025-04-08 20:22:03,319 - INFO - Train Reg Loss: 2.3193
2025-04-08 20:22:03,319 - INFO - Test Loss: 0.0938
2025-04-08 20:22:03,319 - INFO - Test Reg Loss: 2.3153
2025-04-08 20:22:03,319 - INFO - 
Epoch 85/100
2025-04-08 20:22:03,319 - INFO - Current learning rate: 0.000092
2025-04-08 20:22:05,254 - INFO - Train Loss: 0.0151
2025-04-08 20:22:05,254 - INFO - Train Reg Loss: 2.3277
2025-04-08 20:22:05,254 - INFO - Test Loss: 0.0844
2025-04-08 20:22:05,254 - INFO - Test Reg Loss: 2.3234
2025-04-08 20:22:05,254 - INFO - 
Epoch 86/100
2025-04-08 20:22:05,254 - INFO - Current learning rate: 0.000092
2025-04-08 20:22:07,173 - INFO - Train Loss: 0.0130
2025-04-08 20:22:07,173 - INFO - Train Reg Loss: 2.3340
2025-04-08 20:22:07,173 - INFO - Test Loss: 0.0765
2025-04-08 20:22:07,173 - INFO - Test Reg Loss: 2.3300
2025-04-08 20:22:07,173 - INFO - 
Epoch 87/100
2025-04-08 20:22:07,173 - INFO - Current learning rate: 0.000092
2025-04-08 20:22:09,110 - INFO - Train Loss: 0.0133
2025-04-08 20:22:09,110 - INFO - Train Reg Loss: 2.3401
2025-04-08 20:22:09,110 - INFO - Test Loss: 0.0948
2025-04-08 20:22:09,110 - INFO - Test Reg Loss: 2.3358
2025-04-08 20:22:09,110 - INFO - 
Epoch 88/100
2025-04-08 20:22:09,110 - INFO - Current learning rate: 0.000092
2025-04-08 20:22:11,049 - INFO - Train Loss: 0.0111
2025-04-08 20:22:11,049 - INFO - Train Reg Loss: 2.3466
2025-04-08 20:22:11,049 - INFO - Test Loss: 0.0823
2025-04-08 20:22:11,049 - INFO - Test Reg Loss: 2.3421
2025-04-08 20:22:11,049 - INFO - 
Epoch 89/100
2025-04-08 20:22:11,049 - INFO - Current learning rate: 0.000092
2025-04-08 20:22:12,990 - INFO - Train Loss: 0.0129
2025-04-08 20:22:12,990 - INFO - Train Reg Loss: 2.3539
2025-04-08 20:22:12,990 - INFO - Test Loss: 0.0827
2025-04-08 20:22:12,990 - INFO - Test Reg Loss: 2.3497
2025-04-08 20:22:12,990 - INFO - 
Epoch 90/100
2025-04-08 20:22:12,990 - INFO - Current learning rate: 0.000091
2025-04-08 20:22:14,922 - INFO - Train Loss: 0.0125
2025-04-08 20:22:14,922 - INFO - Train Reg Loss: 2.3624
2025-04-08 20:22:14,922 - INFO - Test Loss: 0.0858
2025-04-08 20:22:14,922 - INFO - Test Reg Loss: 2.3578
2025-04-08 20:22:14,922 - INFO - 
Epoch 91/100
2025-04-08 20:22:14,922 - INFO - Current learning rate: 0.000091
2025-04-08 20:22:16,858 - INFO - Train Loss: 0.0116
2025-04-08 20:22:16,858 - INFO - Train Reg Loss: 2.3681
2025-04-08 20:22:16,858 - INFO - Test Loss: 0.1160
2025-04-08 20:22:16,858 - INFO - Test Reg Loss: 2.3638
2025-04-08 20:22:16,858 - INFO - 
Epoch 92/100
2025-04-08 20:22:16,858 - INFO - Current learning rate: 0.000091
2025-04-08 20:22:18,811 - INFO - Train Loss: 0.0129
2025-04-08 20:22:18,811 - INFO - Train Reg Loss: 2.3741
2025-04-08 20:22:18,811 - INFO - Test Loss: 0.0963
2025-04-08 20:22:18,811 - INFO - Test Reg Loss: 2.3703
2025-04-08 20:22:18,811 - INFO - 
Epoch 93/100
2025-04-08 20:22:18,811 - INFO - Current learning rate: 0.000091
2025-04-08 20:22:20,777 - INFO - Train Loss: 0.0119
2025-04-08 20:22:20,777 - INFO - Train Reg Loss: 2.3816
2025-04-08 20:22:20,777 - INFO - Test Loss: 0.0786
2025-04-08 20:22:20,777 - INFO - Test Reg Loss: 2.3774
2025-04-08 20:22:20,777 - INFO - 
Epoch 94/100
2025-04-08 20:22:20,777 - INFO - Current learning rate: 0.000091
2025-04-08 20:22:22,696 - INFO - Train Loss: 0.0111
2025-04-08 20:22:22,696 - INFO - Train Reg Loss: 2.3898
2025-04-08 20:22:22,696 - INFO - Test Loss: 0.0831
2025-04-08 20:22:22,696 - INFO - Test Reg Loss: 2.3852
2025-04-08 20:22:22,696 - INFO - 
Epoch 95/100
2025-04-08 20:22:22,696 - INFO - Current learning rate: 0.000091
2025-04-08 20:22:24,639 - INFO - Train Loss: 0.0143
2025-04-08 20:22:24,639 - INFO - Train Reg Loss: 2.3953
2025-04-08 20:22:24,639 - INFO - Test Loss: 0.1158
2025-04-08 20:22:24,639 - INFO - Test Reg Loss: 2.3912
2025-04-08 20:22:24,639 - INFO - 
Epoch 96/100
2025-04-08 20:22:24,639 - INFO - Current learning rate: 0.000091
2025-04-08 20:22:26,555 - INFO - Train Loss: 0.0126
2025-04-08 20:22:26,555 - INFO - Train Reg Loss: 2.3957
2025-04-08 20:22:26,555 - INFO - Test Loss: 0.0858
2025-04-08 20:22:26,555 - INFO - Test Reg Loss: 2.3922
2025-04-08 20:22:26,555 - INFO - 
Epoch 97/100
2025-04-08 20:22:26,555 - INFO - Current learning rate: 0.000091
2025-04-08 20:22:28,474 - INFO - Train Loss: 0.0128
2025-04-08 20:22:28,475 - INFO - Train Reg Loss: 2.3954
2025-04-08 20:22:28,475 - INFO - Test Loss: 0.0885
2025-04-08 20:22:28,475 - INFO - Test Reg Loss: 2.3915
2025-04-08 20:22:28,475 - INFO - 
Epoch 98/100
2025-04-08 20:22:28,475 - INFO - Current learning rate: 0.000091
2025-04-08 20:22:30,408 - INFO - Train Loss: 0.0124
2025-04-08 20:22:30,408 - INFO - Train Reg Loss: 2.3951
2025-04-08 20:22:30,408 - INFO - Test Loss: 0.0911
2025-04-08 20:22:30,408 - INFO - Test Reg Loss: 2.3918
2025-04-08 20:22:30,408 - INFO - 
Epoch 99/100
2025-04-08 20:22:30,408 - INFO - Current learning rate: 0.000091
2025-04-08 20:22:32,354 - INFO - Train Loss: 0.0114
2025-04-08 20:22:32,354 - INFO - Train Reg Loss: 2.3962
2025-04-08 20:22:32,354 - INFO - Test Loss: 0.0846
2025-04-08 20:22:32,354 - INFO - Test Reg Loss: 2.3924
2025-04-08 20:22:32,354 - INFO - 
Epoch 100/100
2025-04-08 20:22:32,354 - INFO - Current learning rate: 0.000091
2025-04-08 20:22:34,298 - INFO - Train Loss: 0.0126
2025-04-08 20:22:34,298 - INFO - Train Reg Loss: 2.3973
2025-04-08 20:22:34,298 - INFO - Test Loss: 0.0833
2025-04-08 20:22:34,298 - INFO - Test Reg Loss: 2.3933
2025-04-08 20:22:34,365 - INFO - 
Evaluating model on test set...
