2025-04-09 21:14:14,124 - INFO - Using Fast-NN Transformer model
2025-04-09 21:14:14,125 - INFO - Using device: cpu
2025-04-09 21:14:14,706 - INFO - Using device: cpu
2025-04-09 21:14:14,706 - INFO - 
Epoch 1/5
2025-04-09 21:14:14,706 - INFO - Current learning rate: 0.000100
2025-04-09 21:14:30,122 - INFO - Train Loss: 0.1267
2025-04-09 21:14:30,123 - INFO - Train Reg Loss: 105.0412
2025-04-09 21:14:30,123 - INFO - Test Loss: 0.0527
2025-04-09 21:14:30,123 - INFO - Test Reg Loss: 2026.9004
2025-04-09 21:14:30,134 - INFO - Saved new best model!
2025-04-09 21:14:30,134 - INFO - 
Epoch 2/5
2025-04-09 21:14:30,135 - INFO - Current learning rate: 0.000100
2025-04-09 21:14:45,069 - INFO - Train Loss: 0.0241
2025-04-09 21:14:45,070 - INFO - Train Reg Loss: 97.7607
2025-04-09 21:14:45,070 - INFO - Test Loss: 0.0236
2025-04-09 21:14:45,070 - INFO - Test Reg Loss: 1879.2078
2025-04-09 21:14:45,082 - INFO - Saved new best model!
2025-04-09 21:14:45,082 - INFO - 
Epoch 3/5
2025-04-09 21:14:45,082 - INFO - Current learning rate: 0.000100
2025-04-09 21:15:00,635 - INFO - Train Loss: 0.0184
2025-04-09 21:15:00,635 - INFO - Train Reg Loss: 90.4825
2025-04-09 21:15:00,635 - INFO - Test Loss: 0.0276
2025-04-09 21:15:00,635 - INFO - Test Reg Loss: 1736.5445
2025-04-09 21:15:00,635 - INFO - 
Epoch 4/5
2025-04-09 21:15:00,635 - INFO - Current learning rate: 0.000100
2025-04-09 21:15:15,738 - INFO - Train Loss: 0.0132
2025-04-09 21:15:15,738 - INFO - Train Reg Loss: 83.5805
2025-04-09 21:15:15,738 - INFO - Test Loss: 0.0270
2025-04-09 21:15:15,738 - INFO - Test Reg Loss: 1602.9756
2025-04-09 21:15:15,738 - INFO - 
Epoch 5/5
2025-04-09 21:15:15,738 - INFO - Current learning rate: 0.000100
2025-04-09 21:15:30,925 - INFO - Train Loss: 0.0122
2025-04-09 21:15:30,925 - INFO - Train Reg Loss: 77.3550
2025-04-09 21:15:30,925 - INFO - Test Loss: 0.0253
2025-04-09 21:15:30,925 - INFO - Test Reg Loss: 1483.6258
2025-04-09 21:15:30,940 - INFO - 
Evaluating model on test set...
