2025-04-08 20:25:40,190 - INFO - Using Fast-NN Transformer model
2025-04-08 20:25:40,190 - INFO - Using device: cpu
2025-04-08 20:25:40,610 - INFO - Using device: cpu
2025-04-08 20:25:40,610 - INFO - 
Epoch 1/10
2025-04-08 20:25:40,610 - INFO - Current learning rate: 0.000100
2025-04-08 20:25:42,999 - INFO - Train Loss: 0.2660
2025-04-08 20:25:42,999 - INFO - Train Reg Loss: 1.7242
2025-04-08 20:25:42,999 - INFO - Test Loss: 0.0032
2025-04-08 20:25:42,999 - INFO - Test Reg Loss: 1.7226
2025-04-08 20:25:43,016 - INFO - Saved new best model!
2025-04-08 20:25:43,016 - INFO - 
Epoch 2/10
2025-04-08 20:25:43,016 - INFO - Current learning rate: 0.000100
2025-04-08 20:25:45,381 - INFO - Train Loss: 0.0543
2025-04-08 20:25:45,381 - INFO - Train Reg Loss: 1.8645
2025-04-08 20:25:45,381 - INFO - Test Loss: 0.0091
2025-04-08 20:25:45,381 - INFO - Test Reg Loss: 1.8627
2025-04-08 20:25:45,381 - INFO - 
Epoch 3/10
2025-04-08 20:25:45,381 - INFO - Current learning rate: 0.000100
2025-04-08 20:25:47,755 - INFO - Train Loss: 0.0335
2025-04-08 20:25:47,755 - INFO - Train Reg Loss: 2.0039
2025-04-08 20:25:47,755 - INFO - Test Loss: 0.0280
2025-04-08 20:25:47,755 - INFO - Test Reg Loss: 2.0020
2025-04-08 20:25:47,755 - INFO - 
Epoch 4/10
2025-04-08 20:25:47,755 - INFO - Current learning rate: 0.000100
2025-04-08 20:25:50,136 - INFO - Train Loss: 0.0291
2025-04-08 20:25:50,136 - INFO - Train Reg Loss: 2.1410
2025-04-08 20:25:50,136 - INFO - Test Loss: 0.0008
2025-04-08 20:25:50,136 - INFO - Test Reg Loss: 2.1393
2025-04-08 20:25:50,153 - INFO - Saved new best model!
2025-04-08 20:25:50,153 - INFO - 
Epoch 5/10
2025-04-08 20:25:50,153 - INFO - Current learning rate: 0.000100
2025-04-08 20:25:52,531 - INFO - Train Loss: 0.0250
2025-04-08 20:25:52,531 - INFO - Train Reg Loss: 2.2584
2025-04-08 20:25:52,531 - INFO - Test Loss: 0.0022
2025-04-08 20:25:52,531 - INFO - Test Reg Loss: 2.2568
2025-04-08 20:25:52,531 - INFO - 
Epoch 6/10
2025-04-08 20:25:52,531 - INFO - Current learning rate: 0.000100
2025-04-08 20:25:54,912 - INFO - Train Loss: 0.0232
2025-04-08 20:25:54,912 - INFO - Train Reg Loss: 2.3617
2025-04-08 20:25:54,912 - INFO - Test Loss: 0.0031
2025-04-08 20:25:54,912 - INFO - Test Reg Loss: 2.3597
2025-04-08 20:25:54,912 - INFO - 
Epoch 7/10
2025-04-08 20:25:54,912 - INFO - Current learning rate: 0.000099
2025-04-08 20:25:57,287 - INFO - Train Loss: 0.0219
2025-04-08 20:25:57,287 - INFO - Train Reg Loss: 2.4895
2025-04-08 20:25:57,287 - INFO - Test Loss: 0.0021
2025-04-08 20:25:57,287 - INFO - Test Reg Loss: 2.4871
2025-04-08 20:25:57,287 - INFO - 
Epoch 8/10
2025-04-08 20:25:57,287 - INFO - Current learning rate: 0.000099
2025-04-08 20:25:59,673 - INFO - Train Loss: 0.0241
2025-04-08 20:25:59,673 - INFO - Train Reg Loss: 2.6354
2025-04-08 20:25:59,673 - INFO - Test Loss: 0.0031
2025-04-08 20:25:59,673 - INFO - Test Reg Loss: 2.6328
2025-04-08 20:25:59,673 - INFO - 
Epoch 9/10
2025-04-08 20:25:59,673 - INFO - Current learning rate: 0.000099
2025-04-08 20:26:02,080 - INFO - Train Loss: 0.0199
2025-04-08 20:26:02,080 - INFO - Train Reg Loss: 2.7481
2025-04-08 20:26:02,080 - INFO - Test Loss: 0.0003
2025-04-08 20:26:02,080 - INFO - Test Reg Loss: 2.7448
2025-04-08 20:26:02,098 - INFO - Saved new best model!
2025-04-08 20:26:02,098 - INFO - 
Epoch 10/10
2025-04-08 20:26:02,098 - INFO - Current learning rate: 0.000099
2025-04-08 20:26:04,489 - INFO - Train Loss: 0.0198
2025-04-08 20:26:04,489 - INFO - Train Reg Loss: 2.9530
2025-04-08 20:26:04,489 - INFO - Test Loss: 0.0000
2025-04-08 20:26:04,489 - INFO - Test Reg Loss: 2.9499
2025-04-08 20:26:04,505 - INFO - Saved new best model!
2025-04-08 20:26:04,521 - INFO - 
Evaluating model on test set...
