2025-04-09 19:11:35,226 - INFO - Using Fast-NN Transformer model
2025-04-09 19:11:35,226 - INFO - Using device: cpu
2025-04-09 19:11:35,821 - INFO - Using device: cpu
2025-04-09 19:11:35,821 - INFO - 
Epoch 1/100
2025-04-09 19:11:35,821 - INFO - Current learning rate: 0.000100
2025-04-09 19:11:51,480 - INFO - Train Loss: 0.1404
2025-04-09 19:11:51,480 - INFO - Train Reg Loss: 105.3463
2025-04-09 19:11:51,480 - INFO - Test Loss: 0.0753
2025-04-09 19:11:51,480 - INFO - Test Reg Loss: 2039.0150
2025-04-09 19:11:51,502 - INFO - Saved new best model!
2025-04-09 19:11:51,503 - INFO - 
Epoch 2/100
2025-04-09 19:11:51,503 - INFO - Current learning rate: 0.000100
2025-04-09 19:12:07,706 - INFO - Train Loss: 0.0261
2025-04-09 19:12:07,707 - INFO - Train Reg Loss: 98.5766
2025-04-09 19:12:07,707 - INFO - Test Loss: 0.0380
2025-04-09 19:12:07,707 - INFO - Test Reg Loss: 1899.7459
2025-04-09 19:12:07,729 - INFO - Saved new best model!
2025-04-09 19:12:07,729 - INFO - 
Epoch 3/100
2025-04-09 19:12:07,729 - INFO - Current learning rate: 0.000100
2025-04-09 19:14:00,993 - INFO - Train Loss: 0.0186
2025-04-09 19:14:00,993 - INFO - Train Reg Loss: 91.6349
2025-04-09 19:14:00,993 - INFO - Test Loss: 0.0346
2025-04-09 19:14:00,993 - INFO - Test Reg Loss: 1762.3457
2025-04-09 19:14:01,007 - INFO - Saved new best model!
2025-04-09 19:14:01,007 - INFO - 
Epoch 4/100
2025-04-09 19:14:01,007 - INFO - Current learning rate: 0.000100
2025-04-09 19:14:59,731 - INFO - Train Loss: 0.0218
2025-04-09 19:14:59,731 - INFO - Train Reg Loss: 84.9282
2025-04-09 19:14:59,731 - INFO - Test Loss: 0.0257
2025-04-09 19:14:59,731 - INFO - Test Reg Loss: 1632.3072
2025-04-09 19:14:59,741 - INFO - Saved new best model!
2025-04-09 19:14:59,741 - INFO - 
Epoch 5/100
2025-04-09 19:14:59,741 - INFO - Current learning rate: 0.000100
2025-04-09 19:15:58,675 - INFO - Train Loss: 0.0150
2025-04-09 19:15:58,675 - INFO - Train Reg Loss: 78.6272
2025-04-09 19:15:58,675 - INFO - Test Loss: 0.0308
2025-04-09 19:15:58,675 - INFO - Test Reg Loss: 1510.6753
2025-04-09 19:15:58,675 - INFO - 
Epoch 6/100
2025-04-09 19:15:58,675 - INFO - Current learning rate: 0.000100
2025-04-09 19:16:39,432 - INFO - Train Loss: 0.0132
2025-04-09 19:16:39,432 - INFO - Train Reg Loss: 72.7651
2025-04-09 19:16:39,433 - INFO - Test Loss: 0.0235
2025-04-09 19:16:39,433 - INFO - Test Reg Loss: 1398.1987
2025-04-09 19:16:39,455 - INFO - Saved new best model!
2025-04-09 19:16:39,455 - INFO - 
Epoch 7/100
2025-04-09 19:16:39,455 - INFO - Current learning rate: 0.000099
2025-04-09 19:17:16,703 - INFO - Train Loss: 0.0113
2025-04-09 19:17:16,704 - INFO - Train Reg Loss: 67.3800
2025-04-09 19:17:16,704 - INFO - Test Loss: 0.0257
2025-04-09 19:17:16,704 - INFO - Test Reg Loss: 1295.5201
2025-04-09 19:17:16,704 - INFO - 
Epoch 8/100
2025-04-09 19:17:16,704 - INFO - Current learning rate: 0.000099
2025-04-09 19:17:55,142 - INFO - Train Loss: 0.0118
2025-04-09 19:17:55,143 - INFO - Train Reg Loss: 62.4590
2025-04-09 19:17:55,143 - INFO - Test Loss: 0.0247
2025-04-09 19:17:55,143 - INFO - Test Reg Loss: 1201.2990
2025-04-09 19:17:55,143 - INFO - 
Epoch 9/100
2025-04-09 19:17:55,143 - INFO - Current learning rate: 0.000099
2025-04-09 19:19:00,745 - INFO - Train Loss: 0.0118
2025-04-09 19:19:00,746 - INFO - Train Reg Loss: 57.9206
2025-04-09 19:19:00,746 - INFO - Test Loss: 0.0293
2025-04-09 19:19:00,746 - INFO - Test Reg Loss: 1114.0135
2025-04-09 19:19:00,746 - INFO - 
Epoch 10/100
2025-04-09 19:19:00,746 - INFO - Current learning rate: 0.000099
2025-04-09 19:20:36,831 - INFO - Train Loss: 0.0100
2025-04-09 19:20:36,831 - INFO - Train Reg Loss: 53.7035
2025-04-09 19:20:36,831 - INFO - Test Loss: 0.0212
2025-04-09 19:20:36,831 - INFO - Test Reg Loss: 1032.6401
2025-04-09 19:20:36,863 - INFO - Saved new best model!
2025-04-09 19:20:36,863 - INFO - 
Epoch 11/100
2025-04-09 19:20:36,863 - INFO - Current learning rate: 0.000099
2025-04-09 19:21:39,622 - INFO - Train Loss: 0.0104
2025-04-09 19:21:39,623 - INFO - Train Reg Loss: 49.7667
2025-04-09 19:21:39,623 - INFO - Test Loss: 0.0208
2025-04-09 19:21:39,623 - INFO - Test Reg Loss: 956.6008
2025-04-09 19:21:39,634 - INFO - Saved new best model!
2025-04-09 19:21:39,634 - INFO - 
Epoch 12/100
2025-04-09 19:21:39,634 - INFO - Current learning rate: 0.000099
2025-04-09 19:22:50,719 - INFO - Train Loss: 0.0078
2025-04-09 19:22:50,719 - INFO - Train Reg Loss: 46.0843
2025-04-09 19:22:50,719 - INFO - Test Loss: 0.0203
2025-04-09 19:22:50,719 - INFO - Test Reg Loss: 885.4447
2025-04-09 19:22:50,740 - INFO - Saved new best model!
2025-04-09 19:22:50,740 - INFO - 
Epoch 13/100
2025-04-09 19:22:50,740 - INFO - Current learning rate: 0.000099
2025-04-09 19:24:36,508 - INFO - Train Loss: 0.0075
2025-04-09 19:24:36,509 - INFO - Train Reg Loss: 42.6386
2025-04-09 19:24:36,509 - INFO - Test Loss: 0.0204
2025-04-09 19:24:36,509 - INFO - Test Reg Loss: 818.8749
2025-04-09 19:24:36,509 - INFO - 
Epoch 14/100
2025-04-09 19:24:36,509 - INFO - Current learning rate: 0.000099
2025-04-09 19:25:46,827 - INFO - Train Loss: 0.0065
2025-04-09 19:25:46,828 - INFO - Train Reg Loss: 39.4170
2025-04-09 19:25:46,828 - INFO - Test Loss: 0.0213
2025-04-09 19:25:46,828 - INFO - Test Reg Loss: 756.6937
2025-04-09 19:25:46,828 - INFO - 
Epoch 15/100
2025-04-09 19:25:46,828 - INFO - Current learning rate: 0.000099
2025-04-09 19:26:14,185 - INFO - Train Loss: 0.0064
2025-04-09 19:26:14,185 - INFO - Train Reg Loss: 36.4130
2025-04-09 19:26:14,185 - INFO - Test Loss: 0.0190
2025-04-09 19:26:14,185 - INFO - Test Reg Loss: 698.8171
2025-04-09 19:26:14,194 - INFO - Saved new best model!
2025-04-09 19:26:14,195 - INFO - 
Epoch 16/100
2025-04-09 19:26:14,195 - INFO - Current learning rate: 0.000099
2025-04-09 19:26:37,901 - INFO - Train Loss: 0.0057
2025-04-09 19:26:37,901 - INFO - Train Reg Loss: 33.6215
2025-04-09 19:26:37,901 - INFO - Test Loss: 0.0164
2025-04-09 19:26:37,902 - INFO - Test Reg Loss: 645.1518
2025-04-09 19:26:37,916 - INFO - Saved new best model!
2025-04-09 19:26:37,916 - INFO - 
Epoch 17/100
2025-04-09 19:26:37,916 - INFO - Current learning rate: 0.000098
2025-04-09 19:27:14,062 - INFO - Train Loss: 0.0057
2025-04-09 19:27:14,062 - INFO - Train Reg Loss: 31.0398
2025-04-09 19:27:14,062 - INFO - Test Loss: 0.0164
2025-04-09 19:27:14,062 - INFO - Test Reg Loss: 595.6327
2025-04-09 19:27:14,062 - INFO - 
Epoch 18/100
2025-04-09 19:27:14,062 - INFO - Current learning rate: 0.000098
2025-04-09 19:27:52,906 - INFO - Train Loss: 0.0051
2025-04-09 19:27:52,906 - INFO - Train Reg Loss: 28.6620
2025-04-09 19:27:52,906 - INFO - Test Loss: 0.0174
2025-04-09 19:27:52,906 - INFO - Test Reg Loss: 550.1604
2025-04-09 19:27:52,906 - INFO - 
Epoch 19/100
2025-04-09 19:27:52,906 - INFO - Current learning rate: 0.000098
2025-04-09 19:28:10,160 - INFO - Train Loss: 0.0048
2025-04-09 19:28:10,160 - INFO - Train Reg Loss: 26.4852
2025-04-09 19:28:10,160 - INFO - Test Loss: 0.0169
2025-04-09 19:28:10,160 - INFO - Test Reg Loss: 508.6830
2025-04-09 19:28:10,160 - INFO - 
Epoch 20/100
2025-04-09 19:28:10,160 - INFO - Current learning rate: 0.000098
2025-04-09 19:44:53,397 - INFO - Train Loss: 0.0047
2025-04-09 19:44:53,398 - INFO - Train Reg Loss: 24.5082
2025-04-09 19:44:53,398 - INFO - Test Loss: 0.0163
2025-04-09 19:44:53,398 - INFO - Test Reg Loss: 471.1961
2025-04-09 19:44:53,421 - INFO - Saved new best model!
2025-04-09 19:44:53,421 - INFO - 
Epoch 21/100
2025-04-09 19:44:53,421 - INFO - Current learning rate: 0.000098
2025-04-09 19:55:08,068 - INFO - Train Loss: 0.0045
2025-04-09 19:55:08,068 - INFO - Train Reg Loss: 22.7300
2025-04-09 19:55:08,068 - INFO - Test Loss: 0.0158
2025-04-09 19:55:08,068 - INFO - Test Reg Loss: 437.6780
2025-04-09 19:55:08,094 - INFO - Saved new best model!
2025-04-09 19:55:08,094 - INFO - 
Epoch 22/100
2025-04-09 19:55:08,094 - INFO - Current learning rate: 0.000098
2025-04-09 19:55:26,390 - INFO - Train Loss: 0.0044
2025-04-09 19:55:26,390 - INFO - Train Reg Loss: 21.1515
2025-04-09 19:55:26,390 - INFO - Test Loss: 0.0155
2025-04-09 19:55:26,390 - INFO - Test Reg Loss: 408.1573
2025-04-09 19:55:26,403 - INFO - Saved new best model!
2025-04-09 19:55:26,403 - INFO - 
Epoch 23/100
2025-04-09 19:55:26,403 - INFO - Current learning rate: 0.000098
2025-04-09 19:55:41,416 - INFO - Train Loss: 0.0043
2025-04-09 19:55:41,416 - INFO - Train Reg Loss: 19.7721
2025-04-09 19:55:41,416 - INFO - Test Loss: 0.0152
2025-04-09 19:55:41,416 - INFO - Test Reg Loss: 382.6127
2025-04-09 19:55:41,428 - INFO - Saved new best model!
2025-04-09 19:55:41,428 - INFO - 
Epoch 24/100
2025-04-09 19:55:41,428 - INFO - Current learning rate: 0.000098
2025-04-09 19:55:56,297 - INFO - Train Loss: 0.0043
2025-04-09 19:55:56,298 - INFO - Train Reg Loss: 18.5905
2025-04-09 19:55:56,298 - INFO - Test Loss: 0.0150
2025-04-09 19:55:56,298 - INFO - Test Reg Loss: 361.0160
2025-04-09 19:55:56,310 - INFO - Saved new best model!
2025-04-09 19:55:56,310 - INFO - 
Epoch 25/100
2025-04-09 19:55:56,310 - INFO - Current learning rate: 0.000098
2025-04-09 19:56:11,383 - INFO - Train Loss: 0.0041
2025-04-09 19:56:11,384 - INFO - Train Reg Loss: 17.6066
2025-04-09 19:56:11,384 - INFO - Test Loss: 0.0151
2025-04-09 19:56:11,384 - INFO - Test Reg Loss: 343.3722
2025-04-09 19:56:11,384 - INFO - 
Epoch 26/100
2025-04-09 19:56:11,384 - INFO - Current learning rate: 0.000098
2025-04-09 19:56:27,374 - INFO - Train Loss: 0.0041
2025-04-09 19:56:27,375 - INFO - Train Reg Loss: 16.8196
2025-04-09 19:56:27,375 - INFO - Test Loss: 0.0151
2025-04-09 19:56:27,375 - INFO - Test Reg Loss: 329.6393
2025-04-09 19:56:27,375 - INFO - 
Epoch 27/100
2025-04-09 19:56:27,375 - INFO - Current learning rate: 0.000097
2025-04-09 19:56:42,573 - INFO - Train Loss: 0.0041
2025-04-09 19:56:42,573 - INFO - Train Reg Loss: 16.2235
2025-04-09 19:56:42,574 - INFO - Test Loss: 0.0153
2025-04-09 19:56:42,574 - INFO - Test Reg Loss: 319.4482
2025-04-09 19:56:42,574 - INFO - 
Epoch 28/100
2025-04-09 19:56:42,574 - INFO - Current learning rate: 0.000097
2025-04-09 19:56:57,987 - INFO - Train Loss: 0.0041
2025-04-09 19:56:57,987 - INFO - Train Reg Loss: 15.7689
2025-04-09 19:56:57,987 - INFO - Test Loss: 0.0148
2025-04-09 19:56:57,987 - INFO - Test Reg Loss: 311.3328
2025-04-09 19:56:58,018 - INFO - Saved new best model!
2025-04-09 19:56:58,018 - INFO - 
Epoch 29/100
2025-04-09 19:56:58,018 - INFO - Current learning rate: 0.000097
2025-04-09 19:57:13,401 - INFO - Train Loss: 0.0039
2025-04-09 19:57:13,401 - INFO - Train Reg Loss: 15.3986
2025-04-09 19:57:13,401 - INFO - Test Loss: 0.0146
2025-04-09 19:57:13,401 - INFO - Test Reg Loss: 304.6095
2025-04-09 19:57:13,411 - INFO - Saved new best model!
2025-04-09 19:57:13,411 - INFO - 
Epoch 30/100
2025-04-09 19:57:13,411 - INFO - Current learning rate: 0.000097
2025-04-09 19:57:28,694 - INFO - Train Loss: 0.0040
2025-04-09 19:57:28,694 - INFO - Train Reg Loss: 15.0908
2025-04-09 19:57:28,694 - INFO - Test Loss: 0.0141
2025-04-09 19:57:28,694 - INFO - Test Reg Loss: 299.0087
2025-04-09 19:57:28,719 - INFO - Saved new best model!
2025-04-09 19:57:28,719 - INFO - 
Epoch 31/100
2025-04-09 19:57:28,719 - INFO - Current learning rate: 0.000097
2025-04-09 19:57:44,023 - INFO - Train Loss: 0.0041
2025-04-09 19:57:44,024 - INFO - Train Reg Loss: 14.8338
2025-04-09 19:57:44,024 - INFO - Test Loss: 0.0143
2025-04-09 19:57:44,024 - INFO - Test Reg Loss: 294.3342
2025-04-09 19:57:44,024 - INFO - 
Epoch 32/100
2025-04-09 19:57:44,024 - INFO - Current learning rate: 0.000097
2025-04-09 19:57:59,330 - INFO - Train Loss: 0.0039
2025-04-09 19:57:59,331 - INFO - Train Reg Loss: 14.6197
2025-04-09 19:57:59,331 - INFO - Test Loss: 0.0142
2025-04-09 19:57:59,331 - INFO - Test Reg Loss: 290.4590
2025-04-09 19:57:59,331 - INFO - 
Epoch 33/100
2025-04-09 19:57:59,331 - INFO - Current learning rate: 0.000097
2025-04-09 19:58:14,713 - INFO - Train Loss: 0.0039
2025-04-09 19:58:14,713 - INFO - Train Reg Loss: 14.4438
2025-04-09 19:58:14,713 - INFO - Test Loss: 0.0150
2025-04-09 19:58:14,714 - INFO - Test Reg Loss: 287.2826
2025-04-09 19:58:14,714 - INFO - 
Epoch 34/100
2025-04-09 19:58:14,714 - INFO - Current learning rate: 0.000097
2025-04-09 19:58:30,059 - INFO - Train Loss: 0.0040
2025-04-09 19:58:30,060 - INFO - Train Reg Loss: 14.2954
2025-04-09 19:58:30,060 - INFO - Test Loss: 0.0144
2025-04-09 19:58:30,060 - INFO - Test Reg Loss: 284.5033
2025-04-09 19:58:30,060 - INFO - 
Epoch 35/100
2025-04-09 19:58:30,060 - INFO - Current learning rate: 0.000097
2025-04-09 19:58:45,359 - INFO - Train Loss: 0.0039
2025-04-09 19:58:45,360 - INFO - Train Reg Loss: 14.1642
2025-04-09 19:58:45,360 - INFO - Test Loss: 0.0140
2025-04-09 19:58:45,360 - INFO - Test Reg Loss: 282.0207
2025-04-09 19:58:45,389 - INFO - Saved new best model!
2025-04-09 19:58:45,389 - INFO - 
Epoch 36/100
2025-04-09 19:58:45,389 - INFO - Current learning rate: 0.000097
2025-04-09 19:59:00,816 - INFO - Train Loss: 0.0040
2025-04-09 19:59:00,817 - INFO - Train Reg Loss: 14.0458
2025-04-09 19:59:00,817 - INFO - Test Loss: 0.0139
2025-04-09 19:59:00,817 - INFO - Test Reg Loss: 279.7604
2025-04-09 19:59:00,844 - INFO - Saved new best model!
2025-04-09 19:59:00,844 - INFO - 
Epoch 37/100
2025-04-09 19:59:00,844 - INFO - Current learning rate: 0.000096
2025-04-09 19:59:16,210 - INFO - Train Loss: 0.0040
2025-04-09 19:59:16,210 - INFO - Train Reg Loss: 13.9372
2025-04-09 19:59:16,210 - INFO - Test Loss: 0.0142
2025-04-09 19:59:16,210 - INFO - Test Reg Loss: 277.6852
2025-04-09 19:59:16,210 - INFO - 
Epoch 38/100
2025-04-09 19:59:16,210 - INFO - Current learning rate: 0.000096
2025-04-09 19:59:31,588 - INFO - Train Loss: 0.0040
2025-04-09 19:59:31,588 - INFO - Train Reg Loss: 13.8374
2025-04-09 19:59:31,588 - INFO - Test Loss: 0.0140
2025-04-09 19:59:31,588 - INFO - Test Reg Loss: 275.7638
2025-04-09 19:59:31,588 - INFO - 
Epoch 39/100
2025-04-09 19:59:31,589 - INFO - Current learning rate: 0.000096
2025-04-09 19:59:47,024 - INFO - Train Loss: 0.0040
2025-04-09 19:59:47,024 - INFO - Train Reg Loss: 13.7443
2025-04-09 19:59:47,024 - INFO - Test Loss: 0.0140
2025-04-09 19:59:47,024 - INFO - Test Reg Loss: 273.9609
2025-04-09 19:59:47,024 - INFO - 
Epoch 40/100
2025-04-09 19:59:47,024 - INFO - Current learning rate: 0.000096
2025-04-09 20:00:02,434 - INFO - Train Loss: 0.0039
2025-04-09 20:00:02,434 - INFO - Train Reg Loss: 13.6569
2025-04-09 20:00:02,434 - INFO - Test Loss: 0.0139
2025-04-09 20:00:02,434 - INFO - Test Reg Loss: 272.2631
2025-04-09 20:00:02,445 - INFO - Saved new best model!
2025-04-09 20:00:02,445 - INFO - 
Epoch 41/100
2025-04-09 20:00:02,445 - INFO - Current learning rate: 0.000096
2025-04-09 20:00:18,009 - INFO - Train Loss: 0.0039
2025-04-09 20:00:18,009 - INFO - Train Reg Loss: 13.5740
2025-04-09 20:00:18,009 - INFO - Test Loss: 0.0138
2025-04-09 20:00:18,009 - INFO - Test Reg Loss: 270.6429
2025-04-09 20:00:18,035 - INFO - Saved new best model!
2025-04-09 20:00:18,035 - INFO - 
Epoch 42/100
2025-04-09 20:00:18,035 - INFO - Current learning rate: 0.000096
2025-04-09 20:00:33,623 - INFO - Train Loss: 0.0040
2025-04-09 20:00:33,623 - INFO - Train Reg Loss: 13.4949
2025-04-09 20:00:33,623 - INFO - Test Loss: 0.0138
2025-04-09 20:00:33,623 - INFO - Test Reg Loss: 269.1030
2025-04-09 20:00:33,648 - INFO - Saved new best model!
2025-04-09 20:00:33,648 - INFO - 
Epoch 43/100
2025-04-09 20:00:33,648 - INFO - Current learning rate: 0.000096
2025-04-09 20:00:49,091 - INFO - Train Loss: 0.0039
2025-04-09 20:00:49,091 - INFO - Train Reg Loss: 13.4192
2025-04-09 20:00:49,091 - INFO - Test Loss: 0.0139
2025-04-09 20:00:49,091 - INFO - Test Reg Loss: 267.6190
2025-04-09 20:00:49,091 - INFO - 
Epoch 44/100
2025-04-09 20:00:49,091 - INFO - Current learning rate: 0.000096
2025-04-09 20:01:04,575 - INFO - Train Loss: 0.0039
2025-04-09 20:01:04,575 - INFO - Train Reg Loss: 13.3463
2025-04-09 20:01:04,575 - INFO - Test Loss: 0.0141
2025-04-09 20:01:04,575 - INFO - Test Reg Loss: 266.1867
2025-04-09 20:01:04,575 - INFO - 
Epoch 45/100
2025-04-09 20:01:04,575 - INFO - Current learning rate: 0.000096
2025-04-09 20:01:20,142 - INFO - Train Loss: 0.0039
2025-04-09 20:01:20,142 - INFO - Train Reg Loss: 13.2759
2025-04-09 20:01:20,142 - INFO - Test Loss: 0.0137
2025-04-09 20:01:20,142 - INFO - Test Reg Loss: 264.7979
2025-04-09 20:01:20,153 - INFO - Saved new best model!
2025-04-09 20:01:20,153 - INFO - 
Epoch 46/100
2025-04-09 20:01:20,153 - INFO - Current learning rate: 0.000096
2025-04-09 20:01:35,720 - INFO - Train Loss: 0.0040
2025-04-09 20:01:35,720 - INFO - Train Reg Loss: 13.2075
2025-04-09 20:01:35,720 - INFO - Test Loss: 0.0139
2025-04-09 20:01:35,720 - INFO - Test Reg Loss: 263.4566
2025-04-09 20:01:35,720 - INFO - 
Epoch 47/100
2025-04-09 20:01:35,720 - INFO - Current learning rate: 0.000096
2025-04-09 20:01:53,174 - INFO - Train Loss: 0.0040
2025-04-09 20:01:53,175 - INFO - Train Reg Loss: 13.1410
2025-04-09 20:01:53,175 - INFO - Test Loss: 0.0139
2025-04-09 20:01:53,175 - INFO - Test Reg Loss: 262.1393
2025-04-09 20:01:53,175 - INFO - 
Epoch 48/100
2025-04-09 20:01:53,175 - INFO - Current learning rate: 0.000095
2025-04-09 20:02:18,838 - INFO - Train Loss: 0.0039
2025-04-09 20:02:18,838 - INFO - Train Reg Loss: 13.0760
2025-04-09 20:02:18,838 - INFO - Test Loss: 0.0137
2025-04-09 20:02:18,838 - INFO - Test Reg Loss: 260.8511
2025-04-09 20:02:18,838 - INFO - 
Epoch 49/100
2025-04-09 20:02:18,838 - INFO - Current learning rate: 0.000095
2025-04-09 20:02:42,455 - INFO - Train Loss: 0.0040
2025-04-09 20:02:42,455 - INFO - Train Reg Loss: 13.0126
2025-04-09 20:02:42,455 - INFO - Test Loss: 0.0138
2025-04-09 20:02:42,455 - INFO - Test Reg Loss: 259.5986
2025-04-09 20:02:42,455 - INFO - 
Epoch 50/100
2025-04-09 20:02:42,455 - INFO - Current learning rate: 0.000095
2025-04-09 20:03:05,071 - INFO - Train Loss: 0.0040
2025-04-09 20:03:05,071 - INFO - Train Reg Loss: 12.9502
2025-04-09 20:03:05,071 - INFO - Test Loss: 0.0138
2025-04-09 20:03:05,071 - INFO - Test Reg Loss: 258.3585
2025-04-09 20:03:05,071 - INFO - 
Epoch 51/100
2025-04-09 20:03:05,071 - INFO - Current learning rate: 0.000095
2025-04-09 20:03:34,977 - INFO - Train Loss: 0.0040
2025-04-09 20:03:34,977 - INFO - Train Reg Loss: 12.8889
2025-04-09 20:03:34,977 - INFO - Test Loss: 0.0136
2025-04-09 20:03:34,977 - INFO - Test Reg Loss: 257.1421
2025-04-09 20:03:35,005 - INFO - Saved new best model!
2025-04-09 20:03:35,005 - INFO - 
Epoch 52/100
2025-04-09 20:03:35,005 - INFO - Current learning rate: 0.000095
2025-04-09 20:03:51,394 - INFO - Train Loss: 0.0040
2025-04-09 20:03:51,394 - INFO - Train Reg Loss: 12.8284
2025-04-09 20:03:51,394 - INFO - Test Loss: 0.0140
2025-04-09 20:03:51,394 - INFO - Test Reg Loss: 255.9446
2025-04-09 20:03:51,394 - INFO - 
Epoch 53/100
2025-04-09 20:03:51,394 - INFO - Current learning rate: 0.000095
2025-04-09 20:04:07,270 - INFO - Train Loss: 0.0039
2025-04-09 20:04:07,270 - INFO - Train Reg Loss: 12.7688
2025-04-09 20:04:07,270 - INFO - Test Loss: 0.0137
2025-04-09 20:04:07,270 - INFO - Test Reg Loss: 254.7559
2025-04-09 20:04:07,270 - INFO - 
Epoch 54/100
2025-04-09 20:04:07,270 - INFO - Current learning rate: 0.000095
2025-04-09 20:04:22,308 - INFO - Train Loss: 0.0040
2025-04-09 20:04:22,308 - INFO - Train Reg Loss: 12.7100
2025-04-09 20:04:22,308 - INFO - Test Loss: 0.0138
2025-04-09 20:04:22,308 - INFO - Test Reg Loss: 253.5936
2025-04-09 20:04:22,308 - INFO - 
Epoch 55/100
2025-04-09 20:04:22,308 - INFO - Current learning rate: 0.000095
2025-04-09 20:04:37,486 - INFO - Train Loss: 0.0040
2025-04-09 20:04:37,486 - INFO - Train Reg Loss: 12.6519
2025-04-09 20:04:37,486 - INFO - Test Loss: 0.0138
2025-04-09 20:04:37,487 - INFO - Test Reg Loss: 252.4383
2025-04-09 20:04:37,487 - INFO - 
Epoch 56/100
2025-04-09 20:04:37,487 - INFO - Current learning rate: 0.000095
2025-04-09 20:04:52,658 - INFO - Train Loss: 0.0040
2025-04-09 20:04:52,658 - INFO - Train Reg Loss: 12.5943
2025-04-09 20:04:52,658 - INFO - Test Loss: 0.0138
2025-04-09 20:04:52,658 - INFO - Test Reg Loss: 251.2882
2025-04-09 20:04:52,658 - INFO - 
Epoch 57/100
2025-04-09 20:04:52,658 - INFO - Current learning rate: 0.000095
2025-04-09 20:05:08,170 - INFO - Train Loss: 0.0039
2025-04-09 20:05:08,170 - INFO - Train Reg Loss: 12.5374
2025-04-09 20:05:08,170 - INFO - Test Loss: 0.0139
2025-04-09 20:05:08,170 - INFO - Test Reg Loss: 250.1537
2025-04-09 20:05:08,170 - INFO - 
Epoch 58/100
2025-04-09 20:05:08,170 - INFO - Current learning rate: 0.000094
2025-04-09 20:05:23,726 - INFO - Train Loss: 0.0040
2025-04-09 20:05:23,727 - INFO - Train Reg Loss: 12.4810
2025-04-09 20:05:23,727 - INFO - Test Loss: 0.0136
2025-04-09 20:05:23,727 - INFO - Test Reg Loss: 249.0284
2025-04-09 20:05:23,739 - INFO - Saved new best model!
2025-04-09 20:05:23,739 - INFO - 
Epoch 59/100
2025-04-09 20:05:23,739 - INFO - Current learning rate: 0.000094
2025-04-09 20:05:39,275 - INFO - Train Loss: 0.0040
2025-04-09 20:05:39,276 - INFO - Train Reg Loss: 12.4248
2025-04-09 20:05:39,276 - INFO - Test Loss: 0.0141
2025-04-09 20:05:39,276 - INFO - Test Reg Loss: 247.9208
2025-04-09 20:05:39,276 - INFO - 
Epoch 60/100
2025-04-09 20:05:39,276 - INFO - Current learning rate: 0.000094
2025-04-09 20:06:20,639 - INFO - Train Loss: 0.0040
2025-04-09 20:06:20,640 - INFO - Train Reg Loss: 12.3696
2025-04-09 20:06:20,640 - INFO - Test Loss: 0.0139
2025-04-09 20:06:20,640 - INFO - Test Reg Loss: 246.8133
2025-04-09 20:06:20,640 - INFO - 
Epoch 61/100
2025-04-09 20:06:20,640 - INFO - Current learning rate: 0.000094
2025-04-09 20:06:57,000 - INFO - Train Loss: 0.0040
2025-04-09 20:06:57,001 - INFO - Train Reg Loss: 12.3146
2025-04-09 20:06:57,001 - INFO - Test Loss: 0.0141
2025-04-09 20:06:57,001 - INFO - Test Reg Loss: 245.7142
2025-04-09 20:06:57,001 - INFO - 
Epoch 62/100
2025-04-09 20:06:57,001 - INFO - Current learning rate: 0.000094
2025-04-09 20:07:29,268 - INFO - Train Loss: 0.0040
2025-04-09 20:07:29,269 - INFO - Train Reg Loss: 12.2601
2025-04-09 20:07:29,269 - INFO - Test Loss: 0.0138
2025-04-09 20:07:29,269 - INFO - Test Reg Loss: 244.6304
2025-04-09 20:07:29,269 - INFO - 
Epoch 63/100
2025-04-09 20:07:29,269 - INFO - Current learning rate: 0.000094
2025-04-09 20:08:08,079 - INFO - Train Loss: 0.0040
2025-04-09 20:08:08,080 - INFO - Train Reg Loss: 12.2059
2025-04-09 20:08:08,081 - INFO - Test Loss: 0.0138
2025-04-09 20:08:08,081 - INFO - Test Reg Loss: 243.5442
2025-04-09 20:08:08,082 - INFO - 
Epoch 64/100
2025-04-09 20:08:08,082 - INFO - Current learning rate: 0.000094
2025-04-09 20:08:49,436 - INFO - Train Loss: 0.0040
2025-04-09 20:08:49,436 - INFO - Train Reg Loss: 12.1520
2025-04-09 20:08:49,437 - INFO - Test Loss: 0.0137
2025-04-09 20:08:49,437 - INFO - Test Reg Loss: 242.4760
2025-04-09 20:08:49,437 - INFO - 
Epoch 65/100
2025-04-09 20:08:49,437 - INFO - Current learning rate: 0.000094
2025-04-09 20:09:04,598 - INFO - Train Loss: 0.0040
2025-04-09 20:09:04,598 - INFO - Train Reg Loss: 12.0982
2025-04-09 20:09:04,598 - INFO - Test Loss: 0.0137
2025-04-09 20:09:04,598 - INFO - Test Reg Loss: 241.3985
2025-04-09 20:09:04,598 - INFO - 
Epoch 66/100
2025-04-09 20:09:04,598 - INFO - Current learning rate: 0.000094
2025-04-09 20:09:20,951 - INFO - Train Loss: 0.0040
2025-04-09 20:09:20,951 - INFO - Train Reg Loss: 12.0452
2025-04-09 20:09:20,952 - INFO - Test Loss: 0.0139
2025-04-09 20:09:20,952 - INFO - Test Reg Loss: 240.3471
2025-04-09 20:09:20,952 - INFO - 
Epoch 67/100
2025-04-09 20:09:20,952 - INFO - Current learning rate: 0.000094
2025-04-09 20:09:54,917 - INFO - Train Loss: 0.0040
2025-04-09 20:09:54,918 - INFO - Train Reg Loss: 11.9922
2025-04-09 20:09:54,918 - INFO - Test Loss: 0.0142
2025-04-09 20:09:54,918 - INFO - Test Reg Loss: 239.2893
2025-04-09 20:09:54,919 - INFO - 
Epoch 68/100
2025-04-09 20:09:54,919 - INFO - Current learning rate: 0.000094
2025-04-09 20:10:25,825 - INFO - Train Loss: 0.0040
2025-04-09 20:10:25,826 - INFO - Train Reg Loss: 11.9398
2025-04-09 20:10:25,826 - INFO - Test Loss: 0.0137
2025-04-09 20:10:25,826 - INFO - Test Reg Loss: 238.2362
2025-04-09 20:10:25,826 - INFO - 
Epoch 69/100
2025-04-09 20:10:25,826 - INFO - Current learning rate: 0.000093
2025-04-09 20:10:48,063 - INFO - Train Loss: 0.0041
2025-04-09 20:10:48,063 - INFO - Train Reg Loss: 11.8874
2025-04-09 20:10:48,063 - INFO - Test Loss: 0.0136
2025-04-09 20:10:48,064 - INFO - Test Reg Loss: 237.1965
2025-04-09 20:10:48,064 - INFO - 
Epoch 70/100
2025-04-09 20:10:48,064 - INFO - Current learning rate: 0.000093
2025-04-09 20:11:19,447 - INFO - Train Loss: 0.0040
2025-04-09 20:11:19,447 - INFO - Train Reg Loss: 11.8354
2025-04-09 20:11:19,447 - INFO - Test Loss: 0.0136
2025-04-09 20:11:19,447 - INFO - Test Reg Loss: 236.1576
2025-04-09 20:11:19,447 - INFO - 
Epoch 71/100
2025-04-09 20:11:19,448 - INFO - Current learning rate: 0.000093
2025-04-09 20:11:51,488 - INFO - Train Loss: 0.0040
2025-04-09 20:11:51,488 - INFO - Train Reg Loss: 11.7838
2025-04-09 20:11:51,488 - INFO - Test Loss: 0.0137
2025-04-09 20:11:51,488 - INFO - Test Reg Loss: 235.1271
2025-04-09 20:11:51,488 - INFO - 
Epoch 72/100
2025-04-09 20:11:51,488 - INFO - Current learning rate: 0.000093
2025-04-09 20:12:17,387 - INFO - Train Loss: 0.0040
2025-04-09 20:12:17,387 - INFO - Train Reg Loss: 11.7323
2025-04-09 20:12:17,387 - INFO - Test Loss: 0.0141
2025-04-09 20:12:17,387 - INFO - Test Reg Loss: 234.1036
2025-04-09 20:12:17,387 - INFO - 
Epoch 73/100
2025-04-09 20:12:17,387 - INFO - Current learning rate: 0.000093
2025-04-09 20:12:43,156 - INFO - Train Loss: 0.0039
2025-04-09 20:12:43,156 - INFO - Train Reg Loss: 11.6814
2025-04-09 20:12:43,156 - INFO - Test Loss: 0.0135
2025-04-09 20:12:43,156 - INFO - Test Reg Loss: 233.0842
2025-04-09 20:12:43,187 - INFO - Saved new best model!
2025-04-09 20:12:43,188 - INFO - 
Epoch 74/100
2025-04-09 20:12:43,188 - INFO - Current learning rate: 0.000093
2025-04-09 20:13:08,838 - INFO - Train Loss: 0.0040
2025-04-09 20:13:08,838 - INFO - Train Reg Loss: 11.6306
2025-04-09 20:13:08,838 - INFO - Test Loss: 0.0139
2025-04-09 20:13:08,838 - INFO - Test Reg Loss: 232.0709
2025-04-09 20:13:08,838 - INFO - 
Epoch 75/100
2025-04-09 20:13:08,838 - INFO - Current learning rate: 0.000093
2025-04-09 20:13:35,438 - INFO - Train Loss: 0.0040
2025-04-09 20:13:35,438 - INFO - Train Reg Loss: 11.5801
2025-04-09 20:13:35,438 - INFO - Test Loss: 0.0136
2025-04-09 20:13:35,438 - INFO - Test Reg Loss: 231.0601
2025-04-09 20:13:35,438 - INFO - 
Epoch 76/100
2025-04-09 20:13:35,438 - INFO - Current learning rate: 0.000093
2025-04-09 20:14:05,307 - INFO - Train Loss: 0.0040
2025-04-09 20:14:05,307 - INFO - Train Reg Loss: 11.5299
2025-04-09 20:14:05,307 - INFO - Test Loss: 0.0138
2025-04-09 20:14:05,307 - INFO - Test Reg Loss: 230.0633
2025-04-09 20:14:05,307 - INFO - 
Epoch 77/100
2025-04-09 20:14:05,307 - INFO - Current learning rate: 0.000093
2025-04-09 20:14:37,213 - INFO - Train Loss: 0.0041
2025-04-09 20:14:37,214 - INFO - Train Reg Loss: 11.4802
2025-04-09 20:14:37,214 - INFO - Test Loss: 0.0138
2025-04-09 20:14:37,214 - INFO - Test Reg Loss: 229.0713
2025-04-09 20:14:37,214 - INFO - 
Epoch 78/100
2025-04-09 20:14:37,214 - INFO - Current learning rate: 0.000093
2025-04-09 20:15:24,743 - INFO - Train Loss: 0.0041
2025-04-09 20:15:24,799 - INFO - Train Reg Loss: 11.4306
2025-04-09 20:15:24,802 - INFO - Test Loss: 0.0138
2025-04-09 20:15:24,802 - INFO - Test Reg Loss: 228.0774
2025-04-09 20:15:24,802 - INFO - 
Epoch 79/100
2025-04-09 20:15:24,802 - INFO - Current learning rate: 0.000092
2025-04-09 20:16:05,427 - INFO - Train Loss: 0.0042
2025-04-09 20:16:05,427 - INFO - Train Reg Loss: 11.3813
2025-04-09 20:16:05,427 - INFO - Test Loss: 0.0150
2025-04-09 20:16:05,427 - INFO - Test Reg Loss: 227.1011
2025-04-09 20:16:05,427 - INFO - 
Epoch 80/100
2025-04-09 20:16:05,428 - INFO - Current learning rate: 0.000092
2025-04-09 20:16:38,169 - INFO - Train Loss: 0.0041
2025-04-09 20:16:38,170 - INFO - Train Reg Loss: 11.3323
2025-04-09 20:16:38,170 - INFO - Test Loss: 0.0138
2025-04-09 20:16:38,170 - INFO - Test Reg Loss: 226.1129
2025-04-09 20:16:38,170 - INFO - 
Epoch 81/100
2025-04-09 20:16:38,170 - INFO - Current learning rate: 0.000092
2025-04-09 20:17:07,285 - INFO - Train Loss: 0.0041
2025-04-09 20:17:07,285 - INFO - Train Reg Loss: 11.2832
2025-04-09 20:17:07,285 - INFO - Test Loss: 0.0138
2025-04-09 20:17:07,285 - INFO - Test Reg Loss: 225.1395
2025-04-09 20:17:07,285 - INFO - 
Epoch 82/100
2025-04-09 20:17:07,285 - INFO - Current learning rate: 0.000092
2025-04-09 20:17:32,789 - INFO - Train Loss: 0.0041
2025-04-09 20:17:32,789 - INFO - Train Reg Loss: 11.2348
2025-04-09 20:17:32,789 - INFO - Test Loss: 0.0135
2025-04-09 20:17:32,789 - INFO - Test Reg Loss: 224.1683
2025-04-09 20:17:32,815 - INFO - Saved new best model!
2025-04-09 20:17:32,815 - INFO - 
Epoch 83/100
2025-04-09 20:17:32,815 - INFO - Current learning rate: 0.000092
2025-04-09 20:17:58,223 - INFO - Train Loss: 0.0041
2025-04-09 20:17:58,223 - INFO - Train Reg Loss: 11.1868
2025-04-09 20:17:58,223 - INFO - Test Loss: 0.0144
2025-04-09 20:17:58,223 - INFO - Test Reg Loss: 223.2178
2025-04-09 20:17:58,224 - INFO - 
Epoch 84/100
2025-04-09 20:17:58,224 - INFO - Current learning rate: 0.000092
2025-04-09 20:18:23,580 - INFO - Train Loss: 0.0039
2025-04-09 20:18:23,580 - INFO - Train Reg Loss: 11.1389
2025-04-09 20:18:23,580 - INFO - Test Loss: 0.0140
2025-04-09 20:18:23,580 - INFO - Test Reg Loss: 222.2557
2025-04-09 20:18:23,580 - INFO - 
Epoch 85/100
2025-04-09 20:18:23,580 - INFO - Current learning rate: 0.000092
2025-04-09 20:18:48,897 - INFO - Train Loss: 0.0041
2025-04-09 20:18:48,897 - INFO - Train Reg Loss: 11.0913
2025-04-09 20:18:48,897 - INFO - Test Loss: 0.0139
2025-04-09 20:18:48,897 - INFO - Test Reg Loss: 221.3036
2025-04-09 20:18:48,897 - INFO - 
Epoch 86/100
2025-04-09 20:18:48,897 - INFO - Current learning rate: 0.000092
2025-04-09 20:19:14,246 - INFO - Train Loss: 0.0040
2025-04-09 20:19:14,246 - INFO - Train Reg Loss: 11.0441
2025-04-09 20:19:14,246 - INFO - Test Loss: 0.0138
2025-04-09 20:19:14,246 - INFO - Test Reg Loss: 220.3583
2025-04-09 20:19:14,246 - INFO - 
Epoch 87/100
2025-04-09 20:19:14,246 - INFO - Current learning rate: 0.000092
2025-04-09 20:19:46,593 - INFO - Train Loss: 0.0039
2025-04-09 20:19:46,593 - INFO - Train Reg Loss: 10.9973
2025-04-09 20:19:46,593 - INFO - Test Loss: 0.0138
2025-04-09 20:19:46,594 - INFO - Test Reg Loss: 219.4242
2025-04-09 20:19:46,594 - INFO - 
Epoch 88/100
2025-04-09 20:19:46,594 - INFO - Current learning rate: 0.000092
2025-04-09 20:20:17,049 - INFO - Train Loss: 0.0040
2025-04-09 20:20:17,049 - INFO - Train Reg Loss: 10.9510
2025-04-09 20:20:17,049 - INFO - Test Loss: 0.0142
2025-04-09 20:20:17,049 - INFO - Test Reg Loss: 218.5046
2025-04-09 20:20:17,049 - INFO - 
Epoch 89/100
2025-04-09 20:20:17,049 - INFO - Current learning rate: 0.000092
2025-04-09 20:20:51,671 - INFO - Train Loss: 0.0041
2025-04-09 20:20:51,672 - INFO - Train Reg Loss: 10.9051
2025-04-09 20:20:51,672 - INFO - Test Loss: 0.0140
2025-04-09 20:20:51,672 - INFO - Test Reg Loss: 217.5860
2025-04-09 20:20:51,672 - INFO - 
Epoch 90/100
2025-04-09 20:20:51,672 - INFO - Current learning rate: 0.000091
2025-04-09 20:21:38,809 - INFO - Train Loss: 0.0040
2025-04-09 20:21:38,809 - INFO - Train Reg Loss: 10.8598
2025-04-09 20:21:38,809 - INFO - Test Loss: 0.0151
2025-04-09 20:21:38,809 - INFO - Test Reg Loss: 216.6835
2025-04-09 20:21:38,810 - INFO - 
Epoch 91/100
2025-04-09 20:21:38,810 - INFO - Current learning rate: 0.000091
2025-04-09 20:22:23,174 - INFO - Train Loss: 0.0041
2025-04-09 20:22:23,174 - INFO - Train Reg Loss: 10.8149
2025-04-09 20:22:23,174 - INFO - Test Loss: 0.0144
2025-04-09 20:22:23,174 - INFO - Test Reg Loss: 215.7822
2025-04-09 20:22:23,174 - INFO - 
Epoch 92/100
2025-04-09 20:22:23,174 - INFO - Current learning rate: 0.000091
2025-04-09 20:23:10,843 - INFO - Train Loss: 0.0041
2025-04-09 20:23:10,844 - INFO - Train Reg Loss: 10.7703
2025-04-09 20:23:10,844 - INFO - Test Loss: 0.0138
2025-04-09 20:23:10,844 - INFO - Test Reg Loss: 214.8995
2025-04-09 20:23:10,844 - INFO - 
Epoch 93/100
2025-04-09 20:23:10,844 - INFO - Current learning rate: 0.000091
2025-04-09 20:23:49,881 - INFO - Train Loss: 0.0040
2025-04-09 20:23:49,882 - INFO - Train Reg Loss: 10.7264
2025-04-09 20:23:49,882 - INFO - Test Loss: 0.0155
2025-04-09 20:23:49,882 - INFO - Test Reg Loss: 214.0212
2025-04-09 20:23:49,882 - INFO - 
Epoch 94/100
2025-04-09 20:23:49,882 - INFO - Current learning rate: 0.000091
2025-04-09 20:24:21,708 - INFO - Train Loss: 0.0042
2025-04-09 20:24:21,708 - INFO - Train Reg Loss: 10.6832
2025-04-09 20:24:21,708 - INFO - Test Loss: 0.0140
2025-04-09 20:24:21,708 - INFO - Test Reg Loss: 213.1461
2025-04-09 20:24:21,708 - INFO - 
Epoch 95/100
2025-04-09 20:24:21,708 - INFO - Current learning rate: 0.000091
2025-04-09 20:24:53,549 - INFO - Train Loss: 0.0039
2025-04-09 20:24:53,549 - INFO - Train Reg Loss: 10.6403
2025-04-09 20:24:53,549 - INFO - Test Loss: 0.0150
2025-04-09 20:24:53,549 - INFO - Test Reg Loss: 212.2967
2025-04-09 20:24:53,549 - INFO - 
Epoch 96/100
2025-04-09 20:24:53,549 - INFO - Current learning rate: 0.000091
2025-04-09 20:25:26,135 - INFO - Train Loss: 0.0042
2025-04-09 20:25:26,135 - INFO - Train Reg Loss: 10.5988
2025-04-09 20:25:26,135 - INFO - Test Loss: 0.0142
2025-04-09 20:25:26,135 - INFO - Test Reg Loss: 211.4626
2025-04-09 20:25:26,136 - INFO - 
Epoch 97/100
2025-04-09 20:25:26,136 - INFO - Current learning rate: 0.000091
2025-04-09 20:25:58,068 - INFO - Train Loss: 0.0040
2025-04-09 20:25:58,068 - INFO - Train Reg Loss: 10.5578
2025-04-09 20:25:58,068 - INFO - Test Loss: 0.0147
2025-04-09 20:25:58,069 - INFO - Test Reg Loss: 210.6434
2025-04-09 20:25:58,069 - INFO - 
Epoch 98/100
2025-04-09 20:25:58,069 - INFO - Current learning rate: 0.000091
2025-04-09 20:26:30,403 - INFO - Train Loss: 0.0040
2025-04-09 20:26:30,404 - INFO - Train Reg Loss: 10.5181
2025-04-09 20:26:30,404 - INFO - Test Loss: 0.0140
2025-04-09 20:26:30,404 - INFO - Test Reg Loss: 209.8493
2025-04-09 20:26:30,404 - INFO - 
Epoch 99/100
2025-04-09 20:26:30,404 - INFO - Current learning rate: 0.000091
2025-04-09 20:27:05,041 - INFO - Train Loss: 0.0043
2025-04-09 20:27:05,041 - INFO - Train Reg Loss: 10.4804
2025-04-09 20:27:05,041 - INFO - Test Loss: 0.0142
2025-04-09 20:27:05,041 - INFO - Test Reg Loss: 209.0863
2025-04-09 20:27:05,041 - INFO - 
Epoch 100/100
2025-04-09 20:27:05,041 - INFO - Current learning rate: 0.000091
2025-04-09 20:27:37,512 - INFO - Train Loss: 0.0041
2025-04-09 20:27:37,513 - INFO - Train Reg Loss: 10.4432
2025-04-09 20:27:37,513 - INFO - Test Loss: 0.0144
2025-04-09 20:27:37,513 - INFO - Test Reg Loss: 208.3495
