2025-04-09 18:48:21,775 - INFO - Using Fast-NN Transformer model
2025-04-09 18:48:21,776 - INFO - Using device: cpu
2025-04-09 18:48:22,377 - INFO - Using device: cpu
2025-04-09 18:48:22,377 - INFO - 
Epoch 1/100
2025-04-09 18:48:22,377 - INFO - Current learning rate: 0.000100
2025-04-09 18:48:37,344 - INFO - Train Loss: 0.1171
2025-04-09 18:48:37,344 - INFO - Train Reg Loss: 105.4481
2025-04-09 18:48:37,344 - INFO - Test Loss: 0.0621
2025-04-09 18:48:37,344 - INFO - Test Reg Loss: 2044.2262
2025-04-09 18:48:37,359 - INFO - Saved new best model!
2025-04-09 18:48:37,359 - INFO - 
Epoch 2/100
2025-04-09 18:48:37,359 - INFO - Current learning rate: 0.000100
2025-04-09 18:48:52,404 - INFO - Train Loss: 0.0240
2025-04-09 18:48:52,405 - INFO - Train Reg Loss: 98.9596
2025-04-09 18:48:52,405 - INFO - Test Loss: 0.0481
2025-04-09 18:48:52,405 - INFO - Test Reg Loss: 1909.7648
2025-04-09 18:48:52,419 - INFO - Saved new best model!
2025-04-09 18:48:52,419 - INFO - 
Epoch 3/100
2025-04-09 18:48:52,419 - INFO - Current learning rate: 0.000100
2025-04-09 18:49:07,185 - INFO - Train Loss: 0.0172
2025-04-09 18:49:07,185 - INFO - Train Reg Loss: 92.2347
2025-04-09 18:49:07,185 - INFO - Test Loss: 0.0275
2025-04-09 18:49:07,185 - INFO - Test Reg Loss: 1776.2104
2025-04-09 18:49:07,204 - INFO - Saved new best model!
2025-04-09 18:49:07,204 - INFO - 
Epoch 4/100
2025-04-09 18:49:07,204 - INFO - Current learning rate: 0.000100
2025-04-09 18:49:21,930 - INFO - Train Loss: 0.0153
2025-04-09 18:49:21,930 - INFO - Train Reg Loss: 85.6633
2025-04-09 18:49:21,930 - INFO - Test Loss: 0.0330
2025-04-09 18:49:21,930 - INFO - Test Reg Loss: 1647.5266
2025-04-09 18:49:21,930 - INFO - 
Epoch 5/100
2025-04-09 18:49:21,930 - INFO - Current learning rate: 0.000100
2025-04-09 18:49:36,769 - INFO - Train Loss: 0.0150
2025-04-09 18:49:36,769 - INFO - Train Reg Loss: 79.3943
2025-04-09 18:49:36,769 - INFO - Test Loss: 0.0238
2025-04-09 18:49:36,769 - INFO - Test Reg Loss: 1526.0106
2025-04-09 18:49:36,779 - INFO - Saved new best model!
2025-04-09 18:49:36,779 - INFO - 
Epoch 6/100
2025-04-09 18:49:36,779 - INFO - Current learning rate: 0.000100
2025-04-09 18:49:51,660 - INFO - Train Loss: 0.0150
2025-04-09 18:49:51,660 - INFO - Train Reg Loss: 73.5269
2025-04-09 18:49:51,660 - INFO - Test Loss: 0.0265
2025-04-09 18:49:51,660 - INFO - Test Reg Loss: 1413.2878
2025-04-09 18:49:51,660 - INFO - 
Epoch 7/100
2025-04-09 18:49:51,660 - INFO - Current learning rate: 0.000099
2025-04-09 18:50:06,770 - INFO - Train Loss: 0.0145
2025-04-09 18:50:06,770 - INFO - Train Reg Loss: 68.1215
2025-04-09 18:50:06,770 - INFO - Test Loss: 0.0199
2025-04-09 18:50:06,770 - INFO - Test Reg Loss: 1310.0486
2025-04-09 18:50:06,788 - INFO - Saved new best model!
2025-04-09 18:50:06,788 - INFO - 
Epoch 8/100
2025-04-09 18:50:06,788 - INFO - Current learning rate: 0.000099
2025-04-09 18:50:21,997 - INFO - Train Loss: 0.0107
2025-04-09 18:50:21,997 - INFO - Train Reg Loss: 63.1663
2025-04-09 18:50:21,997 - INFO - Test Loss: 0.0197
2025-04-09 18:50:21,997 - INFO - Test Reg Loss: 1214.9770
2025-04-09 18:50:22,007 - INFO - Saved new best model!
2025-04-09 18:50:22,007 - INFO - 
Epoch 9/100
2025-04-09 18:50:22,007 - INFO - Current learning rate: 0.000099
2025-04-09 18:50:37,364 - INFO - Train Loss: 0.0135
2025-04-09 18:50:37,364 - INFO - Train Reg Loss: 58.5818
2025-04-09 18:50:37,364 - INFO - Test Loss: 0.0236
2025-04-09 18:50:37,364 - INFO - Test Reg Loss: 1126.7099
2025-04-09 18:50:37,364 - INFO - 
Epoch 10/100
2025-04-09 18:50:37,364 - INFO - Current learning rate: 0.000099
2025-04-09 18:50:52,593 - INFO - Train Loss: 0.0100
2025-04-09 18:50:52,593 - INFO - Train Reg Loss: 54.3135
2025-04-09 18:50:52,593 - INFO - Test Loss: 0.0282
2025-04-09 18:50:52,593 - INFO - Test Reg Loss: 1044.3191
2025-04-09 18:50:52,593 - INFO - 
Epoch 11/100
2025-04-09 18:50:52,594 - INFO - Current learning rate: 0.000099
2025-04-09 18:51:07,955 - INFO - Train Loss: 0.0083
2025-04-09 18:51:07,955 - INFO - Train Reg Loss: 50.3241
2025-04-09 18:51:07,955 - INFO - Test Loss: 0.0215
2025-04-09 18:51:07,955 - INFO - Test Reg Loss: 967.2023
2025-04-09 18:51:07,955 - INFO - 
Epoch 12/100
2025-04-09 18:51:07,955 - INFO - Current learning rate: 0.000099
2025-04-09 18:51:23,448 - INFO - Train Loss: 0.0076
2025-04-09 18:51:23,449 - INFO - Train Reg Loss: 46.5898
2025-04-09 18:51:23,449 - INFO - Test Loss: 0.0221
2025-04-09 18:51:23,449 - INFO - Test Reg Loss: 895.0459
2025-04-09 18:51:23,449 - INFO - 
Epoch 13/100
2025-04-09 18:51:23,449 - INFO - Current learning rate: 0.000099
2025-04-09 18:51:39,190 - INFO - Train Loss: 0.0083
2025-04-09 18:51:39,190 - INFO - Train Reg Loss: 43.0982
2025-04-09 18:51:39,190 - INFO - Test Loss: 0.0217
2025-04-09 18:51:39,190 - INFO - Test Reg Loss: 827.6299
2025-04-09 18:51:39,190 - INFO - 
Epoch 14/100
2025-04-09 18:51:39,190 - INFO - Current learning rate: 0.000099
2025-04-09 18:51:54,951 - INFO - Train Loss: 0.0066
2025-04-09 18:51:54,951 - INFO - Train Reg Loss: 39.8369
2025-04-09 18:51:54,951 - INFO - Test Loss: 0.0215
2025-04-09 18:51:54,951 - INFO - Test Reg Loss: 764.7374
2025-04-09 18:51:54,951 - INFO - 
Epoch 15/100
2025-04-09 18:51:54,951 - INFO - Current learning rate: 0.000099
2025-04-09 18:52:10,554 - INFO - Train Loss: 0.0061
2025-04-09 18:52:10,554 - INFO - Train Reg Loss: 36.7995
2025-04-09 18:52:10,554 - INFO - Test Loss: 0.0177
2025-04-09 18:52:10,554 - INFO - Test Reg Loss: 706.2424
2025-04-09 18:52:10,588 - INFO - Saved new best model!
2025-04-09 18:52:10,588 - INFO - 
Epoch 16/100
2025-04-09 18:52:10,588 - INFO - Current learning rate: 0.000099
2025-04-09 18:52:26,191 - INFO - Train Loss: 0.0066
2025-04-09 18:52:26,192 - INFO - Train Reg Loss: 33.9807
2025-04-09 18:52:26,192 - INFO - Test Loss: 0.0179
2025-04-09 18:52:26,192 - INFO - Test Reg Loss: 652.0761
2025-04-09 18:52:26,192 - INFO - 
Epoch 17/100
2025-04-09 18:52:26,192 - INFO - Current learning rate: 0.000098
2025-04-09 18:52:41,821 - INFO - Train Loss: 0.0053
2025-04-09 18:52:41,821 - INFO - Train Reg Loss: 31.3749
2025-04-09 18:52:41,821 - INFO - Test Loss: 0.0168
2025-04-09 18:52:41,821 - INFO - Test Reg Loss: 602.1236
2025-04-09 18:52:41,836 - INFO - Saved new best model!
2025-04-09 18:52:41,836 - INFO - 
Epoch 18/100
2025-04-09 18:52:41,836 - INFO - Current learning rate: 0.000098
2025-04-09 18:52:57,397 - INFO - Train Loss: 0.0054
2025-04-09 18:52:57,397 - INFO - Train Reg Loss: 28.9784
2025-04-09 18:52:57,397 - INFO - Test Loss: 0.0173
2025-04-09 18:52:57,397 - INFO - Test Reg Loss: 556.3179
2025-04-09 18:52:57,397 - INFO - 
Epoch 19/100
2025-04-09 18:52:57,397 - INFO - Current learning rate: 0.000098
2025-04-09 18:53:13,142 - INFO - Train Loss: 0.0051
2025-04-09 18:53:13,142 - INFO - Train Reg Loss: 26.7862
2025-04-09 18:53:13,142 - INFO - Test Loss: 0.0161
2025-04-09 18:53:13,142 - INFO - Test Reg Loss: 514.5563
2025-04-09 18:53:13,154 - INFO - Saved new best model!
2025-04-09 18:53:13,154 - INFO - 
Epoch 20/100
2025-04-09 18:53:13,154 - INFO - Current learning rate: 0.000098
2025-04-09 18:53:28,785 - INFO - Train Loss: 0.0048
2025-04-09 18:53:28,785 - INFO - Train Reg Loss: 24.7957
2025-04-09 18:53:28,785 - INFO - Test Loss: 0.0161
2025-04-09 18:53:28,785 - INFO - Test Reg Loss: 476.8094
2025-04-09 18:53:28,796 - INFO - Saved new best model!
2025-04-09 18:53:28,796 - INFO - 
Epoch 21/100
2025-04-09 18:53:28,796 - INFO - Current learning rate: 0.000098
2025-04-09 18:53:44,532 - INFO - Train Loss: 0.0047
2025-04-09 18:53:44,532 - INFO - Train Reg Loss: 23.0057
2025-04-09 18:53:44,532 - INFO - Test Loss: 0.0153
2025-04-09 18:53:44,532 - INFO - Test Reg Loss: 443.0759
2025-04-09 18:53:44,547 - INFO - Saved new best model!
2025-04-09 18:53:44,547 - INFO - 
Epoch 22/100
2025-04-09 18:53:44,547 - INFO - Current learning rate: 0.000098
2025-04-09 18:54:00,223 - INFO - Train Loss: 0.0046
2025-04-09 18:54:00,223 - INFO - Train Reg Loss: 21.4157
2025-04-09 18:54:00,223 - INFO - Test Loss: 0.0160
2025-04-09 18:54:00,223 - INFO - Test Reg Loss: 413.3202
2025-04-09 18:54:00,223 - INFO - 
Epoch 23/100
2025-04-09 18:54:00,223 - INFO - Current learning rate: 0.000098
2025-04-09 18:54:15,945 - INFO - Train Loss: 0.0044
2025-04-09 18:54:15,946 - INFO - Train Reg Loss: 20.0238
2025-04-09 18:54:15,946 - INFO - Test Loss: 0.0153
2025-04-09 18:54:15,946 - INFO - Test Reg Loss: 387.5150
2025-04-09 18:54:15,956 - INFO - Saved new best model!
2025-04-09 18:54:15,956 - INFO - 
Epoch 24/100
2025-04-09 18:54:15,956 - INFO - Current learning rate: 0.000098
2025-04-09 18:54:31,658 - INFO - Train Loss: 0.0042
2025-04-09 18:54:31,658 - INFO - Train Reg Loss: 18.8291
2025-04-09 18:54:31,659 - INFO - Test Loss: 0.0159
2025-04-09 18:54:31,659 - INFO - Test Reg Loss: 365.6498
2025-04-09 18:54:31,659 - INFO - 
Epoch 25/100
2025-04-09 18:54:31,659 - INFO - Current learning rate: 0.000098
2025-04-09 18:54:47,408 - INFO - Train Loss: 0.0042
2025-04-09 18:54:47,408 - INFO - Train Reg Loss: 17.8317
2025-04-09 18:54:47,408 - INFO - Test Loss: 0.0150
2025-04-09 18:54:47,408 - INFO - Test Reg Loss: 347.7327
2025-04-09 18:54:47,450 - INFO - Saved new best model!
2025-04-09 18:54:47,450 - INFO - 
Epoch 26/100
2025-04-09 18:54:47,450 - INFO - Current learning rate: 0.000098
2025-04-09 18:55:03,469 - INFO - Train Loss: 0.0043
2025-04-09 18:55:03,470 - INFO - Train Reg Loss: 17.0318
2025-04-09 18:55:03,470 - INFO - Test Loss: 0.0155
2025-04-09 18:55:03,470 - INFO - Test Reg Loss: 333.7708
2025-04-09 18:55:03,470 - INFO - 
Epoch 27/100
2025-04-09 18:55:03,470 - INFO - Current learning rate: 0.000097
2025-04-09 18:55:19,771 - INFO - Train Loss: 0.0041
2025-04-09 18:55:19,771 - INFO - Train Reg Loss: 16.4256
2025-04-09 18:55:19,771 - INFO - Test Loss: 0.0144
2025-04-09 18:55:19,772 - INFO - Test Reg Loss: 323.3856
2025-04-09 18:55:19,783 - INFO - Saved new best model!
2025-04-09 18:55:19,783 - INFO - 
Epoch 28/100
2025-04-09 18:55:19,783 - INFO - Current learning rate: 0.000097
2025-04-09 18:55:36,376 - INFO - Train Loss: 0.0041
2025-04-09 18:55:36,376 - INFO - Train Reg Loss: 15.9613
2025-04-09 18:55:36,376 - INFO - Test Loss: 0.0145
2025-04-09 18:55:36,376 - INFO - Test Reg Loss: 315.0744
2025-04-09 18:55:36,376 - INFO - 
Epoch 29/100
2025-04-09 18:55:36,376 - INFO - Current learning rate: 0.000097
2025-04-09 18:55:53,033 - INFO - Train Loss: 0.0042
2025-04-09 18:55:53,033 - INFO - Train Reg Loss: 15.5803
2025-04-09 18:55:53,033 - INFO - Test Loss: 0.0148
2025-04-09 18:55:53,033 - INFO - Test Reg Loss: 308.1110
2025-04-09 18:55:53,033 - INFO - 
Epoch 30/100
2025-04-09 18:55:53,033 - INFO - Current learning rate: 0.000097
2025-04-09 18:56:09,794 - INFO - Train Loss: 0.0040
2025-04-09 18:56:09,794 - INFO - Train Reg Loss: 15.2590
2025-04-09 18:56:09,794 - INFO - Test Loss: 0.0145
2025-04-09 18:56:09,794 - INFO - Test Reg Loss: 302.2292
2025-04-09 18:56:09,794 - INFO - 
Epoch 31/100
2025-04-09 18:56:09,794 - INFO - Current learning rate: 0.000097
2025-04-09 18:56:26,517 - INFO - Train Loss: 0.0040
2025-04-09 18:56:26,517 - INFO - Train Reg Loss: 14.9877
2025-04-09 18:56:26,517 - INFO - Test Loss: 0.0139
2025-04-09 18:56:26,517 - INFO - Test Reg Loss: 297.2615
2025-04-09 18:56:26,532 - INFO - Saved new best model!
2025-04-09 18:56:26,532 - INFO - 
Epoch 32/100
2025-04-09 18:56:26,532 - INFO - Current learning rate: 0.000097
2025-04-09 18:56:43,081 - INFO - Train Loss: 0.0041
2025-04-09 18:56:43,081 - INFO - Train Reg Loss: 14.7598
2025-04-09 18:56:43,081 - INFO - Test Loss: 0.0142
2025-04-09 18:56:43,081 - INFO - Test Reg Loss: 293.1199
2025-04-09 18:56:43,081 - INFO - 
Epoch 33/100
2025-04-09 18:56:43,081 - INFO - Current learning rate: 0.000097
2025-04-09 18:57:02,542 - INFO - Train Loss: 0.0040
2025-04-09 18:57:02,542 - INFO - Train Reg Loss: 14.5704
2025-04-09 18:57:02,542 - INFO - Test Loss: 0.0144
2025-04-09 18:57:02,542 - INFO - Test Reg Loss: 289.6723
2025-04-09 18:57:02,542 - INFO - 
Epoch 34/100
2025-04-09 18:57:02,542 - INFO - Current learning rate: 0.000097
2025-04-09 18:57:25,652 - INFO - Train Loss: 0.0039
2025-04-09 18:57:25,652 - INFO - Train Reg Loss: 14.4102
2025-04-09 18:57:25,652 - INFO - Test Loss: 0.0141
2025-04-09 18:57:25,652 - INFO - Test Reg Loss: 286.6827
2025-04-09 18:57:25,652 - INFO - 
Epoch 35/100
2025-04-09 18:57:25,652 - INFO - Current learning rate: 0.000097
2025-04-09 18:57:49,874 - INFO - Train Loss: 0.0040
2025-04-09 18:57:49,874 - INFO - Train Reg Loss: 14.2684
2025-04-09 18:57:49,874 - INFO - Test Loss: 0.0144
2025-04-09 18:57:49,874 - INFO - Test Reg Loss: 284.0098
2025-04-09 18:57:49,874 - INFO - 
Epoch 36/100
2025-04-09 18:57:49,874 - INFO - Current learning rate: 0.000097
2025-04-09 18:58:11,475 - INFO - Train Loss: 0.0039
2025-04-09 18:58:11,476 - INFO - Train Reg Loss: 14.1411
2025-04-09 18:58:11,476 - INFO - Test Loss: 0.0139
2025-04-09 18:58:11,476 - INFO - Test Reg Loss: 281.5844
2025-04-09 18:58:11,476 - INFO - 
Epoch 37/100
2025-04-09 18:58:11,476 - INFO - Current learning rate: 0.000096
2025-04-09 18:58:34,157 - INFO - Train Loss: 0.0039
2025-04-09 18:58:34,157 - INFO - Train Reg Loss: 14.0251
2025-04-09 18:58:34,157 - INFO - Test Loss: 0.0143
2025-04-09 18:58:34,157 - INFO - Test Reg Loss: 279.3655
2025-04-09 18:58:34,157 - INFO - 
Epoch 38/100
2025-04-09 18:58:34,157 - INFO - Current learning rate: 0.000096
2025-04-09 18:58:54,760 - INFO - Train Loss: 0.0039
2025-04-09 18:58:54,760 - INFO - Train Reg Loss: 13.9181
2025-04-09 18:58:54,760 - INFO - Test Loss: 0.0140
2025-04-09 18:58:54,760 - INFO - Test Reg Loss: 277.3077
2025-04-09 18:58:54,760 - INFO - 
Epoch 39/100
2025-04-09 18:58:54,760 - INFO - Current learning rate: 0.000096
2025-04-09 18:59:13,332 - INFO - Train Loss: 0.0039
2025-04-09 18:59:13,332 - INFO - Train Reg Loss: 13.8185
2025-04-09 18:59:13,332 - INFO - Test Loss: 0.0138
2025-04-09 18:59:13,332 - INFO - Test Reg Loss: 275.3795
2025-04-09 18:59:13,360 - INFO - Saved new best model!
2025-04-09 18:59:13,360 - INFO - 
Epoch 40/100
2025-04-09 18:59:13,360 - INFO - Current learning rate: 0.000096
2025-04-09 18:59:31,586 - INFO - Train Loss: 0.0040
2025-04-09 18:59:31,586 - INFO - Train Reg Loss: 13.7252
2025-04-09 18:59:31,587 - INFO - Test Loss: 0.0139
2025-04-09 18:59:31,587 - INFO - Test Reg Loss: 273.5737
2025-04-09 18:59:31,587 - INFO - 
Epoch 41/100
2025-04-09 18:59:31,587 - INFO - Current learning rate: 0.000096
2025-04-09 18:59:49,668 - INFO - Train Loss: 0.0039
2025-04-09 18:59:49,668 - INFO - Train Reg Loss: 13.6374
2025-04-09 18:59:49,668 - INFO - Test Loss: 0.0142
2025-04-09 18:59:49,668 - INFO - Test Reg Loss: 271.8667
2025-04-09 18:59:49,668 - INFO - 
Epoch 42/100
2025-04-09 18:59:49,669 - INFO - Current learning rate: 0.000096
2025-04-09 19:00:07,613 - INFO - Train Loss: 0.0039
2025-04-09 19:00:07,613 - INFO - Train Reg Loss: 13.5538
2025-04-09 19:00:07,613 - INFO - Test Loss: 0.0139
2025-04-09 19:00:07,613 - INFO - Test Reg Loss: 270.2414
2025-04-09 19:00:07,613 - INFO - 
Epoch 43/100
2025-04-09 19:00:07,613 - INFO - Current learning rate: 0.000096
2025-04-09 19:00:25,338 - INFO - Train Loss: 0.0040
2025-04-09 19:00:25,338 - INFO - Train Reg Loss: 13.4745
2025-04-09 19:00:25,338 - INFO - Test Loss: 0.0138
2025-04-09 19:00:25,338 - INFO - Test Reg Loss: 268.6805
2025-04-09 19:00:25,338 - INFO - 
Epoch 44/100
2025-04-09 19:00:25,338 - INFO - Current learning rate: 0.000096
2025-04-09 19:00:43,202 - INFO - Train Loss: 0.0039
2025-04-09 19:00:43,202 - INFO - Train Reg Loss: 13.3982
2025-04-09 19:00:43,202 - INFO - Test Loss: 0.0140
2025-04-09 19:00:43,202 - INFO - Test Reg Loss: 267.1934
2025-04-09 19:00:43,202 - INFO - 
Epoch 45/100
2025-04-09 19:00:43,203 - INFO - Current learning rate: 0.000096
2025-04-09 19:01:01,070 - INFO - Train Loss: 0.0040
2025-04-09 19:01:01,070 - INFO - Train Reg Loss: 13.3250
2025-04-09 19:01:01,070 - INFO - Test Loss: 0.0139
2025-04-09 19:01:01,071 - INFO - Test Reg Loss: 265.7526
2025-04-09 19:01:01,071 - INFO - 
Epoch 46/100
2025-04-09 19:01:01,071 - INFO - Current learning rate: 0.000096
2025-04-09 19:01:19,036 - INFO - Train Loss: 0.0041
2025-04-09 19:01:19,036 - INFO - Train Reg Loss: 13.2541
2025-04-09 19:01:19,036 - INFO - Test Loss: 0.0139
2025-04-09 19:01:19,036 - INFO - Test Reg Loss: 264.3577
2025-04-09 19:01:19,036 - INFO - 
Epoch 47/100
2025-04-09 19:01:19,036 - INFO - Current learning rate: 0.000096
2025-04-09 19:01:36,904 - INFO - Train Loss: 0.0040
2025-04-09 19:01:36,904 - INFO - Train Reg Loss: 13.1854
2025-04-09 19:01:36,904 - INFO - Test Loss: 0.0140
2025-04-09 19:01:36,904 - INFO - Test Reg Loss: 263.0058
2025-04-09 19:01:36,904 - INFO - 
Epoch 48/100
2025-04-09 19:01:36,905 - INFO - Current learning rate: 0.000095
2025-04-09 19:01:54,849 - INFO - Train Loss: 0.0040
2025-04-09 19:01:54,849 - INFO - Train Reg Loss: 13.1185
2025-04-09 19:01:54,849 - INFO - Test Loss: 0.0139
2025-04-09 19:01:54,849 - INFO - Test Reg Loss: 261.6814
2025-04-09 19:01:54,849 - INFO - 
Epoch 49/100
2025-04-09 19:01:54,849 - INFO - Current learning rate: 0.000095
2025-04-09 19:02:13,376 - INFO - Train Loss: 0.0039
2025-04-09 19:02:13,376 - INFO - Train Reg Loss: 13.0531
2025-04-09 19:02:13,376 - INFO - Test Loss: 0.0137
2025-04-09 19:02:13,376 - INFO - Test Reg Loss: 260.3872
2025-04-09 19:02:13,402 - INFO - Saved new best model!
2025-04-09 19:02:13,402 - INFO - 
Epoch 50/100
2025-04-09 19:02:13,402 - INFO - Current learning rate: 0.000095
2025-04-09 19:02:32,181 - INFO - Train Loss: 0.0040
2025-04-09 19:02:32,182 - INFO - Train Reg Loss: 12.9891
2025-04-09 19:02:32,182 - INFO - Test Loss: 0.0141
2025-04-09 19:02:32,182 - INFO - Test Reg Loss: 259.1248
2025-04-09 19:02:32,182 - INFO - 
Epoch 51/100
2025-04-09 19:02:32,182 - INFO - Current learning rate: 0.000095
2025-04-09 19:02:50,561 - INFO - Train Loss: 0.0040
2025-04-09 19:02:50,562 - INFO - Train Reg Loss: 12.9267
2025-04-09 19:02:50,562 - INFO - Test Loss: 0.0138
2025-04-09 19:02:50,562 - INFO - Test Reg Loss: 257.8871
2025-04-09 19:02:50,562 - INFO - 
Epoch 52/100
2025-04-09 19:02:50,562 - INFO - Current learning rate: 0.000095
2025-04-09 19:03:08,983 - INFO - Train Loss: 0.0040
2025-04-09 19:03:08,983 - INFO - Train Reg Loss: 12.8652
2025-04-09 19:03:08,983 - INFO - Test Loss: 0.0140
2025-04-09 19:03:08,983 - INFO - Test Reg Loss: 256.6744
2025-04-09 19:03:08,984 - INFO - 
Epoch 53/100
2025-04-09 19:03:08,984 - INFO - Current learning rate: 0.000095
2025-04-09 19:03:27,505 - INFO - Train Loss: 0.0039
2025-04-09 19:03:27,505 - INFO - Train Reg Loss: 12.8051
2025-04-09 19:03:27,505 - INFO - Test Loss: 0.0142
2025-04-09 19:03:27,505 - INFO - Test Reg Loss: 255.4757
2025-04-09 19:03:27,505 - INFO - 
Epoch 54/100
2025-04-09 19:03:27,506 - INFO - Current learning rate: 0.000095
2025-04-09 19:03:46,246 - INFO - Train Loss: 0.0040
2025-04-09 19:03:46,247 - INFO - Train Reg Loss: 12.7456
2025-04-09 19:03:46,247 - INFO - Test Loss: 0.0136
2025-04-09 19:03:46,247 - INFO - Test Reg Loss: 254.2913
2025-04-09 19:03:46,276 - INFO - Saved new best model!
2025-04-09 19:03:46,277 - INFO - 
Epoch 55/100
2025-04-09 19:03:46,277 - INFO - Current learning rate: 0.000095
2025-04-09 19:04:04,746 - INFO - Train Loss: 0.0039
2025-04-09 19:04:04,747 - INFO - Train Reg Loss: 12.6869
2025-04-09 19:04:04,747 - INFO - Test Loss: 0.0138
2025-04-09 19:04:04,747 - INFO - Test Reg Loss: 253.1305
2025-04-09 19:04:04,747 - INFO - 
Epoch 56/100
2025-04-09 19:04:04,747 - INFO - Current learning rate: 0.000095
2025-04-09 19:04:23,134 - INFO - Train Loss: 0.0039
2025-04-09 19:04:23,134 - INFO - Train Reg Loss: 12.6291
2025-04-09 19:04:23,134 - INFO - Test Loss: 0.0138
2025-04-09 19:04:23,134 - INFO - Test Reg Loss: 251.9742
2025-04-09 19:04:23,135 - INFO - 
Epoch 57/100
2025-04-09 19:04:23,135 - INFO - Current learning rate: 0.000095
2025-04-09 19:04:41,468 - INFO - Train Loss: 0.0041
2025-04-09 19:04:41,469 - INFO - Train Reg Loss: 12.5719
2025-04-09 19:04:41,469 - INFO - Test Loss: 0.0145
2025-04-09 19:04:41,469 - INFO - Test Reg Loss: 250.8526
2025-04-09 19:04:41,469 - INFO - 
Epoch 58/100
2025-04-09 19:04:41,469 - INFO - Current learning rate: 0.000094
2025-04-09 19:04:59,659 - INFO - Train Loss: 0.0039
2025-04-09 19:04:59,659 - INFO - Train Reg Loss: 12.5155
2025-04-09 19:04:59,659 - INFO - Test Loss: 0.0144
2025-04-09 19:04:59,659 - INFO - Test Reg Loss: 249.7153
2025-04-09 19:04:59,659 - INFO - 
Epoch 59/100
2025-04-09 19:04:59,659 - INFO - Current learning rate: 0.000094
2025-04-09 19:05:17,814 - INFO - Train Loss: 0.0040
2025-04-09 19:05:17,814 - INFO - Train Reg Loss: 12.4593
2025-04-09 19:05:17,814 - INFO - Test Loss: 0.0138
2025-04-09 19:05:17,814 - INFO - Test Reg Loss: 248.6013
2025-04-09 19:05:17,814 - INFO - 
Epoch 60/100
2025-04-09 19:05:17,814 - INFO - Current learning rate: 0.000094
2025-04-09 19:05:36,003 - INFO - Train Loss: 0.0039
2025-04-09 19:05:36,003 - INFO - Train Reg Loss: 12.4037
2025-04-09 19:05:36,003 - INFO - Test Loss: 0.0143
2025-04-09 19:05:36,003 - INFO - Test Reg Loss: 247.4896
2025-04-09 19:05:36,003 - INFO - 
Epoch 61/100
2025-04-09 19:05:36,003 - INFO - Current learning rate: 0.000094
2025-04-09 19:05:54,087 - INFO - Train Loss: 0.0039
2025-04-09 19:05:54,087 - INFO - Train Reg Loss: 12.3485
2025-04-09 19:05:54,087 - INFO - Test Loss: 0.0138
2025-04-09 19:05:54,088 - INFO - Test Reg Loss: 246.3885
2025-04-09 19:05:54,088 - INFO - 
Epoch 62/100
2025-04-09 19:05:54,088 - INFO - Current learning rate: 0.000094
2025-04-09 19:06:12,153 - INFO - Train Loss: 0.0039
2025-04-09 19:06:12,153 - INFO - Train Reg Loss: 12.2939
2025-04-09 19:06:12,153 - INFO - Test Loss: 0.0138
2025-04-09 19:06:12,153 - INFO - Test Reg Loss: 245.3053
2025-04-09 19:06:12,153 - INFO - 
Epoch 63/100
2025-04-09 19:06:12,153 - INFO - Current learning rate: 0.000094
2025-04-09 19:06:30,301 - INFO - Train Loss: 0.0040
2025-04-09 19:06:30,302 - INFO - Train Reg Loss: 12.2399
2025-04-09 19:06:30,302 - INFO - Test Loss: 0.0135
2025-04-09 19:06:30,302 - INFO - Test Reg Loss: 244.2252
2025-04-09 19:06:30,324 - INFO - Saved new best model!
2025-04-09 19:06:30,325 - INFO - 
Epoch 64/100
2025-04-09 19:06:30,325 - INFO - Current learning rate: 0.000094
2025-04-09 19:06:48,413 - INFO - Train Loss: 0.0039
2025-04-09 19:06:48,414 - INFO - Train Reg Loss: 12.1860
2025-04-09 19:06:48,414 - INFO - Test Loss: 0.0135
2025-04-09 19:06:48,414 - INFO - Test Reg Loss: 243.1473
2025-04-09 19:06:48,438 - INFO - Saved new best model!
2025-04-09 19:06:48,438 - INFO - 
Epoch 65/100
2025-04-09 19:06:48,438 - INFO - Current learning rate: 0.000094
2025-04-09 19:07:06,517 - INFO - Train Loss: 0.0040
2025-04-09 19:07:06,518 - INFO - Train Reg Loss: 12.1323
2025-04-09 19:07:06,518 - INFO - Test Loss: 0.0139
2025-04-09 19:07:06,518 - INFO - Test Reg Loss: 242.0815
2025-04-09 19:07:06,518 - INFO - 
Epoch 66/100
2025-04-09 19:07:06,518 - INFO - Current learning rate: 0.000094
2025-04-09 19:07:24,688 - INFO - Train Loss: 0.0040
2025-04-09 19:07:24,688 - INFO - Train Reg Loss: 12.0792
2025-04-09 19:07:24,688 - INFO - Test Loss: 0.0140
2025-04-09 19:07:24,688 - INFO - Test Reg Loss: 241.0247
2025-04-09 19:07:24,688 - INFO - 
Epoch 67/100
2025-04-09 19:07:24,688 - INFO - Current learning rate: 0.000094
2025-04-09 19:07:42,765 - INFO - Train Loss: 0.0039
2025-04-09 19:07:42,766 - INFO - Train Reg Loss: 12.0265
2025-04-09 19:07:42,766 - INFO - Test Loss: 0.0136
2025-04-09 19:07:42,766 - INFO - Test Reg Loss: 239.9714
2025-04-09 19:07:42,766 - INFO - 
Epoch 68/100
2025-04-09 19:07:42,766 - INFO - Current learning rate: 0.000094
2025-04-09 19:08:01,432 - INFO - Train Loss: 0.0040
2025-04-09 19:08:01,433 - INFO - Train Reg Loss: 11.9740
2025-04-09 19:08:01,433 - INFO - Test Loss: 0.0136
2025-04-09 19:08:01,433 - INFO - Test Reg Loss: 238.9244
2025-04-09 19:08:01,433 - INFO - 
Epoch 69/100
2025-04-09 19:08:01,433 - INFO - Current learning rate: 0.000093
2025-04-09 19:08:19,868 - INFO - Train Loss: 0.0039
2025-04-09 19:08:19,868 - INFO - Train Reg Loss: 11.9217
2025-04-09 19:08:19,868 - INFO - Test Loss: 0.0136
2025-04-09 19:08:19,868 - INFO - Test Reg Loss: 237.8748
2025-04-09 19:08:19,868 - INFO - 
Epoch 70/100
2025-04-09 19:08:19,868 - INFO - Current learning rate: 0.000093
2025-04-09 19:08:38,392 - INFO - Train Loss: 0.0039
2025-04-09 19:08:38,392 - INFO - Train Reg Loss: 11.8698
2025-04-09 19:08:38,392 - INFO - Test Loss: 0.0140
2025-04-09 19:08:38,392 - INFO - Test Reg Loss: 236.8452
2025-04-09 19:08:38,392 - INFO - 
Epoch 71/100
2025-04-09 19:08:38,392 - INFO - Current learning rate: 0.000093
2025-04-09 19:08:56,864 - INFO - Train Loss: 0.0039
2025-04-09 19:08:56,864 - INFO - Train Reg Loss: 11.8183
2025-04-09 19:08:56,864 - INFO - Test Loss: 0.0139
2025-04-09 19:08:56,864 - INFO - Test Reg Loss: 235.8174
2025-04-09 19:08:56,864 - INFO - 
Epoch 72/100
2025-04-09 19:08:56,864 - INFO - Current learning rate: 0.000093
2025-04-09 19:09:15,653 - INFO - Train Loss: 0.0040
2025-04-09 19:09:15,654 - INFO - Train Reg Loss: 11.7672
2025-04-09 19:09:15,654 - INFO - Test Loss: 0.0150
2025-04-09 19:09:15,654 - INFO - Test Reg Loss: 234.8095
2025-04-09 19:09:15,654 - INFO - 
Epoch 73/100
2025-04-09 19:09:15,654 - INFO - Current learning rate: 0.000093
2025-04-09 19:09:34,238 - INFO - Train Loss: 0.0040
2025-04-09 19:09:34,239 - INFO - Train Reg Loss: 11.7165
2025-04-09 19:09:34,239 - INFO - Test Loss: 0.0134
2025-04-09 19:09:34,239 - INFO - Test Reg Loss: 233.7856
2025-04-09 19:09:34,267 - INFO - Saved new best model!
2025-04-09 19:09:34,267 - INFO - 
Epoch 74/100
2025-04-09 19:09:34,267 - INFO - Current learning rate: 0.000093
2025-04-09 19:09:52,806 - INFO - Train Loss: 0.0041
2025-04-09 19:09:52,807 - INFO - Train Reg Loss: 11.6659
2025-04-09 19:09:52,807 - INFO - Test Loss: 0.0139
2025-04-09 19:09:52,807 - INFO - Test Reg Loss: 232.7774
2025-04-09 19:09:52,807 - INFO - 
Epoch 75/100
2025-04-09 19:09:52,807 - INFO - Current learning rate: 0.000093
2025-04-09 19:10:11,365 - INFO - Train Loss: 0.0040
2025-04-09 19:10:11,365 - INFO - Train Reg Loss: 11.6157
2025-04-09 19:10:11,365 - INFO - Test Loss: 0.0136
2025-04-09 19:10:11,365 - INFO - Test Reg Loss: 231.7693
2025-04-09 19:10:11,365 - INFO - 
Epoch 76/100
2025-04-09 19:10:11,365 - INFO - Current learning rate: 0.000093
2025-04-09 19:10:29,908 - INFO - Train Loss: 0.0039
2025-04-09 19:10:29,909 - INFO - Train Reg Loss: 11.5655
2025-04-09 19:10:29,909 - INFO - Test Loss: 0.0138
2025-04-09 19:10:29,909 - INFO - Test Reg Loss: 230.7704
2025-04-09 19:10:29,909 - INFO - 
Epoch 77/100
2025-04-09 19:10:29,909 - INFO - Current learning rate: 0.000093
2025-04-09 19:10:48,441 - INFO - Train Loss: 0.0040
2025-04-09 19:10:48,442 - INFO - Train Reg Loss: 11.5159
2025-04-09 19:10:48,442 - INFO - Test Loss: 0.0142
2025-04-09 19:10:48,442 - INFO - Test Reg Loss: 229.7859
2025-04-09 19:10:48,442 - INFO - 
Epoch 78/100
2025-04-09 19:10:48,442 - INFO - Current learning rate: 0.000093
