2025-04-08 20:23:18,556 - INFO - Using Fast-NN Transformer model
2025-04-08 20:23:18,557 - INFO - Using device: cpu
2025-04-08 20:23:19,160 - INFO - Using device: cpu
2025-04-08 20:23:19,161 - INFO - 
Epoch 1/10
2025-04-08 20:23:19,161 - INFO - Current learning rate: 0.000100
2025-04-08 20:23:24,441 - INFO - Train Loss: 0.5091
2025-04-08 20:23:24,441 - INFO - Train Reg Loss: 1.6140
2025-04-08 20:23:24,441 - INFO - Test Loss: 0.6126
2025-04-08 20:23:24,441 - INFO - Test Reg Loss: 1.6121
2025-04-08 20:23:24,612 - INFO - Saved new best model!
2025-04-08 20:23:24,612 - INFO - 
Epoch 2/10
2025-04-08 20:23:24,612 - INFO - Current learning rate: 0.000100
2025-04-08 20:23:29,848 - INFO - Train Loss: 0.1340
2025-04-08 20:23:29,848 - INFO - Train Reg Loss: 1.7591
2025-04-08 20:23:29,848 - INFO - Test Loss: 0.7803
2025-04-08 20:23:29,848 - INFO - Test Reg Loss: 1.7571
2025-04-08 20:23:29,848 - INFO - 
Epoch 3/10
2025-04-08 20:23:29,848 - INFO - Current learning rate: 0.000100
2025-04-08 20:23:35,027 - INFO - Train Loss: 0.0928
2025-04-08 20:23:35,027 - INFO - Train Reg Loss: 1.9038
2025-04-08 20:23:35,027 - INFO - Test Loss: 0.2449
2025-04-08 20:23:35,027 - INFO - Test Reg Loss: 1.9017
2025-04-08 20:23:35,279 - INFO - Saved new best model!
2025-04-08 20:23:35,279 - INFO - 
Epoch 4/10
2025-04-08 20:23:35,279 - INFO - Current learning rate: 0.000100
2025-04-08 20:23:40,453 - INFO - Train Loss: 0.0678
2025-04-08 20:23:40,453 - INFO - Train Reg Loss: 2.0581
2025-04-08 20:23:40,453 - INFO - Test Loss: 0.3177
2025-04-08 20:23:40,453 - INFO - Test Reg Loss: 2.0558
2025-04-08 20:23:40,453 - INFO - 
Epoch 5/10
2025-04-08 20:23:40,453 - INFO - Current learning rate: 0.000100
2025-04-08 20:23:45,703 - INFO - Train Loss: 0.0400
2025-04-08 20:23:45,703 - INFO - Train Reg Loss: 2.2245
2025-04-08 20:23:45,703 - INFO - Test Loss: 0.1757
2025-04-08 20:23:45,703 - INFO - Test Reg Loss: 2.2220
2025-04-08 20:23:45,869 - INFO - Saved new best model!
2025-04-08 20:23:45,869 - INFO - 
Epoch 6/10
2025-04-08 20:23:45,869 - INFO - Current learning rate: 0.000100
2025-04-08 20:23:51,159 - INFO - Train Loss: 0.0344
2025-04-08 20:23:51,159 - INFO - Train Reg Loss: 2.3954
2025-04-08 20:23:51,159 - INFO - Test Loss: 0.1363
2025-04-08 20:23:51,159 - INFO - Test Reg Loss: 2.3931
2025-04-08 20:23:51,363 - INFO - Saved new best model!
2025-04-08 20:23:51,363 - INFO - 
Epoch 7/10
2025-04-08 20:23:51,363 - INFO - Current learning rate: 0.000099
2025-04-08 20:23:56,689 - INFO - Train Loss: 0.0320
2025-04-08 20:23:56,689 - INFO - Train Reg Loss: 2.5036
2025-04-08 20:23:56,689 - INFO - Test Loss: 0.1988
2025-04-08 20:23:56,689 - INFO - Test Reg Loss: 2.5014
2025-04-08 20:23:56,689 - INFO - 
Epoch 8/10
2025-04-08 20:23:56,689 - INFO - Current learning rate: 0.000099
2025-04-08 20:24:01,982 - INFO - Train Loss: 0.0330
2025-04-08 20:24:01,982 - INFO - Train Reg Loss: 2.6253
2025-04-08 20:24:01,982 - INFO - Test Loss: 0.2222
2025-04-08 20:24:01,982 - INFO - Test Reg Loss: 2.6224
2025-04-08 20:24:01,982 - INFO - 
Epoch 9/10
2025-04-08 20:24:01,982 - INFO - Current learning rate: 0.000099
2025-04-08 20:24:07,741 - INFO - Train Loss: 0.0259
2025-04-08 20:24:07,742 - INFO - Train Reg Loss: 2.7488
2025-04-08 20:24:07,742 - INFO - Test Loss: 0.1862
2025-04-08 20:24:07,742 - INFO - Test Reg Loss: 2.7456
2025-04-08 20:24:07,742 - INFO - 
Epoch 10/10
2025-04-08 20:24:07,742 - INFO - Current learning rate: 0.000099
2025-04-08 20:24:13,317 - INFO - Train Loss: 0.0252
2025-04-08 20:24:13,317 - INFO - Train Reg Loss: 2.9279
2025-04-08 20:24:13,317 - INFO - Test Loss: 0.1522
2025-04-08 20:24:13,317 - INFO - Test Reg Loss: 2.9220
2025-04-08 20:24:13,506 - INFO - 
Evaluating model on test set...
