2025-04-08 20:29:38,810 - INFO - Using standard Transformer model
2025-04-08 20:29:38,810 - INFO - Using device: cpu
2025-04-08 20:29:39,397 - INFO - Using device: cpu
2025-04-08 20:29:39,397 - INFO - 
Epoch 1/10
2025-04-08 20:29:39,397 - INFO - Current learning rate: 0.000100
2025-04-08 20:29:50,301 - INFO - Train Loss: 0.1872
2025-04-08 20:29:50,302 - INFO - Test Loss: 0.1029
2025-04-08 20:29:50,350 - INFO - Saved new best model!
2025-04-08 20:29:50,350 - INFO - 
Epoch 2/10
2025-04-08 20:29:50,350 - INFO - Current learning rate: 0.000100
2025-04-08 20:30:01,264 - INFO - Train Loss: 0.0261
2025-04-08 20:30:01,264 - INFO - Test Loss: 0.0305
2025-04-08 20:30:01,299 - INFO - Saved new best model!
2025-04-08 20:30:01,299 - INFO - 
Epoch 3/10
2025-04-08 20:30:01,299 - INFO - Current learning rate: 0.000100
2025-04-08 20:30:12,360 - INFO - Train Loss: 0.0154
2025-04-08 20:30:12,360 - INFO - Test Loss: 0.0205
2025-04-08 20:30:12,380 - INFO - Saved new best model!
2025-04-08 20:30:12,380 - INFO - 
Epoch 4/10
2025-04-08 20:30:12,380 - INFO - Current learning rate: 0.000100
2025-04-08 20:30:23,586 - INFO - Train Loss: 0.0128
2025-04-08 20:30:23,586 - INFO - Test Loss: 0.0152
2025-04-08 20:30:23,607 - INFO - Saved new best model!
2025-04-08 20:30:23,607 - INFO - 
Epoch 5/10
2025-04-08 20:30:23,607 - INFO - Current learning rate: 0.000100
2025-04-08 20:30:34,965 - INFO - Train Loss: 0.0135
2025-04-08 20:30:34,965 - INFO - Test Loss: 0.0147
2025-04-08 20:30:34,995 - INFO - Saved new best model!
2025-04-08 20:30:34,995 - INFO - 
Epoch 6/10
2025-04-08 20:30:34,995 - INFO - Current learning rate: 0.000100
2025-04-08 20:30:46,297 - INFO - Train Loss: 0.0132
2025-04-08 20:30:46,298 - INFO - Test Loss: 0.0144
2025-04-08 20:30:46,322 - INFO - Saved new best model!
2025-04-08 20:30:46,322 - INFO - 
Epoch 7/10
2025-04-08 20:30:46,322 - INFO - Current learning rate: 0.000099
2025-04-08 20:30:57,656 - INFO - Train Loss: 0.0117
2025-04-08 20:30:57,656 - INFO - Test Loss: 0.0163
2025-04-08 20:30:57,656 - INFO - 
Epoch 8/10
2025-04-08 20:30:57,656 - INFO - Current learning rate: 0.000099
2025-04-08 20:31:09,195 - INFO - Train Loss: 0.0118
2025-04-08 20:31:09,196 - INFO - Test Loss: 0.0171
2025-04-08 20:31:09,196 - INFO - 
Epoch 9/10
2025-04-08 20:31:09,196 - INFO - Current learning rate: 0.000099
2025-04-08 20:31:20,686 - INFO - Train Loss: 0.0117
2025-04-08 20:31:20,686 - INFO - Test Loss: 0.0232
2025-04-08 20:31:20,686 - INFO - 
Epoch 10/10
2025-04-08 20:31:20,686 - INFO - Current learning rate: 0.000099
2025-04-08 20:31:32,202 - INFO - Train Loss: 0.0108
2025-04-08 20:31:32,202 - INFO - Test Loss: 0.0162
2025-04-08 20:31:32,274 - INFO - 
Evaluating model on test set...
