2025-04-09 18:37:55,609 - INFO - Using Fast-NN Transformer model
2025-04-09 18:37:55,610 - INFO - Using device: cpu
2025-04-09 18:37:56,238 - INFO - Using device: cpu
2025-04-09 18:37:56,238 - INFO - 
Epoch 1/10
2025-04-09 18:37:56,238 - INFO - Current learning rate: 0.000100
2025-04-09 18:38:07,274 - INFO - Train Loss: 0.1578
2025-04-09 18:38:07,275 - INFO - Train Reg Loss: 62.7386
2025-04-09 18:38:07,275 - INFO - Test Loss: 0.0901
2025-04-09 18:38:07,275 - INFO - Test Reg Loss: 1225.4422
2025-04-09 18:38:07,289 - INFO - Saved new best model!
2025-04-09 18:38:07,289 - INFO - 
Epoch 2/10
2025-04-09 18:38:07,289 - INFO - Current learning rate: 0.000100
2025-04-09 18:38:18,166 - INFO - Train Loss: 0.0274
2025-04-09 18:38:18,167 - INFO - Train Reg Loss: 59.7959
2025-04-09 18:38:18,167 - INFO - Test Loss: 0.0443
2025-04-09 18:38:18,167 - INFO - Test Reg Loss: 1164.1589
2025-04-09 18:38:18,172 - INFO - Saved new best model!
2025-04-09 18:38:18,172 - INFO - 
Epoch 3/10
2025-04-09 18:38:18,172 - INFO - Current learning rate: 0.000100
2025-04-09 18:38:29,119 - INFO - Train Loss: 0.0184
2025-04-09 18:38:29,120 - INFO - Train Reg Loss: 56.7125
2025-04-09 18:38:29,120 - INFO - Test Loss: 0.0586
2025-04-09 18:38:29,120 - INFO - Test Reg Loss: 1102.5026
2025-04-09 18:38:29,120 - INFO - 
Epoch 4/10
2025-04-09 18:38:29,120 - INFO - Current learning rate: 0.000100
2025-04-09 18:38:40,089 - INFO - Train Loss: 0.0160
2025-04-09 18:38:40,089 - INFO - Train Reg Loss: 53.6632
2025-04-09 18:38:40,089 - INFO - Test Loss: 0.0274
2025-04-09 18:38:40,089 - INFO - Test Reg Loss: 1042.4182
2025-04-09 18:38:40,098 - INFO - Saved new best model!
2025-04-09 18:38:40,098 - INFO - 
Epoch 5/10
2025-04-09 18:38:40,098 - INFO - Current learning rate: 0.000100
2025-04-09 18:38:51,313 - INFO - Train Loss: 0.0146
2025-04-09 18:38:51,314 - INFO - Train Reg Loss: 50.7203
2025-04-09 18:38:51,314 - INFO - Test Loss: 0.0417
2025-04-09 18:38:51,314 - INFO - Test Reg Loss: 984.9367
2025-04-09 18:38:51,314 - INFO - 
Epoch 6/10
2025-04-09 18:38:51,314 - INFO - Current learning rate: 0.000100
2025-04-09 18:39:02,567 - INFO - Train Loss: 0.0149
2025-04-09 18:39:02,567 - INFO - Train Reg Loss: 47.9260
2025-04-09 18:39:02,567 - INFO - Test Loss: 0.0308
2025-04-09 18:39:02,567 - INFO - Test Reg Loss: 930.7252
2025-04-09 18:39:02,567 - INFO - 
Epoch 7/10
2025-04-09 18:39:02,567 - INFO - Current learning rate: 0.000099
2025-04-09 18:39:13,759 - INFO - Train Loss: 0.0146
2025-04-09 18:39:13,759 - INFO - Train Reg Loss: 45.3090
2025-04-09 18:39:13,759 - INFO - Test Loss: 0.0321
2025-04-09 18:39:13,759 - INFO - Test Reg Loss: 880.2369
2025-04-09 18:39:13,759 - INFO - 
Epoch 8/10
2025-04-09 18:39:13,759 - INFO - Current learning rate: 0.000099
2025-04-09 18:39:25,178 - INFO - Train Loss: 0.0142
2025-04-09 18:39:25,178 - INFO - Train Reg Loss: 42.8810
2025-04-09 18:39:25,178 - INFO - Test Loss: 0.0267
2025-04-09 18:39:25,178 - INFO - Test Reg Loss: 833.3084
2025-04-09 18:39:25,183 - INFO - Saved new best model!
2025-04-09 18:39:25,184 - INFO - 
Epoch 9/10
2025-04-09 18:39:25,184 - INFO - Current learning rate: 0.000099
2025-04-09 18:39:36,422 - INFO - Train Loss: 0.0127
2025-04-09 18:39:36,422 - INFO - Train Reg Loss: 40.6383
2025-04-09 18:39:36,422 - INFO - Test Loss: 0.0252
2025-04-09 18:39:36,422 - INFO - Test Reg Loss: 789.7873
2025-04-09 18:39:36,427 - INFO - Saved new best model!
2025-04-09 18:39:36,427 - INFO - 
Epoch 10/10
2025-04-09 18:39:36,427 - INFO - Current learning rate: 0.000099
2025-04-09 18:39:47,659 - INFO - Train Loss: 0.0109
2025-04-09 18:39:47,659 - INFO - Train Reg Loss: 38.6527
2025-04-09 18:39:47,659 - INFO - Test Loss: 0.0243
2025-04-09 18:39:47,659 - INFO - Test Reg Loss: 751.1992
2025-04-09 18:39:47,664 - INFO - Saved new best model!
